#
# There is insufficient memory for the Java Runtime Environment to continue.
# Native memory allocation (malloc) failed to allocate 1371536 bytes for Chunk::new
# Possible reasons:
#   The system is out of physical RAM or swap space
#   The process is running with CompressedOops enabled, and the Java Heap may be blocking the growth of the native heap
# Possible solutions:
#   Reduce memory load on the system
#   Increase physical memory or swap space
#   Check if swap backing store is full
#   Decrease Java heap size (-Xmx/-Xms)
#   Decrease number of Java threads
#   Decrease Java thread stack sizes (-Xss)
#   Set larger code cache with -XX:ReservedCodeCacheSize=
#   JVM is running with Unscaled Compressed Oops mode in which the Java heap is
#     placed in the first 4GB address space. The Java Heap base address is the
#     maximum limit for the native heap growth. Please use -XX:HeapBaseMinAddress
#     to set the Java Heap base and to place the Java Heap above 4GB virtual address.
# This output file may be truncated or incomplete.
#
#  Out of Memory Error (t:/workspace/open/src/hotspot/share/memory/arena.cpp:197), pid=13204, tid=19724
#
# JRE version: Java(TM) SE Runtime Environment (11.0.6+8) (build 11.0.6+8-LTS)
# Java VM: Java HotSpot(TM) 64-Bit Server VM (11.0.6+8-LTS, mixed mode, tiered, compressed oops, g1 gc, windows-amd64)
# No core dump will be written. Minidumps are not enabled by default on client versions of Windows
#

---------------  S U M M A R Y ------------

Command Line: --add-opens=java.base/java.util=ALL-UNNAMED --add-opens=java.base/java.lang=ALL-UNNAMED --add-opens=java.base/java.lang.invoke=ALL-UNNAMED --add-opens=java.prefs/java.util.prefs=ALL-UNNAMED -XX:MaxMetaspaceSize=256m -XX:+HeapDumpOnOutOfMemoryError -Xms256m -Xmx512m -Dfile.encoding=windows-1252 -Duser.country=US -Duser.language=en -Duser.variant org.gradle.launcher.daemon.bootstrap.GradleDaemon 6.0.1

Host: AMD A4-9125 RADEON R3, 4 COMPUTE CORES 2C+2G   , 2 cores, 3G,  Windows 10 , 64 bit Build 18362 (10.0.18362.1110)
Time: Wed Jan 13 21:13:19 2021 Egypt Standard Time elapsed time: 1397 seconds (0d 0h 23m 17s)

---------------  T H R E A D  ---------------

Current thread (0x000002726d6d1800):  JavaThread "C2 CompilerThread0" daemon [_thread_in_native, id=19724, stack(0x000000e394900000,0x000000e394a00000)]


Current CompileTask:
C2:1397499 32103       4       com.android.tools.r8.dex.DexParser::a (1971 bytes)

Stack: [0x000000e394900000,0x000000e394a00000]
Native frames: (J=compiled Java code, j=interpreted, Vv=VM code, C=native code)
V  [jvm.dll+0x63679a]
V  [jvm.dll+0x7755bf]
V  [jvm.dll+0x776c65]
V  [jvm.dll+0x7772d3]
V  [jvm.dll+0x25e7f8]
V  [jvm.dll+0xc1c01]
V  [jvm.dll+0xc219c]
V  [jvm.dll+0x36d977]
V  [jvm.dll+0x33a7b3]
V  [jvm.dll+0x339b8a]
V  [jvm.dll+0x218355]
V  [jvm.dll+0x2174fa]
V  [jvm.dll+0x193a2c]
V  [jvm.dll+0x226544]
V  [jvm.dll+0x224b28]
V  [jvm.dll+0x73a9c5]
V  [jvm.dll+0x733905]
V  [jvm.dll+0x635846]
C  [ucrtbase.dll+0x210b2]
C  [KERNEL32.DLL+0x17c24]
C  [ntdll.dll+0x6d4d1]


---------------  P R O C E S S  ---------------

Threads class SMR info:
_java_thread_list=0x000002727ef8c990, length=50, elements={
0x0000027252f47000, 0x000002726d6b1800, 0x000002726d6b4800, 0x000002726d6cf800,
0x000002726d6d0800, 0x000002726d6d1800, 0x000002726d6d5000, 0x000002726d6ea000,
0x000002726e17c800, 0x000002726e1b5800, 0x000002726f77a000, 0x000002726e2aa000,
0x000002726ebed800, 0x000002726fc95800, 0x000002726fc96000, 0x000002726fc97000,
0x0000027270c1c800, 0x0000027270c1e800, 0x0000027270c1c000, 0x0000027270c1a800,
0x0000027270c1d800, 0x0000027270c18000, 0x0000027270c18800, 0x0000027270c1f000,
0x0000027270c19800, 0x0000027270c21800, 0x0000027270c22800, 0x0000027270c23000,
0x0000027270c24000, 0x0000027270c25800, 0x0000027270c25000, 0x0000027270c20000,
0x0000027270c26800, 0x0000027270c21000, 0x000002726fc97800, 0x00000272782c4000,
0x00000272782bf000, 0x00000272782c5000, 0x00000272782c0000, 0x00000272782c6800,
0x00000272782c2800, 0x00000272782c7800, 0x00000272782c1800, 0x00000272782c9000,
0x00000272782c3800, 0x00000272782ca800, 0x00000272782cc800, 0x00000272782c6000,
0x00000272782c1000, 0x00000272782cb800
}

Java Threads: ( => current thread )
  0x0000027252f47000 JavaThread "main" [_thread_blocked, id=19332, stack(0x000000e393e00000,0x000000e393f00000)]
  0x000002726d6b1800 JavaThread "Reference Handler" daemon [_thread_blocked, id=16664, stack(0x000000e394500000,0x000000e394600000)]
  0x000002726d6b4800 JavaThread "Finalizer" daemon [_thread_blocked, id=21332, stack(0x000000e394600000,0x000000e394700000)]
  0x000002726d6cf800 JavaThread "Signal Dispatcher" daemon [_thread_blocked, id=22132, stack(0x000000e394700000,0x000000e394800000)]
  0x000002726d6d0800 JavaThread "Attach Listener" daemon [_thread_blocked, id=21588, stack(0x000000e394800000,0x000000e394900000)]
=>0x000002726d6d1800 JavaThread "C2 CompilerThread0" daemon [_thread_in_native, id=19724, stack(0x000000e394900000,0x000000e394a00000)]
  0x000002726d6d5000 JavaThread "C1 CompilerThread0" daemon [_thread_blocked, id=23768, stack(0x000000e394a00000,0x000000e394b00000)]
  0x000002726d6ea000 JavaThread "Sweeper thread" daemon [_thread_blocked, id=14004, stack(0x000000e394b00000,0x000000e394c00000)]
  0x000002726e17c800 JavaThread "Common-Cleaner" daemon [_thread_blocked, id=24448, stack(0x000000e394c00000,0x000000e394d00000)]
  0x000002726e1b5800 JavaThread "Service Thread" daemon [_thread_blocked, id=16372, stack(0x000000e394d00000,0x000000e394e00000)]
  0x000002726f77a000 JavaThread "Daemon health stats" [_thread_blocked, id=18748, stack(0x000000e395000000,0x000000e395100000)]
  0x000002726e2aa000 JavaThread "Incoming local TCP Connector on port 58626" [_thread_in_native, id=14784, stack(0x000000e395100000,0x000000e395200000)]
  0x000002726ebed800 JavaThread "Daemon periodic checks" [_thread_blocked, id=19220, stack(0x000000e395200000,0x000000e395300000)]
  0x000002726fc95800 JavaThread "Cache worker for file hash cache (C:\Users\Lenovo\.gradle\caches\6.0.1\fileHashes)" [_thread_blocked, id=24460, stack(0x000000e395a00000,0x000000e395b00000)]
  0x000002726fc96000 JavaThread "File lock request listener" [_thread_in_native, id=4320, stack(0x000000e395b00000,0x000000e395c00000)]
  0x000002726fc97000 JavaThread "Cache worker for journal cache (C:\Users\Lenovo\.gradle\caches\journal-1)" [_thread_blocked, id=24404, stack(0x000000e395c00000,0x000000e395d00000)]
  0x0000027270c1c800 JavaThread "Cache worker for execution history cache (C:\Users\Lenovo\.gradle\caches\6.0.1\executionHistory)" [_thread_blocked, id=3124, stack(0x000000e396200000,0x000000e396300000)]
  0x0000027270c1e800 JavaThread "Memory manager" [_thread_blocked, id=21852, stack(0x000000e393c00000,0x000000e393d00000)]
  0x0000027270c1c000 JavaThread "Daemon Thread 3" [_thread_blocked, id=14356, stack(0x000000e393d00000,0x000000e393e00000)]
  0x0000027270c1a800 JavaThread "Handler for socket connection from /127.0.0.1:58626 to /127.0.0.1:58686" [_thread_in_native, id=22724, stack(0x000000e395300000,0x000000e395400000)]
  0x0000027270c1d800 JavaThread "Cancel handler" [_thread_blocked, id=17432, stack(0x000000e395400000,0x000000e395500000)]
  0x0000027270c18000 JavaThread "Daemon worker Thread 3" [_thread_in_native, id=11520, stack(0x000000e395500000,0x000000e395600000)]
  0x0000027270c18800 JavaThread "Asynchronous log dispatcher for DefaultDaemonConnection: socket connection from /127.0.0.1:58626 to /127.0.0.1:58686" [_thread_blocked, id=24408, stack(0x000000e395600000,0x000000e395700000)]
  0x0000027270c1f000 JavaThread "Stdin handler" [_thread_blocked, id=13092, stack(0x000000e395700000,0x000000e395800000)]
  0x0000027270c19800 JavaThread "Thread-108" [_thread_blocked, id=18496, stack(0x000000e395800000,0x000000e395900000)]
  0x0000027270c21800 JavaThread "Cache worker for file hash cache (F:\react native\app__copy\app_redux\android\.gradle\6.0.1\fileHashes)" [_thread_blocked, id=17620, stack(0x000000e395900000,0x000000e395a00000)]
  0x0000027270c22800 JavaThread "Cache worker for cache directory md-supplier (C:\Users\Lenovo\.gradle\caches\6.0.1\md-supplier)" [_thread_blocked, id=11552, stack(0x000000e395d00000,0x000000e395e00000)]
  0x0000027270c23000 JavaThread "Cache worker for cache directory md-rule (C:\Users\Lenovo\.gradle\caches\6.0.1\md-rule)" [_thread_blocked, id=208, stack(0x000000e395e00000,0x000000e395f00000)]
  0x0000027270c24000 JavaThread "Build operations" [_thread_blocked, id=1052, stack(0x000000e395f00000,0x000000e396000000)]
  0x0000027270c25800 JavaThread "Build operations Thread 2" [_thread_blocked, id=21420, stack(0x000000e396000000,0x000000e396100000)]
  0x0000027270c25000 JavaThread "Cache worker for Build Output Cleanup Cache (F:\react native\app__copy\app_redux\android\.gradle\buildOutputCleanup)" [_thread_blocked, id=20944, stack(0x000000e396100000,0x000000e396200000)]
  0x0000027270c20000 JavaThread "Cache worker for file content cache (C:\Users\Lenovo\.gradle\caches\6.0.1\fileContent)" [_thread_blocked, id=15036, stack(0x000000e396300000,0x000000e396400000)]
  0x0000027270c26800 JavaThread "Cache worker for file content cache (F:\react native\app__copy\app_redux\android\.gradle\6.0.1\fileContent)" [_thread_blocked, id=23792, stack(0x000000e396400000,0x000000e396500000)]
  0x0000027270c21000 JavaThread "Execution worker for ':'" [_thread_blocked, id=24332, stack(0x000000e396500000,0x000000e396600000)]
  0x000002726fc97800 JavaThread "Cache worker for execution history cache (F:\react native\app__copy\app_redux\android\.gradle\6.0.1\executionHistory)" [_thread_blocked, id=11688, stack(0x000000e396600000,0x000000e396700000)]
  0x00000272782c4000 JavaThread "WorkerExecutor Queue" [_thread_blocked, id=17680, stack(0x000000e396700000,0x000000e396800000)]
  0x00000272782bf000 JavaThread "Cache worker for Java compile cache (C:\Users\Lenovo\.gradle\caches\6.0.1\javaCompile)" [_thread_blocked, id=11112, stack(0x000000e396900000,0x000000e396a00000)]
  0x00000272782c5000 JavaThread "Cache worker for Java compile cache (F:\react native\app__copy\app_redux\android\.gradle\6.0.1\javaCompile)" [_thread_blocked, id=9180, stack(0x000000e396a00000,0x000000e396b00000)]
  0x00000272782c0000 JavaThread "RMI Scheduler(0)" daemon [_thread_blocked, id=5780, stack(0x000000e396b00000,0x000000e396c00000)]
  0x00000272782c6800 JavaThread "RMI GC Daemon" daemon [_thread_blocked, id=20916, stack(0x000000e396f00000,0x000000e397000000)]
  0x00000272782c2800 JavaThread "RMI TCP Accept-0" daemon [_thread_in_native, id=20308, stack(0x000000e397000000,0x000000e397100000)]
  0x00000272782c7800 JavaThread "RMI Reaper" [_thread_blocked, id=12548, stack(0x000000e397100000,0x000000e397200000)]
  0x00000272782c1800 JavaThread "pool-9-thread-1" [_thread_blocked, id=21584, stack(0x000000e396c00000,0x000000e396d00000)]
  0x00000272782c9000 JavaThread "stderr" [_thread_in_native, id=23156, stack(0x000000e396e00000,0x000000e396f00000)]
  0x00000272782c3800 JavaThread "stdout" [_thread_in_native, id=6776, stack(0x000000e397300000,0x000000e397400000)]
  0x00000272782ca800 JavaThread "stderr" [_thread_in_native, id=6740, stack(0x000000e397400000,0x000000e397500000)]
  0x00000272782cc800 JavaThread "stdout" [_thread_in_native, id=22164, stack(0x000000e397500000,0x000000e397600000)]
  0x00000272782c6000 JavaThread "WorkerExecutor Queue Thread 5" [_thread_in_Java, id=24056, stack(0x000000e396800000,0x000000e396900000)]
  0x00000272782c1000 JavaThread "ForkJoinPool.commonPool-worker-3" daemon [_thread_blocked, id=5952, stack(0x000000e396d00000,0x000000e396e00000)]
  0x00000272782cb800 JavaThread "ForkJoinPool-9-worker-3" daemon [_thread_blocked, id=20904, stack(0x000000e397200000,0x000000e397300000)]

Other Threads:
  0x000002726d68a800 VMThread "VM Thread" [stack: 0x000000e394400000,0x000000e394500000] [id=11584]
  0x000002726e1c2800 WatcherThread [stack: 0x000000e394e00000,0x000000e394f00000] [id=24500]
  0x0000027252f5b000 GCTaskThread "GC Thread#0" [stack: 0x000000e393f00000,0x000000e394000000] [id=8776]
  0x000002726e3c2800 GCTaskThread "GC Thread#1" [stack: 0x000000e394f00000,0x000000e395000000] [id=23596]
  0x0000027252f6b800 ConcurrentGCThread "G1 Main Marker" [stack: 0x000000e394000000,0x000000e394100000] [id=23960]
  0x0000027252f6e000 ConcurrentGCThread "G1 Conc#0" [stack: 0x000000e394100000,0x000000e394200000] [id=24100]
  0x000002725301d800 ConcurrentGCThread "G1 Refine#0" [stack: 0x000000e394200000,0x000000e394300000] [id=22956]
  0x000002726d526800 ConcurrentGCThread "G1 Young RemSet Sampling" [stack: 0x000000e394300000,0x000000e394400000] [id=16512]

Threads with active compile tasks:
C2 CompilerThread032103       4       com.android.tools.r8.dex.DexParser::a (1971 bytes)

VM state:not at safepoint (normal execution)

VM Mutex/Monitor currently owned by a thread: None

Heap address: 0x00000000e0000000, size: 512 MB, Compressed Oops mode: 32-bit
Narrow klass base: 0x0000000000000000, Narrow klass shift: 3
Compressed class space size: 260046848 Address: 0x0000000100000000

Heap:
 garbage-first heap   total 348160K, used 256988K [0x00000000e0000000, 0x0000000100000000)
  region size 1024K, 45 young (46080K), 3 survivors (3072K)
 Metaspace       used 124802K, capacity 130033K, committed 131200K, reserved 368640K
  class space    used 14871K, capacity 16717K, committed 17024K, reserved 253952K
Heap Regions: E=young(eden), S=young(survivor), O=old, HS=humongous(starts), HC=humongous(continues), CS=collection set, F=free, A=archive, TAMS=top-at-mark-start (previous, next)
|   0|0x00000000e0000000, 0x00000000e00fe9f8, 0x00000000e0100000| 99%| O|  |TAMS 0x00000000e00fe9f8, 0x00000000e0000000| Untracked 
|   1|0x00000000e0100000, 0x00000000e01ff7b8, 0x00000000e0200000| 99%| O|  |TAMS 0x00000000e01ff7b8, 0x00000000e0100000| Untracked 
|   2|0x00000000e0200000, 0x00000000e02fffe8, 0x00000000e0300000| 99%| O|  |TAMS 0x00000000e02fffe8, 0x00000000e0200000| Untracked 
|   3|0x00000000e0300000, 0x00000000e0400000, 0x00000000e0400000|100%|HS|  |TAMS 0x00000000e0400000, 0x00000000e0300000| Complete 
|   4|0x00000000e0400000, 0x00000000e0500000, 0x00000000e0500000|100%|HC|  |TAMS 0x00000000e0500000, 0x00000000e0400000| Complete 
|   5|0x00000000e0500000, 0x00000000e0600000, 0x00000000e0600000|100%|HC|  |TAMS 0x00000000e0600000, 0x00000000e0500000| Complete 
|   6|0x00000000e0600000, 0x00000000e06ffff8, 0x00000000e0700000| 99%| O|  |TAMS 0x00000000e06ffff8, 0x00000000e0600000| Untracked 
|   7|0x00000000e0700000, 0x00000000e07fff18, 0x00000000e0800000| 99%| O|  |TAMS 0x00000000e07fff18, 0x00000000e0700000| Untracked 
|   8|0x00000000e0800000, 0x00000000e08fffe0, 0x00000000e0900000| 99%| O|  |TAMS 0x00000000e08fffe0, 0x00000000e0800000| Untracked 
|   9|0x00000000e0900000, 0x00000000e09f5998, 0x00000000e0a00000| 95%| O|  |TAMS 0x00000000e09f5998, 0x00000000e0900000| Untracked 
|  10|0x00000000e0a00000, 0x00000000e0affff8, 0x00000000e0b00000| 99%| O|  |TAMS 0x00000000e0affff8, 0x00000000e0a00000| Untracked 
|  11|0x00000000e0b00000, 0x00000000e0bffff0, 0x00000000e0c00000| 99%| O|  |TAMS 0x00000000e0bffff0, 0x00000000e0b00000| Untracked 
|  12|0x00000000e0c00000, 0x00000000e0cffff8, 0x00000000e0d00000| 99%| O|  |TAMS 0x00000000e0cffff8, 0x00000000e0c00000| Untracked 
|  13|0x00000000e0d00000, 0x00000000e0dfffe8, 0x00000000e0e00000| 99%| O|  |TAMS 0x00000000e0dfffe8, 0x00000000e0d00000| Untracked 
|  14|0x00000000e0e00000, 0x00000000e0effff0, 0x00000000e0f00000| 99%| O|  |TAMS 0x00000000e0effff0, 0x00000000e0e00000| Untracked 
|  15|0x00000000e0f00000, 0x00000000e0fffff8, 0x00000000e1000000| 99%| O|  |TAMS 0x00000000e0fffff8, 0x00000000e0f00000| Untracked 
|  16|0x00000000e1000000, 0x00000000e1100000, 0x00000000e1100000|100%| O|  |TAMS 0x00000000e1000000, 0x00000000e1000000| Untracked 
|  17|0x00000000e1100000, 0x00000000e11fffc0, 0x00000000e1200000| 99%| O|  |TAMS 0x00000000e11fffc0, 0x00000000e1100000| Untracked 
|  18|0x00000000e1200000, 0x00000000e12ffff0, 0x00000000e1300000| 99%| O|  |TAMS 0x00000000e12ffff0, 0x00000000e1200000| Untracked 
|  19|0x00000000e1300000, 0x00000000e13ffff8, 0x00000000e1400000| 99%| O|  |TAMS 0x00000000e13ffff8, 0x00000000e1300000| Untracked 
|  20|0x00000000e1400000, 0x00000000e14c7bb0, 0x00000000e1500000| 78%| O|  |TAMS 0x00000000e14c7bb0, 0x00000000e1400000| Untracked 
|  21|0x00000000e1500000, 0x00000000e15ffa98, 0x00000000e1600000| 99%| O|  |TAMS 0x00000000e15ffa98, 0x00000000e1500000| Untracked 
|  22|0x00000000e1600000, 0x00000000e1700000, 0x00000000e1700000|100%|HS|  |TAMS 0x00000000e1700000, 0x00000000e1600000| Complete 
|  23|0x00000000e1700000, 0x00000000e1800000, 0x00000000e1800000|100%|HC|  |TAMS 0x00000000e1800000, 0x00000000e1700000| Complete 
|  24|0x00000000e1800000, 0x00000000e1900000, 0x00000000e1900000|100%| O|  |TAMS 0x00000000e1900000, 0x00000000e1800000| Untracked 
|  25|0x00000000e1900000, 0x00000000e1a00000, 0x00000000e1a00000|100%|HS|  |TAMS 0x00000000e1900000, 0x00000000e1900000| Complete 
|  26|0x00000000e1a00000, 0x00000000e1b00000, 0x00000000e1b00000|100%| O|  |TAMS 0x00000000e1a00000, 0x00000000e1a00000| Untracked 
|  27|0x00000000e1b00000, 0x00000000e1c00000, 0x00000000e1c00000|100%|HS|  |TAMS 0x00000000e1b00000, 0x00000000e1b00000| Complete 
|  28|0x00000000e1c00000, 0x00000000e1cffff0, 0x00000000e1d00000| 99%| O|  |TAMS 0x00000000e1cffff0, 0x00000000e1c00000| Untracked 
|  29|0x00000000e1d00000, 0x00000000e1dfffd8, 0x00000000e1e00000| 99%| O|  |TAMS 0x00000000e1dfffd8, 0x00000000e1d00000| Untracked 
|  30|0x00000000e1e00000, 0x00000000e1f00000, 0x00000000e1f00000|100%| O|  |TAMS 0x00000000e1f00000, 0x00000000e1e00000| Untracked 
|  31|0x00000000e1f00000, 0x00000000e1ffffc8, 0x00000000e2000000| 99%| O|  |TAMS 0x00000000e1ffffc8, 0x00000000e1f00000| Untracked 
|  32|0x00000000e2000000, 0x00000000e20fffb8, 0x00000000e2100000| 99%| O|  |TAMS 0x00000000e20fffb8, 0x00000000e2000000| Untracked 
|  33|0x00000000e2100000, 0x00000000e21fffe8, 0x00000000e2200000| 99%| O|  |TAMS 0x00000000e21fffe8, 0x00000000e2100000| Untracked 
|  34|0x00000000e2200000, 0x00000000e2300000, 0x00000000e2300000|100%| O|  |TAMS 0x00000000e2300000, 0x00000000e2200000| Untracked 
|  35|0x00000000e2300000, 0x00000000e23ffff0, 0x00000000e2400000| 99%| O|  |TAMS 0x00000000e23ffff0, 0x00000000e2300000| Untracked 
|  36|0x00000000e2400000, 0x00000000e24ffff8, 0x00000000e2500000| 99%| O|  |TAMS 0x00000000e24ffff8, 0x00000000e2400000| Untracked 
|  37|0x00000000e2500000, 0x00000000e25ffff0, 0x00000000e2600000| 99%| O|  |TAMS 0x00000000e25ffff0, 0x00000000e2500000| Untracked 
|  38|0x00000000e2600000, 0x00000000e26ffff8, 0x00000000e2700000| 99%| O|  |TAMS 0x00000000e26ffff8, 0x00000000e2600000| Untracked 
|  39|0x00000000e2700000, 0x00000000e27fffe8, 0x00000000e2800000| 99%| O|  |TAMS 0x00000000e27fffe8, 0x00000000e2700000| Untracked 
|  40|0x00000000e2800000, 0x00000000e28fffd8, 0x00000000e2900000| 99%| O|  |TAMS 0x00000000e28fffd8, 0x00000000e2800000| Untracked 
|  41|0x00000000e2900000, 0x00000000e2a00000, 0x00000000e2a00000|100%|HS|  |TAMS 0x00000000e2900000, 0x00000000e2900000| Complete 
|  42|0x00000000e2a00000, 0x00000000e2b00000, 0x00000000e2b00000|100%|HS|  |TAMS 0x00000000e2a00000, 0x00000000e2a00000| Complete 
|  43|0x00000000e2b00000, 0x00000000e2c00000, 0x00000000e2c00000|100%| O|  |TAMS 0x00000000e2c00000, 0x00000000e2b00000| Untracked 
|  44|0x00000000e2c00000, 0x00000000e2d00000, 0x00000000e2d00000|100%| O|  |TAMS 0x00000000e2d00000, 0x00000000e2c00000| Untracked 
|  45|0x00000000e2d00000, 0x00000000e2e00000, 0x00000000e2e00000|100%| O|  |TAMS 0x00000000e2d00000, 0x00000000e2d00000| Untracked 
|  46|0x00000000e2e00000, 0x00000000e2f00000, 0x00000000e2f00000|100%| O|  |TAMS 0x00000000e2e00000, 0x00000000e2e00000| Untracked 
|  47|0x00000000e2f00000, 0x00000000e3000000, 0x00000000e3000000|100%| O|  |TAMS 0x00000000e2f00000, 0x00000000e2f00000| Untracked 
|  48|0x00000000e3000000, 0x00000000e30fffd0, 0x00000000e3100000| 99%| O|  |TAMS 0x00000000e30fffd0, 0x00000000e3000000| Untracked 
|  49|0x00000000e3100000, 0x00000000e3200000, 0x00000000e3200000|100%|HS|  |TAMS 0x00000000e3200000, 0x00000000e3100000| Complete 
|  50|0x00000000e3200000, 0x00000000e3300000, 0x00000000e3300000|100%|HC|  |TAMS 0x00000000e3300000, 0x00000000e3200000| Complete 
|  51|0x00000000e3300000, 0x00000000e3400000, 0x00000000e3400000|100%|HC|  |TAMS 0x00000000e3400000, 0x00000000e3300000| Complete 
|  52|0x00000000e3400000, 0x00000000e3500000, 0x00000000e3500000|100%|HS|  |TAMS 0x00000000e3500000, 0x00000000e3400000| Complete 
|  53|0x00000000e3500000, 0x00000000e3600000, 0x00000000e3600000|100%|HC|  |TAMS 0x00000000e3600000, 0x00000000e3500000| Complete 
|  54|0x00000000e3600000, 0x00000000e3700000, 0x00000000e3700000|100%|HC|  |TAMS 0x00000000e3700000, 0x00000000e3600000| Complete 
|  55|0x00000000e3700000, 0x00000000e3800000, 0x00000000e3800000|100%| O|  |TAMS 0x00000000e3800000, 0x00000000e3700000| Untracked 
|  56|0x00000000e3800000, 0x00000000e3900000, 0x00000000e3900000|100%| O|  |TAMS 0x00000000e3900000, 0x00000000e3800000| Untracked 
|  57|0x00000000e3900000, 0x00000000e3a00000, 0x00000000e3a00000|100%| O|  |TAMS 0x00000000e3900000, 0x00000000e3900000| Untracked 
|  58|0x00000000e3a00000, 0x00000000e3b00000, 0x00000000e3b00000|100%| O|  |TAMS 0x00000000e3a00000, 0x00000000e3a00000| Untracked 
|  59|0x00000000e3b00000, 0x00000000e3bfff90, 0x00000000e3c00000| 99%| O|  |TAMS 0x00000000e3bfff90, 0x00000000e3b00000| Untracked 
|  60|0x00000000e3c00000, 0x00000000e3d00000, 0x00000000e3d00000|100%| O|  |TAMS 0x00000000e3c00000, 0x00000000e3c00000| Untracked 
|  61|0x00000000e3d00000, 0x00000000e3e00000, 0x00000000e3e00000|100%|HS|  |TAMS 0x00000000e3d00000, 0x00000000e3d00000| Complete 
|  62|0x00000000e3e00000, 0x00000000e3f00000, 0x00000000e3f00000|100%| O|  |TAMS 0x00000000e3f00000, 0x00000000e3e00000| Untracked 
|  63|0x00000000e3f00000, 0x00000000e4000000, 0x00000000e4000000|100%| O|  |TAMS 0x00000000e3f00000, 0x00000000e3f00000| Untracked 
|  64|0x00000000e4000000, 0x00000000e40fffe0, 0x00000000e4100000| 99%| O|  |TAMS 0x00000000e40fffe0, 0x00000000e4000000| Untracked 
|  65|0x00000000e4100000, 0x00000000e41ffff0, 0x00000000e4200000| 99%| O|  |TAMS 0x00000000e41ffff0, 0x00000000e4100000| Untracked 
|  66|0x00000000e4200000, 0x00000000e4300000, 0x00000000e4300000|100%| O|  |TAMS 0x00000000e4200000, 0x00000000e4200000| Untracked 
|  67|0x00000000e4300000, 0x00000000e4400000, 0x00000000e4400000|100%|HS|  |TAMS 0x00000000e4400000, 0x00000000e4300000| Complete 
|  68|0x00000000e4400000, 0x00000000e4500000, 0x00000000e4500000|100%|HC|  |TAMS 0x00000000e4500000, 0x00000000e4400000| Complete 
|  69|0x00000000e4500000, 0x00000000e4600000, 0x00000000e4600000|100%|HS|  |TAMS 0x00000000e4600000, 0x00000000e4500000| Complete 
|  70|0x00000000e4600000, 0x00000000e4700000, 0x00000000e4700000|100%|HC|  |TAMS 0x00000000e4700000, 0x00000000e4600000| Complete 
|  71|0x00000000e4700000, 0x00000000e4800000, 0x00000000e4800000|100%|HC|  |TAMS 0x00000000e4800000, 0x00000000e4700000| Complete 
|  72|0x00000000e4800000, 0x00000000e4900000, 0x00000000e4900000|100%| O|  |TAMS 0x00000000e4800000, 0x00000000e4800000| Untracked 
|  73|0x00000000e4900000, 0x00000000e4a00000, 0x00000000e4a00000|100%| O|  |TAMS 0x00000000e4a00000, 0x00000000e4900000| Untracked 
|  74|0x00000000e4a00000, 0x00000000e4affff0, 0x00000000e4b00000| 99%| O|  |TAMS 0x00000000e4affff0, 0x00000000e4a00000| Untracked 
|  75|0x00000000e4b00000, 0x00000000e4c00000, 0x00000000e4c00000|100%| O|  |TAMS 0x00000000e4c00000, 0x00000000e4b00000| Untracked 
|  76|0x00000000e4c00000, 0x00000000e4d00000, 0x00000000e4d00000|100%| O|  |TAMS 0x00000000e4d00000, 0x00000000e4c00000| Untracked 
|  77|0x00000000e4d00000, 0x00000000e4e00000, 0x00000000e4e00000|100%| O|  |TAMS 0x00000000e4e00000, 0x00000000e4d00000| Untracked 
|  78|0x00000000e4e00000, 0x00000000e4f00000, 0x00000000e4f00000|100%| O|  |TAMS 0x00000000e4f00000, 0x00000000e4e00000| Untracked 
|  79|0x00000000e4f00000, 0x00000000e5000000, 0x00000000e5000000|100%| O|  |TAMS 0x00000000e4f00000, 0x00000000e4f00000| Untracked 
|  80|0x00000000e5000000, 0x00000000e5100000, 0x00000000e5100000|100%| O|  |TAMS 0x00000000e5100000, 0x00000000e5000000| Untracked 
|  81|0x00000000e5100000, 0x00000000e5200000, 0x00000000e5200000|100%| O|  |TAMS 0x00000000e5200000, 0x00000000e5100000| Untracked 
|  82|0x00000000e5200000, 0x00000000e5300000, 0x00000000e5300000|100%| O|  |TAMS 0x00000000e5300000, 0x00000000e5200000| Untracked 
|  83|0x00000000e5300000, 0x00000000e5400000, 0x00000000e5400000|100%| O|  |TAMS 0x00000000e5400000, 0x00000000e5300000| Untracked 
|  84|0x00000000e5400000, 0x00000000e5500000, 0x00000000e5500000|100%|HS|  |TAMS 0x00000000e5400000, 0x00000000e5400000| Complete 
|  85|0x00000000e5500000, 0x00000000e5600000, 0x00000000e5600000|100%|HC|  |TAMS 0x00000000e5500000, 0x00000000e5500000| Complete 
|  86|0x00000000e5600000, 0x00000000e5700000, 0x00000000e5700000|100%|HS|  |TAMS 0x00000000e5600000, 0x00000000e5600000| Complete 
|  87|0x00000000e5700000, 0x00000000e5800000, 0x00000000e5800000|100%| O|  |TAMS 0x00000000e5700000, 0x00000000e5700000| Untracked 
|  88|0x00000000e5800000, 0x00000000e5900000, 0x00000000e5900000|100%| O|  |TAMS 0x00000000e5900000, 0x00000000e5800000| Untracked 
|  89|0x00000000e5900000, 0x00000000e5a00000, 0x00000000e5a00000|100%| O|  |TAMS 0x00000000e5a00000, 0x00000000e5900000| Untracked 
|  90|0x00000000e5a00000, 0x00000000e5b00000, 0x00000000e5b00000|100%| O|  |TAMS 0x00000000e5b00000, 0x00000000e5a00000| Untracked 
|  91|0x00000000e5b00000, 0x00000000e5c00000, 0x00000000e5c00000|100%| O|  |TAMS 0x00000000e5c00000, 0x00000000e5b00000| Untracked 
|  92|0x00000000e5c00000, 0x00000000e5d00000, 0x00000000e5d00000|100%| O|  |TAMS 0x00000000e5d00000, 0x00000000e5c00000| Untracked 
|  93|0x00000000e5d00000, 0x00000000e5e00000, 0x00000000e5e00000|100%| O|  |TAMS 0x00000000e5d00000, 0x00000000e5d00000| Untracked 
|  94|0x00000000e5e00000, 0x00000000e5f00000, 0x00000000e5f00000|100%| O|  |TAMS 0x00000000e5f00000, 0x00000000e5e00000| Untracked 
|  95|0x00000000e5f00000, 0x00000000e6000000, 0x00000000e6000000|100%| O|  |TAMS 0x00000000e6000000, 0x00000000e5f00000| Untracked 
|  96|0x00000000e6000000, 0x00000000e6100000, 0x00000000e6100000|100%| O|  |TAMS 0x00000000e6100000, 0x00000000e6000000| Untracked 
|  97|0x00000000e6100000, 0x00000000e6200000, 0x00000000e6200000|100%| O|  |TAMS 0x00000000e6200000, 0x00000000e6100000| Untracked 
|  98|0x00000000e6200000, 0x00000000e6300000, 0x00000000e6300000|100%| O|  |TAMS 0x00000000e6300000, 0x00000000e6200000| Untracked 
|  99|0x00000000e6300000, 0x00000000e6400000, 0x00000000e6400000|100%| O|  |TAMS 0x00000000e6400000, 0x00000000e6300000| Untracked 
| 100|0x00000000e6400000, 0x00000000e6500000, 0x00000000e6500000|100%| O|  |TAMS 0x00000000e6500000, 0x00000000e6400000| Untracked 
| 101|0x00000000e6500000, 0x00000000e6600000, 0x00000000e6600000|100%| O|  |TAMS 0x00000000e6600000, 0x00000000e6500000| Untracked 
| 102|0x00000000e6600000, 0x00000000e6700000, 0x00000000e6700000|100%| O|  |TAMS 0x00000000e6700000, 0x00000000e6600000| Untracked 
| 103|0x00000000e6700000, 0x00000000e6800000, 0x00000000e6800000|100%| O|  |TAMS 0x00000000e6800000, 0x00000000e6700000| Untracked 
| 104|0x00000000e6800000, 0x00000000e6900000, 0x00000000e6900000|100%| O|  |TAMS 0x00000000e6900000, 0x00000000e6800000| Untracked 
| 105|0x00000000e6900000, 0x00000000e6a00000, 0x00000000e6a00000|100%| O|  |TAMS 0x00000000e6a00000, 0x00000000e6900000| Untracked 
| 106|0x00000000e6a00000, 0x00000000e6b00000, 0x00000000e6b00000|100%| O|  |TAMS 0x00000000e6b00000, 0x00000000e6a00000| Untracked 
| 107|0x00000000e6b00000, 0x00000000e6c00000, 0x00000000e6c00000|100%| O|  |TAMS 0x00000000e6c00000, 0x00000000e6b00000| Untracked 
| 108|0x00000000e6c00000, 0x00000000e6d00000, 0x00000000e6d00000|100%|HS|  |TAMS 0x00000000e6c00000, 0x00000000e6c00000| Complete 
| 109|0x00000000e6d00000, 0x00000000e6e00000, 0x00000000e6e00000|100%| O|  |TAMS 0x00000000e6d00000, 0x00000000e6d00000| Untracked 
| 110|0x00000000e6e00000, 0x00000000e6f00000, 0x00000000e6f00000|100%| O|  |TAMS 0x00000000e6e00000, 0x00000000e6e00000| Untracked 
| 111|0x00000000e6f00000, 0x00000000e7000000, 0x00000000e7000000|100%| O|  |TAMS 0x00000000e7000000, 0x00000000e6f00000| Untracked 
| 112|0x00000000e7000000, 0x00000000e7100000, 0x00000000e7100000|100%| O|  |TAMS 0x00000000e7100000, 0x00000000e7000000| Untracked 
| 113|0x00000000e7100000, 0x00000000e7200000, 0x00000000e7200000|100%| O|  |TAMS 0x00000000e7200000, 0x00000000e7100000| Untracked 
| 114|0x00000000e7200000, 0x00000000e7300000, 0x00000000e7300000|100%| O|  |TAMS 0x00000000e7300000, 0x00000000e7200000| Untracked 
| 115|0x00000000e7300000, 0x00000000e7400000, 0x00000000e7400000|100%| O|  |TAMS 0x00000000e7400000, 0x00000000e7300000| Untracked 
| 116|0x00000000e7400000, 0x00000000e7500000, 0x00000000e7500000|100%|HS|  |TAMS 0x00000000e7400000, 0x00000000e7400000| Complete 
| 117|0x00000000e7500000, 0x00000000e7600000, 0x00000000e7600000|100%| O|  |TAMS 0x00000000e7600000, 0x00000000e7500000| Untracked 
| 118|0x00000000e7600000, 0x00000000e7700000, 0x00000000e7700000|100%| O|  |TAMS 0x00000000e7700000, 0x00000000e7600000| Untracked 
| 119|0x00000000e7700000, 0x00000000e7800000, 0x00000000e7800000|100%| O|  |TAMS 0x00000000e7800000, 0x00000000e7700000| Untracked 
| 120|0x00000000e7800000, 0x00000000e7900000, 0x00000000e7900000|100%| O|  |TAMS 0x00000000e7900000, 0x00000000e7800000| Untracked 
| 121|0x00000000e7900000, 0x00000000e7a00000, 0x00000000e7a00000|100%| O|  |TAMS 0x00000000e7a00000, 0x00000000e7900000| Untracked 
| 122|0x00000000e7a00000, 0x00000000e7b00000, 0x00000000e7b00000|100%| O|  |TAMS 0x00000000e7b00000, 0x00000000e7a00000| Untracked 
| 123|0x00000000e7b00000, 0x00000000e7c00000, 0x00000000e7c00000|100%| O|  |TAMS 0x00000000e7c00000, 0x00000000e7b00000| Untracked 
| 124|0x00000000e7c00000, 0x00000000e7d00000, 0x00000000e7d00000|100%| O|  |TAMS 0x00000000e7d00000, 0x00000000e7c00000| Untracked 
| 125|0x00000000e7d00000, 0x00000000e7e00000, 0x00000000e7e00000|100%| O|  |TAMS 0x00000000e7e00000, 0x00000000e7d00000| Untracked 
| 126|0x00000000e7e00000, 0x00000000e7f00000, 0x00000000e7f00000|100%| O|  |TAMS 0x00000000e7f00000, 0x00000000e7e00000| Untracked 
| 127|0x00000000e7f00000, 0x00000000e8000000, 0x00000000e8000000|100%| O|  |TAMS 0x00000000e8000000, 0x00000000e7f00000| Untracked 
| 128|0x00000000e8000000, 0x00000000e8100000, 0x00000000e8100000|100%| O|  |TAMS 0x00000000e8100000, 0x00000000e8000000| Untracked 
| 129|0x00000000e8100000, 0x00000000e8200000, 0x00000000e8200000|100%| O|  |TAMS 0x00000000e8200000, 0x00000000e8100000| Untracked 
| 130|0x00000000e8200000, 0x00000000e8300000, 0x00000000e8300000|100%| O|  |TAMS 0x00000000e8300000, 0x00000000e8200000| Untracked 
| 131|0x00000000e8300000, 0x00000000e8400000, 0x00000000e8400000|100%| O|  |TAMS 0x00000000e8400000, 0x00000000e8300000| Untracked 
| 132|0x00000000e8400000, 0x00000000e8500000, 0x00000000e8500000|100%| O|  |TAMS 0x00000000e8500000, 0x00000000e8400000| Untracked 
| 133|0x00000000e8500000, 0x00000000e8600000, 0x00000000e8600000|100%| O|  |TAMS 0x00000000e8600000, 0x00000000e8500000| Untracked 
| 134|0x00000000e8600000, 0x00000000e8700000, 0x00000000e8700000|100%| O|  |TAMS 0x00000000e8700000, 0x00000000e8600000| Untracked 
| 135|0x00000000e8700000, 0x00000000e8800000, 0x00000000e8800000|100%| O|  |TAMS 0x00000000e8700000, 0x00000000e8700000| Untracked 
| 136|0x00000000e8800000, 0x00000000e8900000, 0x00000000e8900000|100%| O|  |TAMS 0x00000000e8900000, 0x00000000e8800000| Untracked 
| 137|0x00000000e8900000, 0x00000000e8a00000, 0x00000000e8a00000|100%| O|  |TAMS 0x00000000e8a00000, 0x00000000e8900000| Untracked 
| 138|0x00000000e8a00000, 0x00000000e8b00000, 0x00000000e8b00000|100%| O|  |TAMS 0x00000000e8a00000, 0x00000000e8a00000| Untracked 
| 139|0x00000000e8b00000, 0x00000000e8c00000, 0x00000000e8c00000|100%| O|  |TAMS 0x00000000e8c00000, 0x00000000e8b00000| Untracked 
| 140|0x00000000e8c00000, 0x00000000e8d00000, 0x00000000e8d00000|100%| O|  |TAMS 0x00000000e8d00000, 0x00000000e8c00000| Untracked 
| 141|0x00000000e8d00000, 0x00000000e8e00000, 0x00000000e8e00000|100%| O|  |TAMS 0x00000000e8e00000, 0x00000000e8d00000| Untracked 
| 142|0x00000000e8e00000, 0x00000000e8f00000, 0x00000000e8f00000|100%| O|  |TAMS 0x00000000e8f00000, 0x00000000e8e00000| Untracked 
| 143|0x00000000e8f00000, 0x00000000e9000000, 0x00000000e9000000|100%| O|  |TAMS 0x00000000e8f00000, 0x00000000e8f00000| Untracked 
| 144|0x00000000e9000000, 0x00000000e9100000, 0x00000000e9100000|100%| O|  |TAMS 0x00000000e9100000, 0x00000000e9000000| Untracked 
| 145|0x00000000e9100000, 0x00000000e9200000, 0x00000000e9200000|100%| O|  |TAMS 0x00000000e9100000, 0x00000000e9100000| Untracked 
| 146|0x00000000e9200000, 0x00000000e9300000, 0x00000000e9300000|100%|HS|  |TAMS 0x00000000e9200000, 0x00000000e9200000| Complete 
| 147|0x00000000e9300000, 0x00000000e9300000, 0x00000000e9400000|  0%| F|  |TAMS 0x00000000e9300000, 0x00000000e9300000| Untracked 
| 148|0x00000000e9400000, 0x00000000e9500000, 0x00000000e9500000|100%| O|  |TAMS 0x00000000e9500000, 0x00000000e9400000| Untracked 
| 149|0x00000000e9500000, 0x00000000e9600000, 0x00000000e9600000|100%| O|  |TAMS 0x00000000e9600000, 0x00000000e9500000| Untracked 
| 150|0x00000000e9600000, 0x00000000e9700000, 0x00000000e9700000|100%| O|  |TAMS 0x00000000e9700000, 0x00000000e9600000| Untracked 
| 151|0x00000000e9700000, 0x00000000e9800000, 0x00000000e9800000|100%| O|  |TAMS 0x00000000e9800000, 0x00000000e9700000| Untracked 
| 152|0x00000000e9800000, 0x00000000e9900000, 0x00000000e9900000|100%| O|  |TAMS 0x00000000e9800000, 0x00000000e9800000| Untracked 
| 153|0x00000000e9900000, 0x00000000e9a00000, 0x00000000e9a00000|100%|HS|  |TAMS 0x00000000e9900000, 0x00000000e9900000| Complete 
| 154|0x00000000e9a00000, 0x00000000e9b00000, 0x00000000e9b00000|100%|HC|  |TAMS 0x00000000e9a00000, 0x00000000e9a00000| Complete 
| 155|0x00000000e9b00000, 0x00000000e9c00000, 0x00000000e9c00000|100%| O|  |TAMS 0x00000000e9c00000, 0x00000000e9b00000| Untracked 
| 156|0x00000000e9c00000, 0x00000000e9d00000, 0x00000000e9d00000|100%| O|  |TAMS 0x00000000e9d00000, 0x00000000e9c00000| Untracked 
| 157|0x00000000e9d00000, 0x00000000e9e00000, 0x00000000e9e00000|100%| O|  |TAMS 0x00000000e9d00000, 0x00000000e9d00000| Untracked 
| 158|0x00000000e9e00000, 0x00000000e9f00000, 0x00000000e9f00000|100%| O|  |TAMS 0x00000000e9e00000, 0x00000000e9e00000| Untracked 
| 159|0x00000000e9f00000, 0x00000000ea000000, 0x00000000ea000000|100%| O|  |TAMS 0x00000000ea000000, 0x00000000e9f00000| Untracked 
| 160|0x00000000ea000000, 0x00000000ea100000, 0x00000000ea100000|100%| O|  |TAMS 0x00000000ea000000, 0x00000000ea000000| Untracked 
| 161|0x00000000ea100000, 0x00000000ea200000, 0x00000000ea200000|100%| O|  |TAMS 0x00000000ea100000, 0x00000000ea100000| Untracked 
| 162|0x00000000ea200000, 0x00000000ea300000, 0x00000000ea300000|100%| O|  |TAMS 0x00000000ea300000, 0x00000000ea200000| Untracked 
| 163|0x00000000ea300000, 0x00000000ea400000, 0x00000000ea400000|100%| O|  |TAMS 0x00000000ea300000, 0x00000000ea300000| Untracked 
| 164|0x00000000ea400000, 0x00000000ea43c400, 0x00000000ea500000| 23%| O|  |TAMS 0x00000000ea400000, 0x00000000ea400000| Untracked 
| 165|0x00000000ea500000, 0x00000000ea600000, 0x00000000ea600000|100%| O|  |TAMS 0x00000000ea500000, 0x00000000ea500000| Untracked 
| 166|0x00000000ea600000, 0x00000000ea700000, 0x00000000ea700000|100%| O|  |TAMS 0x00000000ea700000, 0x00000000ea600000| Untracked 
| 167|0x00000000ea700000, 0x00000000ea700000, 0x00000000ea800000|  0%| F|  |TAMS 0x00000000ea700000, 0x00000000ea700000| Untracked 
| 168|0x00000000ea800000, 0x00000000ea800000, 0x00000000ea900000|  0%| F|  |TAMS 0x00000000ea800000, 0x00000000ea800000| Untracked 
| 169|0x00000000ea900000, 0x00000000eaa00000, 0x00000000eaa00000|100%|HS|  |TAMS 0x00000000ea900000, 0x00000000ea900000| Complete 
| 170|0x00000000eaa00000, 0x00000000eab00000, 0x00000000eab00000|100%|HC|  |TAMS 0x00000000eaa00000, 0x00000000eaa00000| Complete 
| 171|0x00000000eab00000, 0x00000000eab00000, 0x00000000eac00000|  0%| F|  |TAMS 0x00000000eab00000, 0x00000000eab00000| Untracked 
| 172|0x00000000eac00000, 0x00000000eac00000, 0x00000000ead00000|  0%| F|  |TAMS 0x00000000eac00000, 0x00000000eac00000| Untracked 
| 173|0x00000000ead00000, 0x00000000eae00000, 0x00000000eae00000|100%| O|  |TAMS 0x00000000ead00000, 0x00000000ead00000| Untracked 
| 174|0x00000000eae00000, 0x00000000eaf00000, 0x00000000eaf00000|100%| O|  |TAMS 0x00000000eaf00000, 0x00000000eae00000| Untracked 
| 175|0x00000000eaf00000, 0x00000000eb000000, 0x00000000eb000000|100%| O|  |TAMS 0x00000000eb000000, 0x00000000eaf00000| Untracked 
| 176|0x00000000eb000000, 0x00000000eb100000, 0x00000000eb100000|100%|HS|  |TAMS 0x00000000eb000000, 0x00000000eb000000| Complete 
| 177|0x00000000eb100000, 0x00000000eb200000, 0x00000000eb200000|100%|HC|  |TAMS 0x00000000eb100000, 0x00000000eb100000| Complete 
| 178|0x00000000eb200000, 0x00000000eb200000, 0x00000000eb300000|  0%| F|  |TAMS 0x00000000eb200000, 0x00000000eb200000| Untracked 
| 179|0x00000000eb300000, 0x00000000eb400000, 0x00000000eb400000|100%| O|  |TAMS 0x00000000eb400000, 0x00000000eb300000| Untracked 
| 180|0x00000000eb400000, 0x00000000eb500000, 0x00000000eb500000|100%| O|  |TAMS 0x00000000eb500000, 0x00000000eb400000| Untracked 
| 181|0x00000000eb500000, 0x00000000eb500000, 0x00000000eb600000|  0%| F|  |TAMS 0x00000000eb500000, 0x00000000eb500000| Untracked 
| 182|0x00000000eb600000, 0x00000000eb600000, 0x00000000eb700000|  0%| F|  |TAMS 0x00000000eb600000, 0x00000000eb600000| Untracked 
| 183|0x00000000eb700000, 0x00000000eb800000, 0x00000000eb800000|100%| O|  |TAMS 0x00000000eb800000, 0x00000000eb700000| Untracked 
| 184|0x00000000eb800000, 0x00000000eb900000, 0x00000000eb900000|100%| O|  |TAMS 0x00000000eb900000, 0x00000000eb800000| Untracked 
| 185|0x00000000eb900000, 0x00000000eba00000, 0x00000000eba00000|100%| O|  |TAMS 0x00000000eba00000, 0x00000000eb900000| Untracked 
| 186|0x00000000eba00000, 0x00000000eba00000, 0x00000000ebb00000|  0%| F|  |TAMS 0x00000000eba00000, 0x00000000eba00000| Untracked 
| 187|0x00000000ebb00000, 0x00000000ebb00000, 0x00000000ebc00000|  0%| F|  |TAMS 0x00000000ebb00000, 0x00000000ebb00000| Untracked 
| 188|0x00000000ebc00000, 0x00000000ebc00000, 0x00000000ebd00000|  0%| F|  |TAMS 0x00000000ebc00000, 0x00000000ebc00000| Untracked 
| 189|0x00000000ebd00000, 0x00000000ebd00000, 0x00000000ebe00000|  0%| F|  |TAMS 0x00000000ebd00000, 0x00000000ebd00000| Untracked 
| 190|0x00000000ebe00000, 0x00000000ebe00000, 0x00000000ebf00000|  0%| F|  |TAMS 0x00000000ebe00000, 0x00000000ebe00000| Untracked 
| 191|0x00000000ebf00000, 0x00000000ebf00000, 0x00000000ec000000|  0%| F|  |TAMS 0x00000000ebf00000, 0x00000000ebf00000| Untracked 
| 192|0x00000000ec000000, 0x00000000ec100000, 0x00000000ec100000|100%| O|  |TAMS 0x00000000ec100000, 0x00000000ec000000| Untracked 
| 193|0x00000000ec100000, 0x00000000ec200000, 0x00000000ec200000|100%| O|  |TAMS 0x00000000ec200000, 0x00000000ec100000| Untracked 
| 194|0x00000000ec200000, 0x00000000ec300000, 0x00000000ec300000|100%| O|  |TAMS 0x00000000ec300000, 0x00000000ec200000| Untracked 
| 195|0x00000000ec300000, 0x00000000ec400000, 0x00000000ec400000|100%| O|  |TAMS 0x00000000ec400000, 0x00000000ec300000| Untracked 
| 196|0x00000000ec400000, 0x00000000ec400000, 0x00000000ec500000|  0%| F|  |TAMS 0x00000000ec400000, 0x00000000ec400000| Untracked 
| 197|0x00000000ec500000, 0x00000000ec500000, 0x00000000ec600000|  0%| F|  |TAMS 0x00000000ec500000, 0x00000000ec500000| Untracked 
| 198|0x00000000ec600000, 0x00000000ec600000, 0x00000000ec700000|  0%| F|  |TAMS 0x00000000ec600000, 0x00000000ec600000| Untracked 
| 199|0x00000000ec700000, 0x00000000ec700000, 0x00000000ec800000|  0%| F|  |TAMS 0x00000000ec700000, 0x00000000ec700000| Untracked 
| 200|0x00000000ec800000, 0x00000000ec900000, 0x00000000ec900000|100%| O|  |TAMS 0x00000000ec900000, 0x00000000ec800000| Untracked 
| 201|0x00000000ec900000, 0x00000000eca00000, 0x00000000eca00000|100%| O|  |TAMS 0x00000000eca00000, 0x00000000ec900000| Untracked 
| 202|0x00000000eca00000, 0x00000000ecb00000, 0x00000000ecb00000|100%| O|  |TAMS 0x00000000ecb00000, 0x00000000eca00000| Untracked 
| 203|0x00000000ecb00000, 0x00000000ecc00000, 0x00000000ecc00000|100%| O|  |TAMS 0x00000000ecc00000, 0x00000000ecb00000| Untracked 
| 204|0x00000000ecc00000, 0x00000000ecd00000, 0x00000000ecd00000|100%| O|  |TAMS 0x00000000ecd00000, 0x00000000ecc00000| Untracked 
| 205|0x00000000ecd00000, 0x00000000ece00000, 0x00000000ece00000|100%| O|  |TAMS 0x00000000ece00000, 0x00000000ecd00000| Untracked 
| 206|0x00000000ece00000, 0x00000000ece00000, 0x00000000ecf00000|  0%| F|  |TAMS 0x00000000ece00000, 0x00000000ece00000| Untracked 
| 207|0x00000000ecf00000, 0x00000000ecf00000, 0x00000000ed000000|  0%| F|  |TAMS 0x00000000ecf00000, 0x00000000ecf00000| Untracked 
| 208|0x00000000ed000000, 0x00000000ed000000, 0x00000000ed100000|  0%| F|  |TAMS 0x00000000ed000000, 0x00000000ed000000| Untracked 
| 209|0x00000000ed100000, 0x00000000ed100000, 0x00000000ed200000|  0%| F|  |TAMS 0x00000000ed100000, 0x00000000ed100000| Untracked 
| 210|0x00000000ed200000, 0x00000000ed200000, 0x00000000ed300000|  0%| F|  |TAMS 0x00000000ed200000, 0x00000000ed200000| Untracked 
| 211|0x00000000ed300000, 0x00000000ed400000, 0x00000000ed400000|100%| O|  |TAMS 0x00000000ed400000, 0x00000000ed300000| Untracked 
| 212|0x00000000ed400000, 0x00000000ed400000, 0x00000000ed500000|  0%| F|  |TAMS 0x00000000ed400000, 0x00000000ed400000| Untracked 
| 213|0x00000000ed500000, 0x00000000ed500000, 0x00000000ed600000|  0%| F|  |TAMS 0x00000000ed500000, 0x00000000ed500000| Untracked 
| 214|0x00000000ed600000, 0x00000000ed700000, 0x00000000ed700000|100%| O|  |TAMS 0x00000000ed700000, 0x00000000ed600000| Untracked 
| 215|0x00000000ed700000, 0x00000000ed800000, 0x00000000ed800000|100%| O|  |TAMS 0x00000000ed800000, 0x00000000ed700000| Untracked 
| 216|0x00000000ed800000, 0x00000000ed900000, 0x00000000ed900000|100%| O|  |TAMS 0x00000000ed900000, 0x00000000ed800000| Untracked 
| 217|0x00000000ed900000, 0x00000000eda00000, 0x00000000eda00000|100%| O|  |TAMS 0x00000000eda00000, 0x00000000ed900000| Untracked 
| 218|0x00000000eda00000, 0x00000000eda00000, 0x00000000edb00000|  0%| F|  |TAMS 0x00000000eda00000, 0x00000000eda00000| Untracked 
| 219|0x00000000edb00000, 0x00000000edb00000, 0x00000000edc00000|  0%| F|  |TAMS 0x00000000edb00000, 0x00000000edb00000| Untracked 
| 220|0x00000000edc00000, 0x00000000edd00000, 0x00000000edd00000|100%| O|  |TAMS 0x00000000edd00000, 0x00000000edc00000| Untracked 
| 221|0x00000000edd00000, 0x00000000edd00000, 0x00000000ede00000|  0%| F|  |TAMS 0x00000000edd00000, 0x00000000edd00000| Untracked 
| 222|0x00000000ede00000, 0x00000000ede00000, 0x00000000edf00000|  0%| F|  |TAMS 0x00000000ede00000, 0x00000000ede00000| Untracked 
| 223|0x00000000edf00000, 0x00000000edf00000, 0x00000000ee000000|  0%| F|  |TAMS 0x00000000edf00000, 0x00000000edf00000| Untracked 
| 224|0x00000000ee000000, 0x00000000ee000000, 0x00000000ee100000|  0%| F|  |TAMS 0x00000000ee000000, 0x00000000ee000000| Untracked 
| 225|0x00000000ee100000, 0x00000000ee100000, 0x00000000ee200000|  0%| F|  |TAMS 0x00000000ee100000, 0x00000000ee100000| Untracked 
| 226|0x00000000ee200000, 0x00000000ee200000, 0x00000000ee300000|  0%| F|  |TAMS 0x00000000ee200000, 0x00000000ee200000| Untracked 
| 227|0x00000000ee300000, 0x00000000ee400000, 0x00000000ee400000|100%| O|  |TAMS 0x00000000ee400000, 0x00000000ee300000| Untracked 
| 228|0x00000000ee400000, 0x00000000ee400000, 0x00000000ee500000|  0%| F|  |TAMS 0x00000000ee400000, 0x00000000ee400000| Untracked 
| 229|0x00000000ee500000, 0x00000000ee500000, 0x00000000ee600000|  0%| F|  |TAMS 0x00000000ee500000, 0x00000000ee500000| Untracked 
| 230|0x00000000ee600000, 0x00000000ee600000, 0x00000000ee700000|  0%| F|  |TAMS 0x00000000ee600000, 0x00000000ee600000| Untracked 
| 231|0x00000000ee700000, 0x00000000ee800000, 0x00000000ee800000|100%| O|  |TAMS 0x00000000ee800000, 0x00000000ee700000| Untracked 
| 232|0x00000000ee800000, 0x00000000ee800000, 0x00000000ee900000|  0%| F|  |TAMS 0x00000000ee800000, 0x00000000ee800000| Untracked 
| 233|0x00000000ee900000, 0x00000000ee900000, 0x00000000eea00000|  0%| F|  |TAMS 0x00000000ee900000, 0x00000000ee900000| Untracked 
| 234|0x00000000eea00000, 0x00000000eea00000, 0x00000000eeb00000|  0%| F|  |TAMS 0x00000000eea00000, 0x00000000eea00000| Untracked 
| 235|0x00000000eeb00000, 0x00000000eec00000, 0x00000000eec00000|100%| O|  |TAMS 0x00000000eec00000, 0x00000000eeb00000| Untracked 
| 236|0x00000000eec00000, 0x00000000eec00000, 0x00000000eed00000|  0%| F|  |TAMS 0x00000000eec00000, 0x00000000eec00000| Untracked 
| 237|0x00000000eed00000, 0x00000000eed00000, 0x00000000eee00000|  0%| F|  |TAMS 0x00000000eed00000, 0x00000000eed00000| Untracked 
| 238|0x00000000eee00000, 0x00000000eee00000, 0x00000000eef00000|  0%| F|  |TAMS 0x00000000eee00000, 0x00000000eee00000| Untracked 
| 239|0x00000000eef00000, 0x00000000eef00000, 0x00000000ef000000|  0%| F|  |TAMS 0x00000000eef00000, 0x00000000eef00000| Untracked 
| 240|0x00000000ef000000, 0x00000000ef000000, 0x00000000ef100000|  0%| F|  |TAMS 0x00000000ef000000, 0x00000000ef000000| Untracked 
| 241|0x00000000ef100000, 0x00000000ef100000, 0x00000000ef200000|  0%| F|  |TAMS 0x00000000ef100000, 0x00000000ef100000| Untracked 
| 242|0x00000000ef200000, 0x00000000ef300000, 0x00000000ef300000|100%| O|  |TAMS 0x00000000ef300000, 0x00000000ef200000| Untracked 
| 243|0x00000000ef300000, 0x00000000ef400000, 0x00000000ef400000|100%| O|  |TAMS 0x00000000ef400000, 0x00000000ef300000| Untracked 
| 244|0x00000000ef400000, 0x00000000ef400000, 0x00000000ef500000|  0%| F|  |TAMS 0x00000000ef400000, 0x00000000ef400000| Untracked 
| 245|0x00000000ef500000, 0x00000000ef500000, 0x00000000ef600000|  0%| F|  |TAMS 0x00000000ef500000, 0x00000000ef500000| Untracked 
| 246|0x00000000ef600000, 0x00000000ef600000, 0x00000000ef700000|  0%| F|  |TAMS 0x00000000ef600000, 0x00000000ef600000| Untracked 
| 247|0x00000000ef700000, 0x00000000ef800000, 0x00000000ef800000|100%| O|  |TAMS 0x00000000ef800000, 0x00000000ef700000| Untracked 
| 248|0x00000000ef800000, 0x00000000ef800000, 0x00000000ef900000|  0%| F|  |TAMS 0x00000000ef800000, 0x00000000ef800000| Untracked 
| 249|0x00000000ef900000, 0x00000000ef900000, 0x00000000efa00000|  0%| F|  |TAMS 0x00000000ef900000, 0x00000000ef900000| Untracked 
| 250|0x00000000efa00000, 0x00000000efa00000, 0x00000000efb00000|  0%| F|  |TAMS 0x00000000efa00000, 0x00000000efa00000| Untracked 
| 251|0x00000000efb00000, 0x00000000efb00000, 0x00000000efc00000|  0%| F|  |TAMS 0x00000000efb00000, 0x00000000efb00000| Untracked 
| 252|0x00000000efc00000, 0x00000000efc00000, 0x00000000efd00000|  0%| F|  |TAMS 0x00000000efc00000, 0x00000000efc00000| Untracked 
| 253|0x00000000efd00000, 0x00000000efd00000, 0x00000000efe00000|  0%| F|  |TAMS 0x00000000efd00000, 0x00000000efd00000| Untracked 
| 254|0x00000000efe00000, 0x00000000efe00000, 0x00000000eff00000|  0%| F|  |TAMS 0x00000000efe00000, 0x00000000efe00000| Untracked 
| 255|0x00000000eff00000, 0x00000000eff00000, 0x00000000f0000000|  0%| F|  |TAMS 0x00000000eff00000, 0x00000000eff00000| Untracked 
| 256|0x00000000f0000000, 0x00000000f0000000, 0x00000000f0100000|  0%| F|  |TAMS 0x00000000f0000000, 0x00000000f0000000| Untracked 
| 257|0x00000000f0100000, 0x00000000f0100000, 0x00000000f0200000|  0%| F|  |TAMS 0x00000000f0100000, 0x00000000f0100000| Untracked 
| 258|0x00000000f0200000, 0x00000000f0200000, 0x00000000f0300000|  0%| F|  |TAMS 0x00000000f0200000, 0x00000000f0200000| Untracked 
| 259|0x00000000f0300000, 0x00000000f0300000, 0x00000000f0400000|  0%| F|  |TAMS 0x00000000f0300000, 0x00000000f0300000| Untracked 
| 260|0x00000000f0400000, 0x00000000f0500000, 0x00000000f0500000|100%| O|  |TAMS 0x00000000f0500000, 0x00000000f0400000| Untracked 
| 261|0x00000000f0500000, 0x00000000f0500000, 0x00000000f0600000|  0%| F|  |TAMS 0x00000000f0500000, 0x00000000f0500000| Untracked 
| 262|0x00000000f0600000, 0x00000000f0700000, 0x00000000f0700000|100%| O|  |TAMS 0x00000000f0700000, 0x00000000f0600000| Untracked 
| 263|0x00000000f0700000, 0x00000000f0700000, 0x00000000f0800000|  0%| F|  |TAMS 0x00000000f0700000, 0x00000000f0700000| Untracked 
| 264|0x00000000f0800000, 0x00000000f0800000, 0x00000000f0900000|  0%| F|  |TAMS 0x00000000f0800000, 0x00000000f0800000| Untracked 
| 265|0x00000000f0900000, 0x00000000f0900000, 0x00000000f0a00000|  0%| F|  |TAMS 0x00000000f0900000, 0x00000000f0900000| Untracked 
| 266|0x00000000f0a00000, 0x00000000f0a00000, 0x00000000f0b00000|  0%| F|  |TAMS 0x00000000f0a00000, 0x00000000f0a00000| Untracked 
| 267|0x00000000f0b00000, 0x00000000f0b00000, 0x00000000f0c00000|  0%| F|  |TAMS 0x00000000f0b00000, 0x00000000f0b00000| Untracked 
| 268|0x00000000f0c00000, 0x00000000f0c00000, 0x00000000f0d00000|  0%| F|  |TAMS 0x00000000f0c00000, 0x00000000f0c00000| Untracked 
| 269|0x00000000f0d00000, 0x00000000f0d00000, 0x00000000f0e00000|  0%| F|  |TAMS 0x00000000f0d00000, 0x00000000f0d00000| Untracked 
| 270|0x00000000f0e00000, 0x00000000f0e00000, 0x00000000f0f00000|  0%| F|  |TAMS 0x00000000f0e00000, 0x00000000f0e00000| Untracked 
| 271|0x00000000f0f00000, 0x00000000f1000000, 0x00000000f1000000|100%| O|  |TAMS 0x00000000f1000000, 0x00000000f0f00000| Untracked 
| 272|0x00000000f1000000, 0x00000000f1000000, 0x00000000f1100000|  0%| F|  |TAMS 0x00000000f1000000, 0x00000000f1000000| Untracked 
| 273|0x00000000f1100000, 0x00000000f1100000, 0x00000000f1200000|  0%| F|  |TAMS 0x00000000f1100000, 0x00000000f1100000| Untracked 
| 274|0x00000000f1200000, 0x00000000f1200000, 0x00000000f1300000|  0%| F|  |TAMS 0x00000000f1200000, 0x00000000f1200000| Untracked 
| 275|0x00000000f1300000, 0x00000000f1300000, 0x00000000f1400000|  0%| F|  |TAMS 0x00000000f1300000, 0x00000000f1300000| Untracked 
| 276|0x00000000f1400000, 0x00000000f1400000, 0x00000000f1500000|  0%| F|  |TAMS 0x00000000f1400000, 0x00000000f1400000| Untracked 
| 277|0x00000000f1500000, 0x00000000f1500000, 0x00000000f1600000|  0%| F|  |TAMS 0x00000000f1500000, 0x00000000f1500000| Untracked 
| 278|0x00000000f1600000, 0x00000000f1700000, 0x00000000f1700000|100%| O|  |TAMS 0x00000000f16e5600, 0x00000000f1600000| Untracked 
| 279|0x00000000f1700000, 0x00000000f1700000, 0x00000000f1800000|  0%| F|  |TAMS 0x00000000f1700000, 0x00000000f1700000| Untracked 
| 280|0x00000000f1800000, 0x00000000f1800000, 0x00000000f1900000|  0%| F|  |TAMS 0x00000000f1800000, 0x00000000f1800000| Untracked 
| 281|0x00000000f1900000, 0x00000000f1900000, 0x00000000f1a00000|  0%| F|  |TAMS 0x00000000f1900000, 0x00000000f1900000| Untracked 
| 282|0x00000000f1a00000, 0x00000000f1a00000, 0x00000000f1b00000|  0%| F|  |TAMS 0x00000000f1a00000, 0x00000000f1a00000| Untracked 
| 283|0x00000000f1b00000, 0x00000000f1c00000, 0x00000000f1c00000|100%| O|  |TAMS 0x00000000f1c00000, 0x00000000f1b00000| Untracked 
| 284|0x00000000f1c00000, 0x00000000f1d00000, 0x00000000f1d00000|100%| O|  |TAMS 0x00000000f1d00000, 0x00000000f1c00000| Untracked 
| 285|0x00000000f1d00000, 0x00000000f1d00000, 0x00000000f1e00000|  0%| F|  |TAMS 0x00000000f1d00000, 0x00000000f1d00000| Untracked 
| 286|0x00000000f1e00000, 0x00000000f1e00000, 0x00000000f1f00000|  0%| F|  |TAMS 0x00000000f1e00000, 0x00000000f1e00000| Untracked 
| 287|0x00000000f1f00000, 0x00000000f1f00000, 0x00000000f2000000|  0%| F|  |TAMS 0x00000000f1f00000, 0x00000000f1f00000| Untracked 
| 288|0x00000000f2000000, 0x00000000f2100000, 0x00000000f2100000|100%| O|  |TAMS 0x00000000f2100000, 0x00000000f2000000| Untracked 
| 289|0x00000000f2100000, 0x00000000f2100000, 0x00000000f2200000|  0%| F|  |TAMS 0x00000000f2100000, 0x00000000f2100000| Untracked 
| 290|0x00000000f2200000, 0x00000000f2200000, 0x00000000f2300000|  0%| F|  |TAMS 0x00000000f2200000, 0x00000000f2200000| Untracked 
| 291|0x00000000f2300000, 0x00000000f2300000, 0x00000000f2400000|  0%| F|  |TAMS 0x00000000f2300000, 0x00000000f2300000| Untracked 
| 292|0x00000000f2400000, 0x00000000f2480800, 0x00000000f2500000| 50%| E|  |TAMS 0x00000000f2400000, 0x00000000f2400000| Complete 
| 293|0x00000000f2500000, 0x00000000f2600000, 0x00000000f2600000|100%| E|CS|TAMS 0x00000000f2500000, 0x00000000f2500000| Complete 
| 294|0x00000000f2600000, 0x00000000f2700000, 0x00000000f2700000|100%| E|CS|TAMS 0x00000000f2600000, 0x00000000f2600000| Complete 
| 295|0x00000000f2700000, 0x00000000f2800000, 0x00000000f2800000|100%| E|CS|TAMS 0x00000000f2700000, 0x00000000f2700000| Complete 
| 296|0x00000000f2800000, 0x00000000f2900000, 0x00000000f2900000|100%| E|CS|TAMS 0x00000000f2800000, 0x00000000f2800000| Complete 
| 297|0x00000000f2900000, 0x00000000f2a00000, 0x00000000f2a00000|100%| E|CS|TAMS 0x00000000f2900000, 0x00000000f2900000| Complete 
| 298|0x00000000f2a00000, 0x00000000f2b00000, 0x00000000f2b00000|100%| E|CS|TAMS 0x00000000f2a00000, 0x00000000f2a00000| Complete 
| 299|0x00000000f2b00000, 0x00000000f2c00000, 0x00000000f2c00000|100%| E|CS|TAMS 0x00000000f2b00000, 0x00000000f2b00000| Complete 
| 300|0x00000000f2c00000, 0x00000000f2d00000, 0x00000000f2d00000|100%| E|CS|TAMS 0x00000000f2c00000, 0x00000000f2c00000| Complete 
| 301|0x00000000f2d00000, 0x00000000f2e00000, 0x00000000f2e00000|100%| E|CS|TAMS 0x00000000f2d00000, 0x00000000f2d00000| Complete 
| 302|0x00000000f2e00000, 0x00000000f2f00000, 0x00000000f2f00000|100%| O|  |TAMS 0x00000000f2f00000, 0x00000000f2e00000| Untracked 
| 303|0x00000000f2f00000, 0x00000000f3000000, 0x00000000f3000000|100%| O|  |TAMS 0x00000000f3000000, 0x00000000f2f00000| Untracked 
| 304|0x00000000f3000000, 0x00000000f3100000, 0x00000000f3100000|100%| O|  |TAMS 0x00000000f3100000, 0x00000000f3000000| Untracked 
| 305|0x00000000f3100000, 0x00000000f3200000, 0x00000000f3200000|100%| E|CS|TAMS 0x00000000f3100000, 0x00000000f3100000| Complete 
| 306|0x00000000f3200000, 0x00000000f3300000, 0x00000000f3300000|100%| E|CS|TAMS 0x00000000f3200000, 0x00000000f3200000| Complete 
| 307|0x00000000f3300000, 0x00000000f3400000, 0x00000000f3400000|100%| E|CS|TAMS 0x00000000f3300000, 0x00000000f3300000| Complete 
| 308|0x00000000f3400000, 0x00000000f3500000, 0x00000000f3500000|100%| E|CS|TAMS 0x00000000f3400000, 0x00000000f3400000| Complete 
| 309|0x00000000f3500000, 0x00000000f3600000, 0x00000000f3600000|100%| E|CS|TAMS 0x00000000f3500000, 0x00000000f3500000| Complete 
| 310|0x00000000f3600000, 0x00000000f3700000, 0x00000000f3700000|100%| E|CS|TAMS 0x00000000f3600000, 0x00000000f3600000| Complete 
| 311|0x00000000f3700000, 0x00000000f3800000, 0x00000000f3800000|100%| E|CS|TAMS 0x00000000f3700000, 0x00000000f3700000| Complete 
| 312|0x00000000f3800000, 0x00000000f3900000, 0x00000000f3900000|100%| E|CS|TAMS 0x00000000f3800000, 0x00000000f3800000| Complete 
| 313|0x00000000f3900000, 0x00000000f3a00000, 0x00000000f3a00000|100%| E|CS|TAMS 0x00000000f3900000, 0x00000000f3900000| Complete 
| 314|0x00000000f3a00000, 0x00000000f3b00000, 0x00000000f3b00000|100%| E|CS|TAMS 0x00000000f3a00000, 0x00000000f3a00000| Complete 
| 315|0x00000000f3b00000, 0x00000000f3c00000, 0x00000000f3c00000|100%| E|CS|TAMS 0x00000000f3b00000, 0x00000000f3b00000| Complete 
| 316|0x00000000f3c00000, 0x00000000f3d00000, 0x00000000f3d00000|100%| E|CS|TAMS 0x00000000f3c00000, 0x00000000f3c00000| Complete 
| 317|0x00000000f3d00000, 0x00000000f3e00000, 0x00000000f3e00000|100%| E|CS|TAMS 0x00000000f3d00000, 0x00000000f3d00000| Complete 
| 318|0x00000000f3e00000, 0x00000000f3f00000, 0x00000000f3f00000|100%| E|  |TAMS 0x00000000f3e00000, 0x00000000f3e00000| Complete 
| 319|0x00000000f3f00000, 0x00000000f4000000, 0x00000000f4000000|100%| E|CS|TAMS 0x00000000f3f00000, 0x00000000f3f00000| Complete 
| 320|0x00000000f4000000, 0x00000000f4100000, 0x00000000f4100000|100%| S|CS|TAMS 0x00000000f4000000, 0x00000000f4000000| Complete 
| 321|0x00000000f4100000, 0x00000000f4200000, 0x00000000f4200000|100%| S|CS|TAMS 0x00000000f4100000, 0x00000000f4100000| Complete 
| 322|0x00000000f4200000, 0x00000000f4300000, 0x00000000f4300000|100%| S|CS|TAMS 0x00000000f4200000, 0x00000000f4200000| Complete 
| 323|0x00000000f4300000, 0x00000000f4400000, 0x00000000f4400000|100%| E|CS|TAMS 0x00000000f4300000, 0x00000000f4300000| Complete 
| 324|0x00000000f4400000, 0x00000000f4500000, 0x00000000f4500000|100%| E|CS|TAMS 0x00000000f4400000, 0x00000000f4400000| Complete 
| 325|0x00000000f4500000, 0x00000000f4600000, 0x00000000f4600000|100%| E|CS|TAMS 0x00000000f4500000, 0x00000000f4500000| Complete 
| 326|0x00000000f4600000, 0x00000000f4700000, 0x00000000f4700000|100%| E|CS|TAMS 0x00000000f4600000, 0x00000000f4600000| Complete 
| 327|0x00000000f4700000, 0x00000000f4800000, 0x00000000f4800000|100%| E|CS|TAMS 0x00000000f4700000, 0x00000000f4700000| Complete 
| 328|0x00000000f4800000, 0x00000000f4900000, 0x00000000f4900000|100%| E|CS|TAMS 0x00000000f4800000, 0x00000000f4800000| Complete 
| 329|0x00000000f4900000, 0x00000000f4a00000, 0x00000000f4a00000|100%| E|CS|TAMS 0x00000000f4900000, 0x00000000f4900000| Complete 
| 330|0x00000000f4a00000, 0x00000000f4b00000, 0x00000000f4b00000|100%| E|CS|TAMS 0x00000000f4a00000, 0x00000000f4a00000| Complete 
| 331|0x00000000f4b00000, 0x00000000f4c00000, 0x00000000f4c00000|100%| E|CS|TAMS 0x00000000f4b00000, 0x00000000f4b00000| Complete 
| 332|0x00000000f4c00000, 0x00000000f4d00000, 0x00000000f4d00000|100%| E|CS|TAMS 0x00000000f4c00000, 0x00000000f4c00000| Complete 
| 333|0x00000000f4d00000, 0x00000000f4e00000, 0x00000000f4e00000|100%| E|CS|TAMS 0x00000000f4d00000, 0x00000000f4d00000| Complete 
| 334|0x00000000f4e00000, 0x00000000f4f00000, 0x00000000f4f00000|100%| E|CS|TAMS 0x00000000f4e00000, 0x00000000f4e00000| Complete 
| 335|0x00000000f4f00000, 0x00000000f5000000, 0x00000000f5000000|100%| E|CS|TAMS 0x00000000f4f00000, 0x00000000f4f00000| Complete 
| 336|0x00000000f5000000, 0x00000000f5100000, 0x00000000f5100000|100%| E|CS|TAMS 0x00000000f5000000, 0x00000000f5000000| Complete 
| 337|0x00000000f5100000, 0x00000000f5200000, 0x00000000f5200000|100%| E|CS|TAMS 0x00000000f5100000, 0x00000000f5100000| Complete 
| 338|0x00000000f5200000, 0x00000000f5300000, 0x00000000f5300000|100%| E|CS|TAMS 0x00000000f5200000, 0x00000000f5200000| Complete 
| 339|0x00000000f5300000, 0x00000000f5400000, 0x00000000f5400000|100%| E|CS|TAMS 0x00000000f5300000, 0x00000000f5300000| Complete 

Card table byte_map: [0x0000027252c20000,0x0000027252d20000] _byte_map_base: 0x0000027252520000

Marking Bits (Prev, Next): (CMBitMap*) 0x0000027252f68b08, (CMBitMap*) 0x0000027252f68b40
 Prev Bits: [0x000002726a2d0000, 0x000002726aad0000)
 Next Bits: [0x000002726aad0000, 0x000002726b2d0000)

Polling page: 0x0000027250f30000

Metaspace:

Usage:
  Non-class:    110.66 MB capacity,   107.35 MB ( 97%) used,     2.89 MB (  3%) free+waste,   429.19 KB ( <1%) overhead. 
      Class:     16.33 MB capacity,    14.52 MB ( 89%) used,     1.62 MB ( 10%) free+waste,   183.69 KB (  1%) overhead. 
       Both:    126.99 MB capacity,   121.88 MB ( 96%) used,     4.51 MB (  4%) free+waste,   612.88 KB ( <1%) overhead. 

Virtual space:
  Non-class space:      112.00 MB reserved,     111.50 MB (>99%) committed 
      Class space:      248.00 MB reserved,      16.63 MB (  7%) committed 
             Both:      360.00 MB reserved,     128.13 MB ( 36%) committed 

Chunk freelists:
   Non-Class:  91.50 KB
       Class:  38.38 KB
        Both:  129.88 KB

CodeHeap 'non-profiled nmethods': size=120064Kb used=25597Kb max_used=25597Kb free=94466Kb
 bounds [0x0000027262d90000, 0x00000272646a0000, 0x000002726a2d0000]
CodeHeap 'profiled nmethods': size=120000Kb used=55914Kb max_used=55914Kb free=64085Kb
 bounds [0x000002725b860000, 0x000002725ef60000, 0x0000027262d90000]
CodeHeap 'non-nmethods': size=5696Kb used=2349Kb max_used=2411Kb free=3346Kb
 bounds [0x000002725b2d0000, 0x000002725b540000, 0x000002725b860000]
 total_blobs=43875 nmethods=24948 adapters=883
 compilation: enabled
              stopped_count=0, restarted_count=0
 full_count=0

Compilation events (10 events):
Event: 1397.071 Thread 0x000002726d6d1800 nmethod 32101 0x0000027264694490 code [0x0000027264694620, 0x0000027264694798]
Event: 1397.086 Thread 0x000002726d6d1800 32103       4       com.android.tools.r8.dex.DexParser::a (1971 bytes)
Event: 1397.267 Thread 0x000002726d6d5000 32106       3       com.android.tools.r8.n.a.a.a.g.f0::a (182 bytes)
Event: 1397.268 Thread 0x000002726d6d5000 nmethod 32106 0x000002725ef5da10 code [0x000002725ef5dc40, 0x000002725ef5e560]
Event: 1397.268 Thread 0x000002726d6d5000 32107       3       com.android.tools.r8.dex.DexParser::k (51 bytes)
Event: 1397.269 Thread 0x000002726d6d5000 nmethod 32107 0x000002725ef5e890 code [0x000002725ef5eae0, 0x000002725ef5f4b0]
Event: 1397.269 Thread 0x000002726d6d5000 32105       3       com.android.tools.r8.dex.DexParser$$Lambda$1319/0x0000000100e85440::get (8 bytes)
Event: 1397.269 Thread 0x000002726d6d5000 nmethod 32105 0x000002725ee33990 code [0x000002725ee33b40, 0x000002725ee33cd0]
Event: 1397.401 Thread 0x000002726d6d5000 32108       3       sun.nio.fs.Globs::isRegexMeta (16 bytes)
Event: 1397.402 Thread 0x000002726d6d5000 nmethod 32108 0x000002725ef5f890 code [0x000002725ef5fa80, 0x000002725ef5fdd0]

GC Heap History (10 events):
Event: 1392.734 GC heap before
{Heap before GC invocations=362 (full 21):
 garbage-first heap   total 348160K, used 324626K [0x00000000e0000000, 0x0000000100000000)
  region size 1024K, 17 young (17408K), 1 survivors (1024K)
 Metaspace       used 124578K, capacity 129809K, committed 130944K, reserved 368640K
  class space    used 14846K, capacity 16644K, committed 17024K, reserved 253952K
}
Event: 1392.744 GC heap after
{Heap after GC invocations=363 (full 21):
 garbage-first heap   total 348160K, used 311457K [0x00000000e0000000, 0x0000000100000000)
  region size 1024K, 3 young (3072K), 3 survivors (3072K)
 Metaspace       used 124578K, capacity 129809K, committed 130944K, reserved 368640K
  class space    used 14846K, capacity 16644K, committed 17024K, reserved 253952K
}
Event: 1394.923 GC heap before
{Heap before GC invocations=364 (full 21):
 garbage-first heap   total 348160K, used 293025K [0x00000000e0000000, 0x0000000100000000)
  region size 1024K, 17 young (17408K), 3 survivors (3072K)
 Metaspace       used 124675K, capacity 129920K, committed 131200K, reserved 368640K
  class space    used 14860K, capacity 16680K, committed 17024K, reserved 253952K
}
Event: 1394.943 GC heap after
{Heap after GC invocations=365 (full 21):
 garbage-first heap   total 348160K, used 285327K [0x00000000e0000000, 0x0000000100000000)
  region size 1024K, 3 young (3072K), 3 survivors (3072K)
 Metaspace       used 124675K, capacity 129920K, committed 131200K, reserved 368640K
  class space    used 14860K, capacity 16680K, committed 17024K, reserved 253952K
}
Event: 1395.665 GC heap before
{Heap before GC invocations=365 (full 21):
 garbage-first heap   total 348160K, used 300687K [0x00000000e0000000, 0x0000000100000000)
  region size 1024K, 17 young (17408K), 3 survivors (3072K)
 Metaspace       used 124758K, capacity 130022K, committed 131200K, reserved 368640K
  class space    used 14867K, capacity 16714K, committed 17024K, reserved 253952K
}
Event: 1395.675 GC heap after
{Heap after GC invocations=366 (full 21):
 garbage-first heap   total 348160K, used 257378K [0x00000000e0000000, 0x0000000100000000)
  region size 1024K, 3 young (3072K), 3 survivors (3072K)
 Metaspace       used 124758K, capacity 130022K, committed 131200K, reserved 368640K
  class space    used 14867K, capacity 16714K, committed 17024K, reserved 253952K
}
Event: 1395.855 GC heap before
{Heap before GC invocations=366 (full 21):
 garbage-first heap   total 348160K, used 285026K [0x00000000e0000000, 0x0000000100000000)
  region size 1024K, 17 young (17408K), 3 survivors (3072K)
 Metaspace       used 124790K, capacity 130022K, committed 131200K, reserved 368640K
  class space    used 14870K, capacity 16714K, committed 17024K, reserved 253952K
}
Event: 1395.867 GC heap after
{Heap after GC invocations=367 (full 21):
 garbage-first heap   total 348160K, used 236941K [0x00000000e0000000, 0x0000000100000000)
  region size 1024K, 3 young (3072K), 3 survivors (3072K)
 Metaspace       used 124790K, capacity 130022K, committed 131200K, reserved 368640K
  class space    used 14870K, capacity 16714K, committed 17024K, reserved 253952K
}
Event: 1396.192 GC heap before
{Heap before GC invocations=367 (full 21):
 garbage-first heap   total 348160K, used 250253K [0x00000000e0000000, 0x0000000100000000)
  region size 1024K, 17 young (17408K), 3 survivors (3072K)
 Metaspace       used 124797K, capacity 130028K, committed 131200K, reserved 368640K
  class space    used 14871K, capacity 16716K, committed 17024K, reserved 253952K
}
Event: 1396.260 GC heap after
{Heap after GC invocations=368 (full 21):
 garbage-first heap   total 348160K, used 213980K [0x00000000e0000000, 0x0000000100000000)
  region size 1024K, 3 young (3072K), 3 survivors (3072K)
 Metaspace       used 124797K, capacity 130028K, committed 131200K, reserved 368640K
  class space    used 14871K, capacity 16716K, committed 17024K, reserved 253952K
}

Deoptimization events (10 events):
Event: 1394.440 Thread 0x00000272782c4000 Uncommon trap: reason=class_check action=maybe_recompile pc=0x0000027262ebbd04 method=com.android.builder.merge.DelegateIncrementalFileMergerInput.getName()Ljava/lang/String; @ 4 c2
Event: 1394.441 Thread 0x00000272782c4000 Uncommon trap: reason=class_check action=maybe_recompile pc=0x0000027262ebbd04 method=com.android.builder.merge.DelegateIncrementalFileMergerInput.getName()Ljava/lang/String; @ 4 c2
Event: 1395.043 Thread 0x00000272782c4000 Uncommon trap: reason=class_check action=maybe_recompile pc=0x0000027262ebbd04 method=com.android.builder.merge.DelegateIncrementalFileMergerInput.getName()Ljava/lang/String; @ 4 c2
Event: 1395.464 Thread 0x00000272782c6000 Uncommon trap: reason=class_check action=maybe_recompile pc=0x00000272645bad18 method=com.android.tools.r8.m.a.a.d.j.a(Ljava/io/InputStream;Ljava/io/OutputStream;)J @ 18 c2
Event: 1395.510 Thread 0x00000272782c6000 Uncommon trap: reason=class_check action=maybe_recompile pc=0x00000272645bad18 method=com.android.tools.r8.m.a.a.d.j.a(Ljava/io/InputStream;Ljava/io/OutputStream;)J @ 18 c2
Event: 1395.510 Thread 0x00000272782c6000 Uncommon trap: reason=class_check action=maybe_recompile pc=0x00000272645bad18 method=com.android.tools.r8.m.a.a.d.j.a(Ljava/io/InputStream;Ljava/io/OutputStream;)J @ 18 c2
Event: 1395.510 Thread 0x00000272782c6000 Uncommon trap: reason=class_check action=maybe_recompile pc=0x00000272645bad18 method=com.android.tools.r8.m.a.a.d.j.a(Ljava/io/InputStream;Ljava/io/OutputStream;)J @ 18 c2
Event: 1395.699 Thread 0x00000272782cb800 Uncommon trap: reason=class_check action=maybe_recompile pc=0x00000272633ee548 method=java.lang.ThreadLocal.setInitialValue()Ljava/lang/Object; @ 31 c2
Event: 1396.432 Thread 0x00000272782c6000 Uncommon trap: reason=unstable_if action=reinterpret pc=0x000002726467b078 method=com.android.tools.r8.utils.LebUtils.parseUleb128(Lcom/android/tools/r8/dex/BinaryReader;)I @ 26 c2
Event: 1396.833 Thread 0x00000272782c6000 Uncommon trap: reason=unstable_if action=reinterpret pc=0x0000027264683958 method=com.android.tools.r8.utils.LebUtils.parseUleb128(Lcom/android/tools/r8/dex/BinaryReader;)I @ 26 c2

Classes redefined (0 events):
No events

Internal exceptions (10 events):
Event: 1388.944 Thread 0x00000272782c4000 Exception <a 'sun/nio/fs/WindowsException'{0x00000000f534c568}> (0x00000000f534c568) thrown at [t:/workspace/open/src/hotspot/share/prims/jni.cpp, line 615]
Event: 1388.958 Thread 0x00000272782c4000 Exception <a 'sun/nio/fs/WindowsException'{0x00000000f5352248}> (0x00000000f5352248) thrown at [t:/workspace/open/src/hotspot/share/prims/jni.cpp, line 615]
Event: 1389.036 Thread 0x00000272782c4000 Exception <a 'sun/nio/fs/WindowsException'{0x00000000f5251028}> (0x00000000f5251028) thrown at [t:/workspace/open/src/hotspot/share/prims/jni.cpp, line 615]
Event: 1389.049 Thread 0x00000272782c4000 Exception <a 'sun/nio/fs/WindowsException'{0x00000000f525bfb0}> (0x00000000f525bfb0) thrown at [t:/workspace/open/src/hotspot/share/prims/jni.cpp, line 615]
Event: 1389.063 Thread 0x00000272782c4000 Exception <a 'sun/nio/fs/WindowsException'{0x00000000f52f9bb8}> (0x00000000f52f9bb8) thrown at [t:/workspace/open/src/hotspot/share/prims/jni.cpp, line 615]
Event: 1389.073 Thread 0x00000272782c4000 Exception <a 'sun/nio/fs/WindowsException'{0x00000000f5180a38}> (0x00000000f5180a38) thrown at [t:/workspace/open/src/hotspot/share/prims/jni.cpp, line 615]
Event: 1389.080 Thread 0x00000272782c4000 Exception <a 'sun/nio/fs/WindowsException'{0x00000000f518ba68}> (0x00000000f518ba68) thrown at [t:/workspace/open/src/hotspot/share/prims/jni.cpp, line 615]
Event: 1389.119 Thread 0x00000272782c4000 Exception <a 'sun/nio/fs/WindowsException'{0x00000000f51917f8}> (0x00000000f51917f8) thrown at [t:/workspace/open/src/hotspot/share/prims/jni.cpp, line 615]
Event: 1391.990 Thread 0x0000027270c21000 Exception <a 'java/lang/NoSuchMethodError'{0x00000000f4c1fef0}: <clinit>> (0x00000000f4c1fef0) thrown at [t:/workspace/open/src/hotspot/share/prims/jni.cpp, line 1364]
Event: 1395.442 Thread 0x00000272782c6000 Exception <a 'sun/nio/fs/WindowsException'{0x00000000f52246b8}> (0x00000000f52246b8) thrown at [t:/workspace/open/src/hotspot/share/prims/jni.cpp, line 615]

Events (10 events):
Event: 1396.428 Thread 0x00000272782c6000 DEOPT PACKING pc=0x000002725ef4c226 sp=0x000000e3968fdb70
Event: 1396.428 Thread 0x00000272782c6000 DEOPT UNPACKING pc=0x000002725b2f884e sp=0x000000e3968fd1a0 mode 0
Event: 1396.432 Thread 0x00000272782c6000 DEOPT PACKING pc=0x000002725ef4c226 sp=0x000000e3968fdb70
Event: 1396.432 Thread 0x00000272782c6000 DEOPT UNPACKING pc=0x000002725b2f884e sp=0x000000e3968fd1a0 mode 0
Event: 1396.432 Thread 0x00000272782c6000 Uncommon trap: trap_request=0xffffff4d fr.pc=0x000002726467b078 relative=0x00000000000030f8
Event: 1396.432 Thread 0x00000272782c6000 DEOPT PACKING pc=0x000002726467b078 sp=0x000000e3968fdce0
Event: 1396.432 Thread 0x00000272782c6000 DEOPT UNPACKING pc=0x000002725b2f8a2f sp=0x000000e3968fdbd8 mode 2
Event: 1396.833 Thread 0x00000272782c6000 Uncommon trap: trap_request=0xffffff4d fr.pc=0x0000027264683958 relative=0x0000000000003878
Event: 1396.833 Thread 0x00000272782c6000 DEOPT PACKING pc=0x0000027264683958 sp=0x000000e3968fdce0
Event: 1396.833 Thread 0x00000272782c6000 DEOPT UNPACKING pc=0x000002725b2f8a2f sp=0x000000e3968fdbd8 mode 2


Dynamic libraries:
0x00007ff677420000 - 0x00007ff677467000 	C:\Program Files\Java\jdk-11.0.6\bin\java.exe
0x00007ffe24c00000 - 0x00007ffe24df0000 	C:\Windows\SYSTEM32\ntdll.dll
0x00007ffe23b90000 - 0x00007ffe23c42000 	C:\Windows\System32\KERNEL32.DLL
0x00007ffe22930000 - 0x00007ffe22bd5000 	C:\Windows\System32\KERNELBASE.dll
0x00007ffe22fd0000 - 0x00007ffe23073000 	C:\Windows\System32\ADVAPI32.dll
0x00007ffe237c0000 - 0x00007ffe2385e000 	C:\Windows\System32\msvcrt.dll
0x00007ffe23720000 - 0x00007ffe237b7000 	C:\Windows\System32\sechost.dll
0x00007ffe23a70000 - 0x00007ffe23b90000 	C:\Windows\System32\RPCRT4.dll
0x00007ffe23570000 - 0x00007ffe23704000 	C:\Windows\System32\USER32.dll
0x00007ffe22690000 - 0x00007ffe226b1000 	C:\Windows\System32\win32u.dll
0x00007ffe243b0000 - 0x00007ffe243d6000 	C:\Windows\System32\GDI32.dll
0x00007ffe226c0000 - 0x00007ffe22856000 	C:\Windows\System32\gdi32full.dll
0x00007ffe22890000 - 0x00007ffe2292e000 	C:\Windows\System32\msvcp_win.dll
0x00007ffe21b70000 - 0x00007ffe21c6a000 	C:\Windows\System32\ucrtbase.dll
0x00007ffe1a1e0000 - 0x00007ffe1a1ea000 	C:\Windows\SYSTEM32\VERSION.dll
0x00007ffe14130000 - 0x00007ffe143b4000 	C:\Windows\WinSxS\amd64_microsoft.windows.common-controls_6595b64144ccf1df_6.0.18362.1256_none_9e7e379be45e40e2\COMCTL32.dll
0x00007ffe23d80000 - 0x00007ffe240b6000 	C:\Windows\System32\combase.dll
0x00007ffe21d20000 - 0x00007ffe21da1000 	C:\Windows\System32\bcryptPrimitives.dll
0x00007ffe23860000 - 0x00007ffe2388e000 	C:\Windows\System32\IMM32.DLL
0x00007ffe1c010000 - 0x00007ffe1c026000 	C:\Program Files\Java\jdk-11.0.6\bin\vcruntime140.dll
0x00007ffe0c080000 - 0x00007ffe0c12a000 	C:\Program Files\Java\jdk-11.0.6\bin\msvcp140.dll
0x00007ffdde020000 - 0x00007ffddeb49000 	C:\Program Files\Java\jdk-11.0.6\bin\server\jvm.dll
0x00007ffe22fc0000 - 0x00007ffe22fc8000 	C:\Windows\System32\PSAPI.DLL
0x00007ffe1b7d0000 - 0x00007ffe1b7d9000 	C:\Windows\SYSTEM32\WSOCK32.dll
0x00007ffe23890000 - 0x00007ffe238ff000 	C:\Windows\System32\WS2_32.dll
0x00007ffe1fbc0000 - 0x00007ffe1fbe4000 	C:\Windows\SYSTEM32\WINMM.dll
0x00007ffe1fb90000 - 0x00007ffe1fbbd000 	C:\Windows\SYSTEM32\WINMMBASE.dll
0x00007ffe22c40000 - 0x00007ffe22c8a000 	C:\Windows\System32\cfgmgr32.dll
0x00007ffe21ab0000 - 0x00007ffe21ac1000 	C:\Windows\System32\kernel.appcore.dll
0x00007ffe1b740000 - 0x00007ffe1b751000 	C:\Program Files\Java\jdk-11.0.6\bin\verify.dll
0x00007ffe0dca0000 - 0x00007ffe0de94000 	C:\Windows\SYSTEM32\DBGHELP.DLL
0x00007ffe0dc70000 - 0x00007ffe0dc9a000 	C:\Windows\SYSTEM32\dbgcore.DLL
0x00007ffe12ce0000 - 0x00007ffe12d09000 	C:\Program Files\Java\jdk-11.0.6\bin\java.dll
0x00007ffe14c40000 - 0x00007ffe14c56000 	C:\Program Files\Java\jdk-11.0.6\bin\zip.dll
0x00007ffe1ac00000 - 0x00007ffe1ac0a000 	C:\Program Files\Java\jdk-11.0.6\bin\jimage.dll
0x00007ffe24450000 - 0x00007ffe24b37000 	C:\Windows\System32\SHELL32.dll
0x00007ffe22cb0000 - 0x00007ffe22d59000 	C:\Windows\System32\shcore.dll
0x00007ffe21f00000 - 0x00007ffe22681000 	C:\Windows\System32\windows.storage.dll
0x00007ffe21b20000 - 0x00007ffe21b43000 	C:\Windows\System32\profapi.dll
0x00007ffe21ad0000 - 0x00007ffe21b1a000 	C:\Windows\System32\powrprof.dll
0x00007ffe21aa0000 - 0x00007ffe21ab0000 	C:\Windows\System32\UMPDC.dll
0x00007ffe23080000 - 0x00007ffe230d2000 	C:\Windows\System32\shlwapi.dll
0x00007ffe22c90000 - 0x00007ffe22ca7000 	C:\Windows\System32\cryptsp.dll
0x00007ffe14080000 - 0x00007ffe14099000 	C:\Program Files\Java\jdk-11.0.6\bin\net.dll
0x00007ffe15f70000 - 0x00007ffe16060000 	C:\Windows\SYSTEM32\WINHTTP.dll
0x00007ffe21290000 - 0x00007ffe212f7000 	C:\Windows\system32\mswsock.dll
0x00007ffe13a80000 - 0x00007ffe13a93000 	C:\Program Files\Java\jdk-11.0.6\bin\nio.dll
0x00007ffe0bb40000 - 0x00007ffe0bb66000 	C:\Users\Lenovo\.gradle\native\30\windows-amd64\native-platform.dll
0x00007ffe14de0000 - 0x00007ffe14de9000 	C:\Program Files\Java\jdk-11.0.6\bin\management.dll
0x00007ffe14c60000 - 0x00007ffe14c6c000 	C:\Program Files\Java\jdk-11.0.6\bin\management_ext.dll
0x00007ffe20e00000 - 0x00007ffe20e33000 	C:\Windows\system32\rsaenh.dll
0x00007ffe22860000 - 0x00007ffe22886000 	C:\Windows\System32\bcrypt.dll
0x00007ffe219c0000 - 0x00007ffe219e5000 	C:\Windows\SYSTEM32\USERENV.dll
0x00007ffe21460000 - 0x00007ffe2146c000 	C:\Windows\SYSTEM32\CRYPTBASE.dll
0x00007ffe20fa0000 - 0x00007ffe20fda000 	C:\Windows\SYSTEM32\IPHLPAPI.DLL
0x00007ffe23710000 - 0x00007ffe23718000 	C:\Windows\System32\NSI.dll
0x00007ffe160c0000 - 0x00007ffe160d6000 	C:\Windows\SYSTEM32\dhcpcsvc6.DLL
0x00007ffe16450000 - 0x00007ffe1646c000 	C:\Windows\SYSTEM32\dhcpcsvc.DLL
0x00007ffe20fe0000 - 0x00007ffe210ab000 	C:\Windows\SYSTEM32\DNSAPI.dll
0x00007ffe20ae0000 - 0x00007ffe20b11000 	C:\Windows\SYSTEM32\ntmarta.dll
0x00007ffe14c10000 - 0x00007ffe14c17000 	C:\Program Files\Java\jdk-11.0.6\bin\rmi.dll

dbghelp: loaded successfully - version: 4.0.5 - missing functions: none
symbol engine: initialized successfully - sym options: 0x614 - pdb path: .;C:\Program Files\Java\jdk-11.0.6\bin;C:\Windows\SYSTEM32;C:\Windows\WinSxS\amd64_microsoft.windows.common-controls_6595b64144ccf1df_6.0.18362.1256_none_9e7e379be45e40e2;C:\Program Files\Java\jdk-11.0.6\bin\server;C:\Users\Lenovo\.gradle\native\30\windows-amd64

VM Arguments:
jvm_args: --add-opens=java.base/java.util=ALL-UNNAMED --add-opens=java.base/java.lang=ALL-UNNAMED --add-opens=java.base/java.lang.invoke=ALL-UNNAMED --add-opens=java.prefs/java.util.prefs=ALL-UNNAMED -XX:MaxMetaspaceSize=256m -XX:+HeapDumpOnOutOfMemoryError -Xms256m -Xmx512m -Dfile.encoding=windows-1252 -Duser.country=US -Duser.language=en -Duser.variant 
java_command: org.gradle.launcher.daemon.bootstrap.GradleDaemon 6.0.1
java_class_path (initial): C:\Users\Lenovo\.gradle\wrapper\dists\gradle-6.0.1-all\99d3u8wxs16ndehh90lbbir67\gradle-6.0.1\lib\gradle-launcher-6.0.1.jar
Launcher Type: SUN_STANDARD

[Global flags]
     intx CICompilerCount                          = 2                                         {product} {ergonomic}
   size_t CompressedClassSpaceSize                 = 260046848                                 {product} {ergonomic}
     uint ConcGCThreads                            = 1                                         {product} {ergonomic}
     uint G1ConcRefinementThreads                  = 2                                         {product} {ergonomic}
   size_t G1HeapRegionSize                         = 1048576                                   {product} {ergonomic}
    uintx GCDrainStackTargetSize                   = 64                                        {product} {ergonomic}
     bool HeapDumpOnOutOfMemoryError               = true                                   {manageable} {command line}
   size_t InitialHeapSize                          = 268435456                                 {product} {command line}
   size_t MarkStackSize                            = 4194304                                   {product} {ergonomic}
   size_t MaxHeapSize                              = 536870912                                 {product} {command line}
   size_t MaxMetaspaceSize                         = 268435456                                 {product} {command line}
   size_t MaxNewSize                               = 321912832                                 {product} {ergonomic}
   size_t MinHeapDeltaBytes                        = 1048576                                   {product} {ergonomic}
    uintx NonNMethodCodeHeapSize                   = 5825164                                {pd product} {ergonomic}
    uintx NonProfiledCodeHeapSize                  = 122916538                              {pd product} {ergonomic}
    uintx ProfiledCodeHeapSize                     = 122916538                              {pd product} {ergonomic}
    uintx ReservedCodeCacheSize                    = 251658240                              {pd product} {ergonomic}
     bool SegmentedCodeCache                       = true                                      {product} {ergonomic}
     bool UseCompressedClassPointers               = true                                 {lp64_product} {ergonomic}
     bool UseCompressedOops                        = true                                 {lp64_product} {ergonomic}
     bool UseG1GC                                  = true                                      {product} {ergonomic}
     bool UseLargePagesIndividualAllocation        = false                                  {pd product} {ergonomic}

Logging:
Log output configuration:
 #0: stdout all=warning uptime,level,tags
 #1: stderr all=off uptime,level,tags

Environment Variables:
JAVA_HOME=C:\Program Files\Java\jdk-11.0.6
CLASSPATH=F:\react native\app__copy\app_redux\android\\gradle\wrapper\gradle-wrapper.jar
PATH=C:\Windows\system32;C:\Windows;C:\Windows\System32\Wbem;C:\Windows\System32\WindowsPowerShell\v1.0\;C:\Windows\System32\OpenSSH\;C:\Program Files\nodejs\;C:\Program Files (x86)\Microsoft VS Code\bin;C:\Users\Lenovo\AppData\Roaming\npm;C:\Program Files\Java\jdk-11.0.6\bin;C:\Users\Lenovo\AppData\Local\Android\Sdk\tools;C:\Program Files (x86)\Microsoft VS Code\bin;C:\Users\Lenovo\AppData\Local\Android\Sdk\platform-tools;
USERNAME=Lenovo
OS=Windows_NT
PROCESSOR_IDENTIFIER=AMD64 Family 21 Model 112 Stepping 0, AuthenticAMD



---------------  S Y S T E M  ---------------

OS: Windows 10 , 64 bit Build 18362 (10.0.18362.1110)

CPU:total 2 (initial active 2) (2 cores per cpu, 1 threads per core) family 21 model 112 stepping 0, cmov, cx8, fxsr, mmx, sse, sse2, sse3, ssse3, sse4.1, sse4.2, popcnt, avx, avx2, aes, clmul, mmxext, 3dnowpref, lzcnt, sse4a, tsc, tscinvbit, tscinv, bmi1, bmi2, fma

Memory: 4k page, system-wide physical 3471M (300M free)
TotalPageFile size 14223M (AvailPageFile size 5M)
current process WorkingSet (physical memory assigned to process): 619M, peak: 619M
current process commit charge ("private bytes"): 743M, peak: 744M

vm_info: Java HotSpot(TM) 64-Bit Server VM (11.0.6+8-LTS) for windows-amd64 JRE (11.0.6+8-LTS), built on Dec 11 2019 09:17:57 by "mach5one" with MS VC++ 15.5 (VS2017)

END.
