#
# There is insufficient memory for the Java Runtime Environment to continue.
# Native memory allocation (malloc) failed to allocate 2288176 bytes for Chunk::new
# Possible reasons:
#   The system is out of physical RAM or swap space
#   The process is running with CompressedOops enabled, and the Java Heap may be blocking the growth of the native heap
# Possible solutions:
#   Reduce memory load on the system
#   Increase physical memory or swap space
#   Check if swap backing store is full
#   Decrease Java heap size (-Xmx/-Xms)
#   Decrease number of Java threads
#   Decrease Java thread stack sizes (-Xss)
#   Set larger code cache with -XX:ReservedCodeCacheSize=
#   JVM is running with Unscaled Compressed Oops mode in which the Java heap is
#     placed in the first 4GB address space. The Java Heap base address is the
#     maximum limit for the native heap growth. Please use -XX:HeapBaseMinAddress
#     to set the Java Heap base and to place the Java Heap above 4GB virtual address.
# This output file may be truncated or incomplete.
#
#  Out of Memory Error (t:/workspace/open/src/hotspot/share/memory/arena.cpp:197), pid=11112, tid=11404
#
# JRE version: Java(TM) SE Runtime Environment (11.0.6+8) (build 11.0.6+8-LTS)
# Java VM: Java HotSpot(TM) 64-Bit Server VM (11.0.6+8-LTS, mixed mode, tiered, compressed oops, g1 gc, windows-amd64)
# No core dump will be written. Minidumps are not enabled by default on client versions of Windows
#

---------------  S U M M A R Y ------------

Command Line: --add-opens=java.base/java.util=ALL-UNNAMED --add-opens=java.base/java.lang=ALL-UNNAMED --add-opens=java.base/java.lang.invoke=ALL-UNNAMED --add-opens=java.prefs/java.util.prefs=ALL-UNNAMED -XX:MaxMetaspaceSize=256m -XX:+HeapDumpOnOutOfMemoryError -Xms256m -Xmx512m -Dfile.encoding=windows-1252 -Duser.country=US -Duser.language=en -Duser.variant org.gradle.launcher.daemon.bootstrap.GradleDaemon 6.0.1

Host: AMD A4-9125 RADEON R3, 4 COMPUTE CORES 2C+2G   , 2 cores, 3G,  Windows 10 , 64 bit Build 18362 (10.0.18362.1110)
Time: Wed Jan 13 21:20:38 2021 Egypt Standard Time elapsed time: 269 seconds (0d 0h 4m 29s)

---------------  T H R E A D  ---------------

Current thread (0x000002b9a45e3000):  JavaThread "C2 CompilerThread0" daemon [_thread_in_native, id=11404, stack(0x000000bff6d00000,0x000000bff6e00000)]


Current CompileTask:
C2: 269806 15690       4       com.android.tools.build.apkzlib.zip.FileUseMap::add (131 bytes)

Stack: [0x000000bff6d00000,0x000000bff6e00000]
Native frames: (J=compiled Java code, j=interpreted, Vv=VM code, C=native code)
V  [jvm.dll+0x63679a]
V  [jvm.dll+0x7755bf]
V  [jvm.dll+0x776c65]
V  [jvm.dll+0x7772d3]
V  [jvm.dll+0x25e7f8]
V  [jvm.dll+0xc1c01]
V  [jvm.dll+0xc219c]
V  [jvm.dll+0x36d932]
V  [jvm.dll+0x33a7b3]
V  [jvm.dll+0x339b8a]
V  [jvm.dll+0x218355]
V  [jvm.dll+0x2174fa]
V  [jvm.dll+0x193a2c]
V  [jvm.dll+0x226544]
V  [jvm.dll+0x224b28]
V  [jvm.dll+0x73a9c5]
V  [jvm.dll+0x733905]
V  [jvm.dll+0x635846]
C  [ucrtbase.dll+0x210b2]
C  [KERNEL32.DLL+0x17c24]
C  [ntdll.dll+0x6d4d1]


---------------  P R O C E S S  ---------------

Threads class SMR info:
_java_thread_list=0x000002b9aef8bae0, length=40, elements={
0x000002b989e54800, 0x000002b9a45be800, 0x000002b9a45c3000, 0x000002b9a45e0000,
0x000002b9a45e1000, 0x000002b9a45e3000, 0x000002b9a4e8d800, 0x000002b9a4e8f000,
0x000002b9a4f8f000, 0x000002b9a4fbe800, 0x000002b9a67e9800, 0x000002b9a5eab800,
0x000002b9a5988800, 0x000002b9a5e73800, 0x000002b9a598a800, 0x000002b9a6a57000,
0x000002b9a6c78800, 0x000002b9a51e9800, 0x000002b9a51ea800, 0x000002b9a5dad000,
0x000002b9a6608000, 0x000002b9a6606800, 0x000002b9a6607000, 0x000002b9a6605800,
0x000002b9a6604800, 0x000002b9a660a800, 0x000002b9a660b000, 0x000002b9a6609800,
0x000002b9a94bc000, 0x000002b9a94bb800, 0x000002b9a94ba800, 0x000002b9a94b9000,
0x000002b9a94be000, 0x000002b9a94b9800, 0x000002b9a94bd000, 0x000002b9a94b8000,
0x000002b9a94c0800, 0x000002b9a94bf800, 0x000002b9a94c4800, 0x000002b9a94be800
}

Java Threads: ( => current thread )
  0x000002b989e54800 JavaThread "main" [_thread_blocked, id=11144, stack(0x000000bff6200000,0x000000bff6300000)]
  0x000002b9a45be800 JavaThread "Reference Handler" daemon [_thread_blocked, id=23328, stack(0x000000bff6900000,0x000000bff6a00000)]
  0x000002b9a45c3000 JavaThread "Finalizer" daemon [_thread_blocked, id=8340, stack(0x000000bff6a00000,0x000000bff6b00000)]
  0x000002b9a45e0000 JavaThread "Signal Dispatcher" daemon [_thread_blocked, id=8780, stack(0x000000bff6b00000,0x000000bff6c00000)]
  0x000002b9a45e1000 JavaThread "Attach Listener" daemon [_thread_blocked, id=12532, stack(0x000000bff6c00000,0x000000bff6d00000)]
=>0x000002b9a45e3000 JavaThread "C2 CompilerThread0" daemon [_thread_in_native, id=11404, stack(0x000000bff6d00000,0x000000bff6e00000)]
  0x000002b9a4e8d800 JavaThread "C1 CompilerThread0" daemon [_thread_blocked, id=23844, stack(0x000000bff6e00000,0x000000bff6f00000)]
  0x000002b9a4e8f000 JavaThread "Sweeper thread" daemon [_thread_blocked, id=23100, stack(0x000000bff6f00000,0x000000bff7000000)]
  0x000002b9a4f8f000 JavaThread "Common-Cleaner" daemon [_thread_blocked, id=17072, stack(0x000000bff7000000,0x000000bff7100000)]
  0x000002b9a4fbe800 JavaThread "Service Thread" daemon [_thread_blocked, id=23364, stack(0x000000bff7100000,0x000000bff7200000)]
  0x000002b9a67e9800 JavaThread "Daemon health stats" [_thread_blocked, id=15472, stack(0x000000bff7400000,0x000000bff7500000)]
  0x000002b9a5eab800 JavaThread "Incoming local TCP Connector on port 58738" [_thread_in_native, id=11100, stack(0x000000bff7500000,0x000000bff7600000)]
  0x000002b9a5988800 JavaThread "Daemon periodic checks" [_thread_blocked, id=13288, stack(0x000000bff7600000,0x000000bff7700000)]
  0x000002b9a5e73800 JavaThread "Daemon" [_thread_blocked, id=7732, stack(0x000000bff7700000,0x000000bff7800000)]
  0x000002b9a598a800 JavaThread "Handler for socket connection from /127.0.0.1:58738 to /127.0.0.1:58739" [_thread_in_native, id=3208, stack(0x000000bff7800000,0x000000bff7900000)]
  0x000002b9a6a57000 JavaThread "Cancel handler" [_thread_blocked, id=21724, stack(0x000000bff7900000,0x000000bff7a00000)]
  0x000002b9a6c78800 JavaThread "Daemon worker" [_thread_blocked, id=18212, stack(0x000000bff7a00000,0x000000bff7b00000)]
  0x000002b9a51e9800 JavaThread "Asynchronous log dispatcher for DefaultDaemonConnection: socket connection from /127.0.0.1:58738 to /127.0.0.1:58739" [_thread_blocked, id=6204, stack(0x000000bff7b00000,0x000000bff7c00000)]
  0x000002b9a51ea800 JavaThread "Stdin handler" [_thread_blocked, id=5812, stack(0x000000bff7c00000,0x000000bff7d00000)]
  0x000002b9a5dad000 JavaThread "Thread-8" [_thread_blocked, id=22412, stack(0x000000bff7d00000,0x000000bff7e00000)]
  0x000002b9a6608000 JavaThread "Cache worker for file hash cache (C:\Users\Lenovo\.gradle\caches\6.0.1\fileHashes)" [_thread_blocked, id=9308, stack(0x000000bff7e00000,0x000000bff7f00000)]
  0x000002b9a6606800 JavaThread "File lock request listener" [_thread_in_native, id=20920, stack(0x000000bff7f00000,0x000000bff8000000)]
  0x000002b9a6607000 JavaThread "Cache worker for journal cache (C:\Users\Lenovo\.gradle\caches\journal-1)" [_thread_blocked, id=1180, stack(0x000000bff8000000,0x000000bff8100000)]
  0x000002b9a6605800 JavaThread "Cache worker for file hash cache (F:\react native\app__copy\app_redux\android\.gradle\6.0.1\fileHashes)" [_thread_blocked, id=16700, stack(0x000000bff8100000,0x000000bff8200000)]
  0x000002b9a6604800 JavaThread "Cache worker for cache directory md-supplier (C:\Users\Lenovo\.gradle\caches\6.0.1\md-supplier)" [_thread_blocked, id=18224, stack(0x000000bff5f00000,0x000000bff6000000)]
  0x000002b9a660a800 JavaThread "Cache worker for cache directory md-rule (C:\Users\Lenovo\.gradle\caches\6.0.1\md-rule)" [_thread_blocked, id=11952, stack(0x000000bff6000000,0x000000bff6100000)]
  0x000002b9a660b000 JavaThread "Cache worker for execution history cache (C:\Users\Lenovo\.gradle\caches\6.0.1\executionHistory)" [_thread_blocked, id=5464, stack(0x000000bff6100000,0x000000bff6200000)]
  0x000002b9a6609800 JavaThread "Build operations" [_thread_blocked, id=18568, stack(0x000000bff8400000,0x000000bff8500000)]
  0x000002b9a94bc000 JavaThread "Build operations Thread 2" [_thread_blocked, id=12956, stack(0x000000bff8500000,0x000000bff8600000)]
  0x000002b9a94bb800 JavaThread "Cache worker for Build Output Cleanup Cache (F:\react native\app__copy\app_redux\android\.gradle\buildOutputCleanup)" [_thread_blocked, id=11948, stack(0x000000bff8600000,0x000000bff8700000)]
  0x000002b9a94ba800 JavaThread "Memory manager" [_thread_blocked, id=19892, stack(0x000000bff8700000,0x000000bff8800000)]
  0x000002b9a94b9000 JavaThread "Cache worker for file content cache (C:\Users\Lenovo\.gradle\caches\6.0.1\fileContent)" [_thread_blocked, id=24128, stack(0x000000bff8200000,0x000000bff8300000)]
  0x000002b9a94be000 JavaThread "Cache worker for file content cache (F:\react native\app__copy\app_redux\android\.gradle\6.0.1\fileContent)" [_thread_blocked, id=14436, stack(0x000000bff8800000,0x000000bff8900000)]
  0x000002b9a94b9800 JavaThread "Execution worker for ':'" [_thread_blocked, id=16864, stack(0x000000bff8900000,0x000000bff8a00000)]
  0x000002b9a94bd000 JavaThread "Cache worker for execution history cache (F:\react native\app__copy\app_redux\android\.gradle\6.0.1\executionHistory)" [_thread_blocked, id=11704, stack(0x000000bff8a00000,0x000000bff8b00000)]
  0x000002b9a94b8000 JavaThread "WorkerExecutor Queue" [_thread_blocked, id=11420, stack(0x000000bff8300000,0x000000bff8400000)]
  0x000002b9a94c0800 JavaThread "WorkerExecutor Queue Thread 2" [_thread_blocked, id=14016, stack(0x000000bff8b00000,0x000000bff8c00000)]
  0x000002b9a94bf800 JavaThread "ForkJoinPool.commonPool-worker-3" daemon [_thread_blocked, id=23260, stack(0x000000bff8c00000,0x000000bff8d00000)]
  0x000002b9a94c4800 JavaThread "ForkJoinPool-2-worker-3" daemon [_thread_blocked, id=2476, stack(0x000000bff8d00000,0x000000bff8e00000)]
  0x000002b9a94be800 JavaThread "ForkJoinPool-2-worker-1" daemon [_thread_blocked, id=22512, stack(0x000000bff8e00000,0x000000bff8f00000)]

Other Threads:
  0x000002b9a4597800 VMThread "VM Thread" [stack: 0x000000bff6800000,0x000000bff6900000] [id=11464]
  0x000002b9a4fc1800 WatcherThread [stack: 0x000000bff7200000,0x000000bff7300000] [id=15780]
  0x000002b989e6c800 GCTaskThread "GC Thread#0" [stack: 0x000000bff6300000,0x000000bff6400000] [id=2624]
  0x000002b9a551d000 GCTaskThread "GC Thread#1" [stack: 0x000000bff7300000,0x000000bff7400000] [id=21980]
  0x000002b989e7b800 ConcurrentGCThread "G1 Main Marker" [stack: 0x000000bff6400000,0x000000bff6500000] [id=11612]
  0x000002b989e7e000 ConcurrentGCThread "G1 Conc#0" [stack: 0x000000bff6500000,0x000000bff6600000] [id=13876]
  0x000002b9a4432800 ConcurrentGCThread "G1 Refine#0" [stack: 0x000000bff6600000,0x000000bff6700000] [id=23076]
  0x000002b9a4433000 ConcurrentGCThread "G1 Young RemSet Sampling" [stack: 0x000000bff6700000,0x000000bff6800000] [id=24380]

Threads with active compile tasks:
C2 CompilerThread015690       4       com.android.tools.build.apkzlib.zip.FileUseMap::add (131 bytes)

VM state:at safepoint (normal execution)

VM Mutex/Monitor currently owned by a thread:  ([mutex/lock_event])
[0x000002b989e51ee0] FreeList_lock - owner thread: 0x000002b9a551d000
[0x000002b989e525f0] Threads_lock - owner thread: 0x000002b9a4597800
[0x000002b989e52ef0] Heap_lock - owner thread: 0x000002b9a94b8000

Heap address: 0x00000000e0000000, size: 512 MB, Compressed Oops mode: 32-bit
Narrow klass base: 0x0000000000000000, Narrow klass shift: 3
Compressed class space size: 260046848 Address: 0x0000000100000000

Heap:
 garbage-first heap   total 310272K, used 306145K [0x00000000e0000000, 0x0000000100000000)
  region size 1024K, 14 young (14336K), 1 survivors (1024K)
 Metaspace       used 91481K, capacity 95680K, committed 96000K, reserved 337920K
  class space    used 11759K, capacity 13205K, committed 13312K, reserved 253952K
Heap Regions: E=young(eden), S=young(survivor), O=old, HS=humongous(starts), HC=humongous(continues), CS=collection set, F=free, A=archive, TAMS=top-at-mark-start (previous, next)
|   0|0x00000000e0000000, 0x00000000e0100000, 0x00000000e0100000|100%| O|  |TAMS 0x00000000e0100000, 0x00000000e0100000| Untracked 
|   1|0x00000000e0100000, 0x00000000e0200000, 0x00000000e0200000|100%| O|  |TAMS 0x00000000e0200000, 0x00000000e0200000| Untracked 
|   2|0x00000000e0200000, 0x00000000e0300000, 0x00000000e0300000|100%| O|  |TAMS 0x00000000e0300000, 0x00000000e0300000| Untracked 
|   3|0x00000000e0300000, 0x00000000e0400000, 0x00000000e0400000|100%|HS|  |TAMS 0x00000000e0400000, 0x00000000e0400000| Complete 
|   4|0x00000000e0400000, 0x00000000e0500000, 0x00000000e0500000|100%|HC|  |TAMS 0x00000000e0500000, 0x00000000e0500000| Complete 
|   5|0x00000000e0500000, 0x00000000e0600000, 0x00000000e0600000|100%|HC|  |TAMS 0x00000000e0600000, 0x00000000e0600000| Complete 
|   6|0x00000000e0600000, 0x00000000e0700000, 0x00000000e0700000|100%| O|  |TAMS 0x00000000e0700000, 0x00000000e0700000| Untracked 
|   7|0x00000000e0700000, 0x00000000e0800000, 0x00000000e0800000|100%| O|  |TAMS 0x00000000e0800000, 0x00000000e0800000| Untracked 
|   8|0x00000000e0800000, 0x00000000e0900000, 0x00000000e0900000|100%| O|  |TAMS 0x00000000e0900000, 0x00000000e0900000| Untracked 
|   9|0x00000000e0900000, 0x00000000e0a00000, 0x00000000e0a00000|100%| O|  |TAMS 0x00000000e0a00000, 0x00000000e0a00000| Untracked 
|  10|0x00000000e0a00000, 0x00000000e0b00000, 0x00000000e0b00000|100%| O|  |TAMS 0x00000000e0b00000, 0x00000000e0b00000| Untracked 
|  11|0x00000000e0b00000, 0x00000000e0c00000, 0x00000000e0c00000|100%| O|  |TAMS 0x00000000e0c00000, 0x00000000e0c00000| Untracked 
|  12|0x00000000e0c00000, 0x00000000e0d00000, 0x00000000e0d00000|100%| O|  |TAMS 0x00000000e0d00000, 0x00000000e0d00000| Untracked 
|  13|0x00000000e0d00000, 0x00000000e0e00000, 0x00000000e0e00000|100%| O|  |TAMS 0x00000000e0e00000, 0x00000000e0e00000| Untracked 
|  14|0x00000000e0e00000, 0x00000000e0f00000, 0x00000000e0f00000|100%| O|  |TAMS 0x00000000e0f00000, 0x00000000e0f00000| Untracked 
|  15|0x00000000e0f00000, 0x00000000e1000000, 0x00000000e1000000|100%| O|  |TAMS 0x00000000e1000000, 0x00000000e1000000| Untracked 
|  16|0x00000000e1000000, 0x00000000e1100000, 0x00000000e1100000|100%| O|  |TAMS 0x00000000e1100000, 0x00000000e1100000| Untracked 
|  17|0x00000000e1100000, 0x00000000e1200000, 0x00000000e1200000|100%| O|  |TAMS 0x00000000e1200000, 0x00000000e1200000| Untracked 
|  18|0x00000000e1200000, 0x00000000e1300000, 0x00000000e1300000|100%| O|  |TAMS 0x00000000e1300000, 0x00000000e1300000| Untracked 
|  19|0x00000000e1300000, 0x00000000e1400000, 0x00000000e1400000|100%| O|  |TAMS 0x00000000e1400000, 0x00000000e1400000| Untracked 
|  20|0x00000000e1400000, 0x00000000e1500000, 0x00000000e1500000|100%| O|  |TAMS 0x00000000e1500000, 0x00000000e1500000| Untracked 
|  21|0x00000000e1500000, 0x00000000e1600000, 0x00000000e1600000|100%| O|  |TAMS 0x00000000e1600000, 0x00000000e1600000| Untracked 
|  22|0x00000000e1600000, 0x00000000e1700000, 0x00000000e1700000|100%|HS|  |TAMS 0x00000000e1700000, 0x00000000e1700000| Complete 
|  23|0x00000000e1700000, 0x00000000e1800000, 0x00000000e1800000|100%|HC|  |TAMS 0x00000000e1800000, 0x00000000e1800000| Complete 
|  24|0x00000000e1800000, 0x00000000e1900000, 0x00000000e1900000|100%| O|  |TAMS 0x00000000e1900000, 0x00000000e1900000| Untracked 
|  25|0x00000000e1900000, 0x00000000e1a00000, 0x00000000e1a00000|100%| O|  |TAMS 0x00000000e1a00000, 0x00000000e1a00000| Untracked 
|  26|0x00000000e1a00000, 0x00000000e1b00000, 0x00000000e1b00000|100%| O|  |TAMS 0x00000000e1b00000, 0x00000000e1b00000| Untracked 
|  27|0x00000000e1b00000, 0x00000000e1c00000, 0x00000000e1c00000|100%| O|  |TAMS 0x00000000e1c00000, 0x00000000e1c00000| Untracked 
|  28|0x00000000e1c00000, 0x00000000e1d00000, 0x00000000e1d00000|100%| O|  |TAMS 0x00000000e1d00000, 0x00000000e1d00000| Untracked 
|  29|0x00000000e1d00000, 0x00000000e1e00000, 0x00000000e1e00000|100%| O|  |TAMS 0x00000000e1e00000, 0x00000000e1e00000| Untracked 
|  30|0x00000000e1e00000, 0x00000000e1f00000, 0x00000000e1f00000|100%| O|  |TAMS 0x00000000e1f00000, 0x00000000e1f00000| Untracked 
|  31|0x00000000e1f00000, 0x00000000e2000000, 0x00000000e2000000|100%| O|  |TAMS 0x00000000e2000000, 0x00000000e2000000| Untracked 
|  32|0x00000000e2000000, 0x00000000e2100000, 0x00000000e2100000|100%| O|  |TAMS 0x00000000e2100000, 0x00000000e2100000| Untracked 
|  33|0x00000000e2100000, 0x00000000e2200000, 0x00000000e2200000|100%| O|  |TAMS 0x00000000e2200000, 0x00000000e2200000| Untracked 
|  34|0x00000000e2200000, 0x00000000e2300000, 0x00000000e2300000|100%| O|  |TAMS 0x00000000e2300000, 0x00000000e2300000| Untracked 
|  35|0x00000000e2300000, 0x00000000e2400000, 0x00000000e2400000|100%| O|  |TAMS 0x00000000e2400000, 0x00000000e2400000| Untracked 
|  36|0x00000000e2400000, 0x00000000e2500000, 0x00000000e2500000|100%| O|  |TAMS 0x00000000e2500000, 0x00000000e2500000| Untracked 
|  37|0x00000000e2500000, 0x00000000e2600000, 0x00000000e2600000|100%| O|  |TAMS 0x00000000e2600000, 0x00000000e2600000| Untracked 
|  38|0x00000000e2600000, 0x00000000e2700000, 0x00000000e2700000|100%| O|  |TAMS 0x00000000e2700000, 0x00000000e2700000| Untracked 
|  39|0x00000000e2700000, 0x00000000e2800000, 0x00000000e2800000|100%| O|  |TAMS 0x00000000e2800000, 0x00000000e2800000| Untracked 
|  40|0x00000000e2800000, 0x00000000e2900000, 0x00000000e2900000|100%| O|  |TAMS 0x00000000e2900000, 0x00000000e2900000| Untracked 
|  41|0x00000000e2900000, 0x00000000e2a00000, 0x00000000e2a00000|100%| O|  |TAMS 0x00000000e2a00000, 0x00000000e2a00000| Untracked 
|  42|0x00000000e2a00000, 0x00000000e2b00000, 0x00000000e2b00000|100%| O|  |TAMS 0x00000000e2b00000, 0x00000000e2b00000| Untracked 
|  43|0x00000000e2b00000, 0x00000000e2c00000, 0x00000000e2c00000|100%| O|  |TAMS 0x00000000e2c00000, 0x00000000e2c00000| Untracked 
|  44|0x00000000e2c00000, 0x00000000e2d00000, 0x00000000e2d00000|100%| O|  |TAMS 0x00000000e2d00000, 0x00000000e2d00000| Untracked 
|  45|0x00000000e2d00000, 0x00000000e2e00000, 0x00000000e2e00000|100%| O|  |TAMS 0x00000000e2e00000, 0x00000000e2e00000| Untracked 
|  46|0x00000000e2e00000, 0x00000000e2f00000, 0x00000000e2f00000|100%| O|  |TAMS 0x00000000e2f00000, 0x00000000e2f00000| Untracked 
|  47|0x00000000e2f00000, 0x00000000e3000000, 0x00000000e3000000|100%| O|  |TAMS 0x00000000e3000000, 0x00000000e3000000| Untracked 
|  48|0x00000000e3000000, 0x00000000e3100000, 0x00000000e3100000|100%| O|  |TAMS 0x00000000e3100000, 0x00000000e3100000| Untracked 
|  49|0x00000000e3100000, 0x00000000e3200000, 0x00000000e3200000|100%| O|  |TAMS 0x00000000e3200000, 0x00000000e3200000| Untracked 
|  50|0x00000000e3200000, 0x00000000e3300000, 0x00000000e3300000|100%| O|  |TAMS 0x00000000e3300000, 0x00000000e3300000| Untracked 
|  51|0x00000000e3300000, 0x00000000e3400000, 0x00000000e3400000|100%| O|  |TAMS 0x00000000e3300000, 0x00000000e3400000| Untracked 
|  52|0x00000000e3400000, 0x00000000e3500000, 0x00000000e3500000|100%|HS|  |TAMS 0x00000000e3500000, 0x00000000e3500000| Complete 
|  53|0x00000000e3500000, 0x00000000e3600000, 0x00000000e3600000|100%|HC|  |TAMS 0x00000000e3600000, 0x00000000e3600000| Complete 
|  54|0x00000000e3600000, 0x00000000e3700000, 0x00000000e3700000|100%|HC|  |TAMS 0x00000000e3700000, 0x00000000e3700000| Complete 
|  55|0x00000000e3700000, 0x00000000e3800000, 0x00000000e3800000|100%|HS|  |TAMS 0x00000000e3800000, 0x00000000e3800000| Complete 
|  56|0x00000000e3800000, 0x00000000e3900000, 0x00000000e3900000|100%|HC|  |TAMS 0x00000000e3900000, 0x00000000e3900000| Complete 
|  57|0x00000000e3900000, 0x00000000e3a00000, 0x00000000e3a00000|100%|HC|  |TAMS 0x00000000e3a00000, 0x00000000e3a00000| Complete 
|  58|0x00000000e3a00000, 0x00000000e3b00000, 0x00000000e3b00000|100%|HS|  |TAMS 0x00000000e3b00000, 0x00000000e3b00000| Complete 
|  59|0x00000000e3b00000, 0x00000000e3c00000, 0x00000000e3c00000|100%|HC|  |TAMS 0x00000000e3c00000, 0x00000000e3c00000| Complete 
|  60|0x00000000e3c00000, 0x00000000e3d00000, 0x00000000e3d00000|100%|HS|  |TAMS 0x00000000e3d00000, 0x00000000e3d00000| Complete 
|  61|0x00000000e3d00000, 0x00000000e3e00000, 0x00000000e3e00000|100%|HC|  |TAMS 0x00000000e3e00000, 0x00000000e3e00000| Complete 
|  62|0x00000000e3e00000, 0x00000000e3f00000, 0x00000000e3f00000|100%|HC|  |TAMS 0x00000000e3f00000, 0x00000000e3f00000| Complete 
|  63|0x00000000e3f00000, 0x00000000e4000000, 0x00000000e4000000|100%| O|  |TAMS 0x00000000e4000000, 0x00000000e4000000| Untracked 
|  64|0x00000000e4000000, 0x00000000e4100000, 0x00000000e4100000|100%| O|  |TAMS 0x00000000e4100000, 0x00000000e4100000| Untracked 
|  65|0x00000000e4100000, 0x00000000e4200000, 0x00000000e4200000|100%| O|  |TAMS 0x00000000e4200000, 0x00000000e4200000| Untracked 
|  66|0x00000000e4200000, 0x00000000e4300000, 0x00000000e4300000|100%| O|  |TAMS 0x00000000e4300000, 0x00000000e4300000| Untracked 
|  67|0x00000000e4300000, 0x00000000e4400000, 0x00000000e4400000|100%| O|  |TAMS 0x00000000e4400000, 0x00000000e4400000| Untracked 
|  68|0x00000000e4400000, 0x00000000e4500000, 0x00000000e4500000|100%| O|  |TAMS 0x00000000e4500000, 0x00000000e4500000| Untracked 
|  69|0x00000000e4500000, 0x00000000e4600000, 0x00000000e4600000|100%| O|  |TAMS 0x00000000e4600000, 0x00000000e4600000| Untracked 
|  70|0x00000000e4600000, 0x00000000e4700000, 0x00000000e4700000|100%| O|  |TAMS 0x00000000e4700000, 0x00000000e4700000| Untracked 
|  71|0x00000000e4700000, 0x00000000e4800000, 0x00000000e4800000|100%| O|  |TAMS 0x00000000e4800000, 0x00000000e4800000| Untracked 
|  72|0x00000000e4800000, 0x00000000e4900000, 0x00000000e4900000|100%| O|  |TAMS 0x00000000e4900000, 0x00000000e4900000| Untracked 
|  73|0x00000000e4900000, 0x00000000e4a00000, 0x00000000e4a00000|100%| O|  |TAMS 0x00000000e4a00000, 0x00000000e4a00000| Untracked 
|  74|0x00000000e4a00000, 0x00000000e4b00000, 0x00000000e4b00000|100%| O|  |TAMS 0x00000000e4b00000, 0x00000000e4b00000| Untracked 
|  75|0x00000000e4b00000, 0x00000000e4c00000, 0x00000000e4c00000|100%| O|  |TAMS 0x00000000e4c00000, 0x00000000e4c00000| Untracked 
|  76|0x00000000e4c00000, 0x00000000e4d00000, 0x00000000e4d00000|100%| O|  |TAMS 0x00000000e4d00000, 0x00000000e4d00000| Untracked 
|  77|0x00000000e4d00000, 0x00000000e4e00000, 0x00000000e4e00000|100%| O|  |TAMS 0x00000000e4e00000, 0x00000000e4e00000| Untracked 
|  78|0x00000000e4e00000, 0x00000000e4f00000, 0x00000000e4f00000|100%| O|  |TAMS 0x00000000e4f00000, 0x00000000e4f00000| Untracked 
|  79|0x00000000e4f00000, 0x00000000e5000000, 0x00000000e5000000|100%| O|  |TAMS 0x00000000e5000000, 0x00000000e5000000| Untracked 
|  80|0x00000000e5000000, 0x00000000e5100000, 0x00000000e5100000|100%| O|  |TAMS 0x00000000e5100000, 0x00000000e5100000| Untracked 
|  81|0x00000000e5100000, 0x00000000e5200000, 0x00000000e5200000|100%| O|  |TAMS 0x00000000e5200000, 0x00000000e5200000| Untracked 
|  82|0x00000000e5200000, 0x00000000e5300000, 0x00000000e5300000|100%| O|  |TAMS 0x00000000e5300000, 0x00000000e5300000| Untracked 
|  83|0x00000000e5300000, 0x00000000e5400000, 0x00000000e5400000|100%| O|  |TAMS 0x00000000e5400000, 0x00000000e5400000| Untracked 
|  84|0x00000000e5400000, 0x00000000e5500000, 0x00000000e5500000|100%| O|  |TAMS 0x00000000e5500000, 0x00000000e5500000| Untracked 
|  85|0x00000000e5500000, 0x00000000e5600000, 0x00000000e5600000|100%| O|  |TAMS 0x00000000e5600000, 0x00000000e5600000| Untracked 
|  86|0x00000000e5600000, 0x00000000e5700000, 0x00000000e5700000|100%| O|  |TAMS 0x00000000e5700000, 0x00000000e5700000| Untracked 
|  87|0x00000000e5700000, 0x00000000e5800000, 0x00000000e5800000|100%| O|  |TAMS 0x00000000e5800000, 0x00000000e5800000| Untracked 
|  88|0x00000000e5800000, 0x00000000e5900000, 0x00000000e5900000|100%| O|  |TAMS 0x00000000e5900000, 0x00000000e5900000| Untracked 
|  89|0x00000000e5900000, 0x00000000e5a00000, 0x00000000e5a00000|100%| O|  |TAMS 0x00000000e5a00000, 0x00000000e5a00000| Untracked 
|  90|0x00000000e5a00000, 0x00000000e5b00000, 0x00000000e5b00000|100%| O|  |TAMS 0x00000000e5b00000, 0x00000000e5b00000| Untracked 
|  91|0x00000000e5b00000, 0x00000000e5c00000, 0x00000000e5c00000|100%| O|  |TAMS 0x00000000e5c00000, 0x00000000e5c00000| Untracked 
|  92|0x00000000e5c00000, 0x00000000e5d00000, 0x00000000e5d00000|100%| O|  |TAMS 0x00000000e5d00000, 0x00000000e5d00000| Untracked 
|  93|0x00000000e5d00000, 0x00000000e5e00000, 0x00000000e5e00000|100%| O|  |TAMS 0x00000000e5e00000, 0x00000000e5e00000| Untracked 
|  94|0x00000000e5e00000, 0x00000000e5f00000, 0x00000000e5f00000|100%| O|  |TAMS 0x00000000e5f00000, 0x00000000e5f00000| Untracked 
|  95|0x00000000e5f00000, 0x00000000e6000000, 0x00000000e6000000|100%| O|  |TAMS 0x00000000e6000000, 0x00000000e6000000| Untracked 
|  96|0x00000000e6000000, 0x00000000e6100000, 0x00000000e6100000|100%| O|  |TAMS 0x00000000e6100000, 0x00000000e6100000| Untracked 
|  97|0x00000000e6100000, 0x00000000e6200000, 0x00000000e6200000|100%| O|  |TAMS 0x00000000e6200000, 0x00000000e6200000| Untracked 
|  98|0x00000000e6200000, 0x00000000e6300000, 0x00000000e6300000|100%| O|  |TAMS 0x00000000e6300000, 0x00000000e6300000| Untracked 
|  99|0x00000000e6300000, 0x00000000e6400000, 0x00000000e6400000|100%| O|  |TAMS 0x00000000e6400000, 0x00000000e6400000| Untracked 
| 100|0x00000000e6400000, 0x00000000e6500000, 0x00000000e6500000|100%| O|  |TAMS 0x00000000e6500000, 0x00000000e6500000| Untracked 
| 101|0x00000000e6500000, 0x00000000e6600000, 0x00000000e6600000|100%| O|  |TAMS 0x00000000e6600000, 0x00000000e6600000| Untracked 
| 102|0x00000000e6600000, 0x00000000e6700000, 0x00000000e6700000|100%| O|  |TAMS 0x00000000e6700000, 0x00000000e6700000| Untracked 
| 103|0x00000000e6700000, 0x00000000e6800000, 0x00000000e6800000|100%| O|  |TAMS 0x00000000e6800000, 0x00000000e6800000| Untracked 
| 104|0x00000000e6800000, 0x00000000e6900000, 0x00000000e6900000|100%| O|  |TAMS 0x00000000e6900000, 0x00000000e6900000| Untracked 
| 105|0x00000000e6900000, 0x00000000e6a00000, 0x00000000e6a00000|100%| O|  |TAMS 0x00000000e6a00000, 0x00000000e6a00000| Untracked 
| 106|0x00000000e6a00000, 0x00000000e6b00000, 0x00000000e6b00000|100%| O|  |TAMS 0x00000000e6b00000, 0x00000000e6b00000| Untracked 
| 107|0x00000000e6b00000, 0x00000000e6c00000, 0x00000000e6c00000|100%| O|  |TAMS 0x00000000e6c00000, 0x00000000e6c00000| Untracked 
| 108|0x00000000e6c00000, 0x00000000e6d00000, 0x00000000e6d00000|100%| O|  |TAMS 0x00000000e6d00000, 0x00000000e6d00000| Untracked 
| 109|0x00000000e6d00000, 0x00000000e6e00000, 0x00000000e6e00000|100%| O|  |TAMS 0x00000000e6e00000, 0x00000000e6e00000| Untracked 
| 110|0x00000000e6e00000, 0x00000000e6f00000, 0x00000000e6f00000|100%| O|  |TAMS 0x00000000e6f00000, 0x00000000e6f00000| Untracked 
| 111|0x00000000e6f00000, 0x00000000e7000000, 0x00000000e7000000|100%| O|  |TAMS 0x00000000e7000000, 0x00000000e7000000| Untracked 
| 112|0x00000000e7000000, 0x00000000e7100000, 0x00000000e7100000|100%| O|  |TAMS 0x00000000e7100000, 0x00000000e7100000| Untracked 
| 113|0x00000000e7100000, 0x00000000e7200000, 0x00000000e7200000|100%| O|  |TAMS 0x00000000e7200000, 0x00000000e7200000| Untracked 
| 114|0x00000000e7200000, 0x00000000e7300000, 0x00000000e7300000|100%| O|  |TAMS 0x00000000e7300000, 0x00000000e7300000| Untracked 
| 115|0x00000000e7300000, 0x00000000e7400000, 0x00000000e7400000|100%| O|  |TAMS 0x00000000e7400000, 0x00000000e7400000| Untracked 
| 116|0x00000000e7400000, 0x00000000e7500000, 0x00000000e7500000|100%| O|  |TAMS 0x00000000e7500000, 0x00000000e7500000| Untracked 
| 117|0x00000000e7500000, 0x00000000e7600000, 0x00000000e7600000|100%| O|  |TAMS 0x00000000e7600000, 0x00000000e7600000| Untracked 
| 118|0x00000000e7600000, 0x00000000e7700000, 0x00000000e7700000|100%| O|  |TAMS 0x00000000e7700000, 0x00000000e7700000| Untracked 
| 119|0x00000000e7700000, 0x00000000e7800000, 0x00000000e7800000|100%| O|  |TAMS 0x00000000e7800000, 0x00000000e7800000| Untracked 
| 120|0x00000000e7800000, 0x00000000e7900000, 0x00000000e7900000|100%| O|  |TAMS 0x00000000e7900000, 0x00000000e7900000| Untracked 
| 121|0x00000000e7900000, 0x00000000e7a00000, 0x00000000e7a00000|100%| O|  |TAMS 0x00000000e7a00000, 0x00000000e7a00000| Untracked 
| 122|0x00000000e7a00000, 0x00000000e7b00000, 0x00000000e7b00000|100%| O|  |TAMS 0x00000000e7b00000, 0x00000000e7b00000| Untracked 
| 123|0x00000000e7b00000, 0x00000000e7c00000, 0x00000000e7c00000|100%| O|  |TAMS 0x00000000e7c00000, 0x00000000e7c00000| Untracked 
| 124|0x00000000e7c00000, 0x00000000e7d00000, 0x00000000e7d00000|100%| O|  |TAMS 0x00000000e7d00000, 0x00000000e7d00000| Untracked 
| 125|0x00000000e7d00000, 0x00000000e7e00000, 0x00000000e7e00000|100%| O|  |TAMS 0x00000000e7e00000, 0x00000000e7e00000| Untracked 
| 126|0x00000000e7e00000, 0x00000000e7f00000, 0x00000000e7f00000|100%| O|  |TAMS 0x00000000e7f00000, 0x00000000e7f00000| Untracked 
| 127|0x00000000e7f00000, 0x00000000e8000000, 0x00000000e8000000|100%| O|  |TAMS 0x00000000e8000000, 0x00000000e8000000| Untracked 
| 128|0x00000000e8000000, 0x00000000e8100000, 0x00000000e8100000|100%| O|  |TAMS 0x00000000e8100000, 0x00000000e8100000| Untracked 
| 129|0x00000000e8100000, 0x00000000e8200000, 0x00000000e8200000|100%| O|  |TAMS 0x00000000e8200000, 0x00000000e8200000| Untracked 
| 130|0x00000000e8200000, 0x00000000e8300000, 0x00000000e8300000|100%| O|  |TAMS 0x00000000e8300000, 0x00000000e8300000| Untracked 
| 131|0x00000000e8300000, 0x00000000e8400000, 0x00000000e8400000|100%| O|  |TAMS 0x00000000e8400000, 0x00000000e8400000| Untracked 
| 132|0x00000000e8400000, 0x00000000e8500000, 0x00000000e8500000|100%| O|  |TAMS 0x00000000e8500000, 0x00000000e8500000| Untracked 
| 133|0x00000000e8500000, 0x00000000e8600000, 0x00000000e8600000|100%| O|  |TAMS 0x00000000e8600000, 0x00000000e8600000| Untracked 
| 134|0x00000000e8600000, 0x00000000e8700000, 0x00000000e8700000|100%| O|  |TAMS 0x00000000e8700000, 0x00000000e8700000| Untracked 
| 135|0x00000000e8700000, 0x00000000e8800000, 0x00000000e8800000|100%| O|  |TAMS 0x00000000e8800000, 0x00000000e8800000| Untracked 
| 136|0x00000000e8800000, 0x00000000e8900000, 0x00000000e8900000|100%| O|  |TAMS 0x00000000e8900000, 0x00000000e8900000| Untracked 
| 137|0x00000000e8900000, 0x00000000e8a00000, 0x00000000e8a00000|100%| O|  |TAMS 0x00000000e8a00000, 0x00000000e8a00000| Untracked 
| 138|0x00000000e8a00000, 0x00000000e8b00000, 0x00000000e8b00000|100%| O|  |TAMS 0x00000000e8b00000, 0x00000000e8b00000| Untracked 
| 139|0x00000000e8b00000, 0x00000000e8c00000, 0x00000000e8c00000|100%| O|  |TAMS 0x00000000e8c00000, 0x00000000e8c00000| Untracked 
| 140|0x00000000e8c00000, 0x00000000e8d00000, 0x00000000e8d00000|100%| O|  |TAMS 0x00000000e8d00000, 0x00000000e8d00000| Untracked 
| 141|0x00000000e8d00000, 0x00000000e8e00000, 0x00000000e8e00000|100%| O|  |TAMS 0x00000000e8e00000, 0x00000000e8e00000| Untracked 
| 142|0x00000000e8e00000, 0x00000000e8f00000, 0x00000000e8f00000|100%| O|  |TAMS 0x00000000e8f00000, 0x00000000e8f00000| Untracked 
| 143|0x00000000e8f00000, 0x00000000e9000000, 0x00000000e9000000|100%| O|  |TAMS 0x00000000e9000000, 0x00000000e9000000| Untracked 
| 144|0x00000000e9000000, 0x00000000e9100000, 0x00000000e9100000|100%| O|  |TAMS 0x00000000e9100000, 0x00000000e9100000| Untracked 
| 145|0x00000000e9100000, 0x00000000e9200000, 0x00000000e9200000|100%| O|  |TAMS 0x00000000e9200000, 0x00000000e9200000| Untracked 
| 146|0x00000000e9200000, 0x00000000e9300000, 0x00000000e9300000|100%| O|  |TAMS 0x00000000e9300000, 0x00000000e9300000| Untracked 
| 147|0x00000000e9300000, 0x00000000e9400000, 0x00000000e9400000|100%| O|  |TAMS 0x00000000e9400000, 0x00000000e9400000| Untracked 
| 148|0x00000000e9400000, 0x00000000e9500000, 0x00000000e9500000|100%| O|  |TAMS 0x00000000e9500000, 0x00000000e9500000| Untracked 
| 149|0x00000000e9500000, 0x00000000e9600000, 0x00000000e9600000|100%| O|  |TAMS 0x00000000e9600000, 0x00000000e9600000| Untracked 
| 150|0x00000000e9600000, 0x00000000e9700000, 0x00000000e9700000|100%| O|  |TAMS 0x00000000e9700000, 0x00000000e9700000| Untracked 
| 151|0x00000000e9700000, 0x00000000e9800000, 0x00000000e9800000|100%| O|  |TAMS 0x00000000e9800000, 0x00000000e9800000| Untracked 
| 152|0x00000000e9800000, 0x00000000e9900000, 0x00000000e9900000|100%| O|  |TAMS 0x00000000e9900000, 0x00000000e9900000| Untracked 
| 153|0x00000000e9900000, 0x00000000e9a00000, 0x00000000e9a00000|100%| O|  |TAMS 0x00000000e9a00000, 0x00000000e9a00000| Untracked 
| 154|0x00000000e9a00000, 0x00000000e9b00000, 0x00000000e9b00000|100%| O|  |TAMS 0x00000000e9b00000, 0x00000000e9b00000| Untracked 
| 155|0x00000000e9b00000, 0x00000000e9c00000, 0x00000000e9c00000|100%|HS|  |TAMS 0x00000000e9c00000, 0x00000000e9c00000| Complete 
| 156|0x00000000e9c00000, 0x00000000e9d00000, 0x00000000e9d00000|100%|HC|  |TAMS 0x00000000e9d00000, 0x00000000e9d00000| Complete 
| 157|0x00000000e9d00000, 0x00000000e9e00000, 0x00000000e9e00000|100%| O|  |TAMS 0x00000000e9e00000, 0x00000000e9e00000| Untracked 
| 158|0x00000000e9e00000, 0x00000000e9f00000, 0x00000000e9f00000|100%| O|  |TAMS 0x00000000e9f00000, 0x00000000e9f00000| Untracked 
| 159|0x00000000e9f00000, 0x00000000ea000000, 0x00000000ea000000|100%| O|  |TAMS 0x00000000ea000000, 0x00000000ea000000| Untracked 
| 160|0x00000000ea000000, 0x00000000ea100000, 0x00000000ea100000|100%| O|  |TAMS 0x00000000ea100000, 0x00000000ea100000| Untracked 
| 161|0x00000000ea100000, 0x00000000ea200000, 0x00000000ea200000|100%| O|  |TAMS 0x00000000ea200000, 0x00000000ea200000| Untracked 
| 162|0x00000000ea200000, 0x00000000ea300000, 0x00000000ea300000|100%| O|  |TAMS 0x00000000ea300000, 0x00000000ea300000| Untracked 
| 163|0x00000000ea300000, 0x00000000ea400000, 0x00000000ea400000|100%| O|  |TAMS 0x00000000ea400000, 0x00000000ea400000| Untracked 
| 164|0x00000000ea400000, 0x00000000ea500000, 0x00000000ea500000|100%| O|  |TAMS 0x00000000ea500000, 0x00000000ea500000| Untracked 
| 165|0x00000000ea500000, 0x00000000ea600000, 0x00000000ea600000|100%| O|  |TAMS 0x00000000ea600000, 0x00000000ea600000| Untracked 
| 166|0x00000000ea600000, 0x00000000ea700000, 0x00000000ea700000|100%|HS|  |TAMS 0x00000000ea700000, 0x00000000ea700000| Complete 
| 167|0x00000000ea700000, 0x00000000ea800000, 0x00000000ea800000|100%|HS|  |TAMS 0x00000000ea800000, 0x00000000ea800000| Complete 
| 168|0x00000000ea800000, 0x00000000ea900000, 0x00000000ea900000|100%|HS|  |TAMS 0x00000000ea900000, 0x00000000ea900000| Complete 
| 169|0x00000000ea900000, 0x00000000eaa00000, 0x00000000eaa00000|100%|HS|  |TAMS 0x00000000eaa00000, 0x00000000eaa00000| Complete 
| 170|0x00000000eaa00000, 0x00000000eab00000, 0x00000000eab00000|100%|HC|  |TAMS 0x00000000eab00000, 0x00000000eab00000| Complete 
| 171|0x00000000eab00000, 0x00000000eac00000, 0x00000000eac00000|100%| O|  |TAMS 0x00000000eac00000, 0x00000000eac00000| Untracked 
| 172|0x00000000eac00000, 0x00000000ead00000, 0x00000000ead00000|100%| O|  |TAMS 0x00000000ead00000, 0x00000000ead00000| Untracked 
| 173|0x00000000ead00000, 0x00000000eae00000, 0x00000000eae00000|100%| O|  |TAMS 0x00000000eae00000, 0x00000000eae00000| Untracked 
| 174|0x00000000eae00000, 0x00000000eaf00000, 0x00000000eaf00000|100%| O|  |TAMS 0x00000000eaf00000, 0x00000000eaf00000| Untracked 
| 175|0x00000000eaf00000, 0x00000000eb000000, 0x00000000eb000000|100%| O|  |TAMS 0x00000000eb000000, 0x00000000eb000000| Untracked 
| 176|0x00000000eb000000, 0x00000000eb100000, 0x00000000eb100000|100%| O|  |TAMS 0x00000000eb100000, 0x00000000eb100000| Untracked 
| 177|0x00000000eb100000, 0x00000000eb200000, 0x00000000eb200000|100%| O|  |TAMS 0x00000000eb200000, 0x00000000eb200000| Untracked 
| 178|0x00000000eb200000, 0x00000000eb300000, 0x00000000eb300000|100%| O|  |TAMS 0x00000000eb300000, 0x00000000eb300000| Untracked 
| 179|0x00000000eb300000, 0x00000000eb400000, 0x00000000eb400000|100%| O|  |TAMS 0x00000000eb400000, 0x00000000eb400000| Untracked 
| 180|0x00000000eb400000, 0x00000000eb500000, 0x00000000eb500000|100%| O|  |TAMS 0x00000000eb500000, 0x00000000eb500000| Untracked 
| 181|0x00000000eb500000, 0x00000000eb600000, 0x00000000eb600000|100%| O|  |TAMS 0x00000000eb600000, 0x00000000eb600000| Untracked 
| 182|0x00000000eb600000, 0x00000000eb700000, 0x00000000eb700000|100%| O|  |TAMS 0x00000000eb700000, 0x00000000eb700000| Untracked 
| 183|0x00000000eb700000, 0x00000000eb800000, 0x00000000eb800000|100%| O|  |TAMS 0x00000000eb800000, 0x00000000eb800000| Untracked 
| 184|0x00000000eb800000, 0x00000000eb900000, 0x00000000eb900000|100%|HS|  |TAMS 0x00000000eb900000, 0x00000000eb900000| Complete 
| 185|0x00000000eb900000, 0x00000000eba00000, 0x00000000eba00000|100%|HC|  |TAMS 0x00000000eba00000, 0x00000000eba00000| Complete 
| 186|0x00000000eba00000, 0x00000000ebb00000, 0x00000000ebb00000|100%| O|  |TAMS 0x00000000ebb00000, 0x00000000ebb00000| Untracked 
| 187|0x00000000ebb00000, 0x00000000ebc00000, 0x00000000ebc00000|100%|HS|  |TAMS 0x00000000ebc00000, 0x00000000ebc00000| Complete 
| 188|0x00000000ebc00000, 0x00000000ebd00000, 0x00000000ebd00000|100%| O|  |TAMS 0x00000000ebd00000, 0x00000000ebd00000| Untracked 
| 189|0x00000000ebd00000, 0x00000000ebe00000, 0x00000000ebe00000|100%|HS|  |TAMS 0x00000000ebe00000, 0x00000000ebe00000| Complete 
| 190|0x00000000ebe00000, 0x00000000ebf00000, 0x00000000ebf00000|100%| O|  |TAMS 0x00000000ebf00000, 0x00000000ebf00000| Untracked 
| 191|0x00000000ebf00000, 0x00000000ec000000, 0x00000000ec000000|100%|HS|  |TAMS 0x00000000ec000000, 0x00000000ec000000| Complete 
| 192|0x00000000ec000000, 0x00000000ec100000, 0x00000000ec100000|100%| O|  |TAMS 0x00000000ec100000, 0x00000000ec100000| Untracked 
| 193|0x00000000ec100000, 0x00000000ec200000, 0x00000000ec200000|100%|HS|  |TAMS 0x00000000ec200000, 0x00000000ec200000| Complete 
| 194|0x00000000ec200000, 0x00000000ec300000, 0x00000000ec300000|100%|HS|  |TAMS 0x00000000ec300000, 0x00000000ec300000| Complete 
| 195|0x00000000ec300000, 0x00000000ec400000, 0x00000000ec400000|100%|HC|  |TAMS 0x00000000ec400000, 0x00000000ec400000| Complete 
| 196|0x00000000ec400000, 0x00000000ec500000, 0x00000000ec500000|100%| O|  |TAMS 0x00000000ec500000, 0x00000000ec500000| Untracked 
| 197|0x00000000ec500000, 0x00000000ec600000, 0x00000000ec600000|100%| O|  |TAMS 0x00000000ec600000, 0x00000000ec600000| Untracked 
| 198|0x00000000ec600000, 0x00000000ec700000, 0x00000000ec700000|100%| O|  |TAMS 0x00000000ec700000, 0x00000000ec700000| Untracked 
| 199|0x00000000ec700000, 0x00000000ec800000, 0x00000000ec800000|100%| O|  |TAMS 0x00000000ec800000, 0x00000000ec800000| Untracked 
| 200|0x00000000ec800000, 0x00000000ec900000, 0x00000000ec900000|100%| O|  |TAMS 0x00000000ec900000, 0x00000000ec900000| Untracked 
| 201|0x00000000ec900000, 0x00000000eca00000, 0x00000000eca00000|100%| O|  |TAMS 0x00000000eca00000, 0x00000000eca00000| Untracked 
| 202|0x00000000eca00000, 0x00000000ecb00000, 0x00000000ecb00000|100%| O|  |TAMS 0x00000000ecb00000, 0x00000000ecb00000| Untracked 
| 203|0x00000000ecb00000, 0x00000000ecc00000, 0x00000000ecc00000|100%| O|  |TAMS 0x00000000ecc00000, 0x00000000ecc00000| Untracked 
| 204|0x00000000ecc00000, 0x00000000ecd00000, 0x00000000ecd00000|100%| O|  |TAMS 0x00000000ecd00000, 0x00000000ecd00000| Untracked 
| 205|0x00000000ecd00000, 0x00000000ece00000, 0x00000000ece00000|100%| O|  |TAMS 0x00000000ece00000, 0x00000000ece00000| Untracked 
| 206|0x00000000ece00000, 0x00000000ecf00000, 0x00000000ecf00000|100%| O|  |TAMS 0x00000000ecf00000, 0x00000000ecf00000| Untracked 
| 207|0x00000000ecf00000, 0x00000000ed000000, 0x00000000ed000000|100%| O|  |TAMS 0x00000000ed000000, 0x00000000ed000000| Untracked 
| 208|0x00000000ed000000, 0x00000000ed100000, 0x00000000ed100000|100%| O|  |TAMS 0x00000000ed100000, 0x00000000ed100000| Untracked 
| 209|0x00000000ed100000, 0x00000000ed200000, 0x00000000ed200000|100%|HS|  |TAMS 0x00000000ed200000, 0x00000000ed200000| Complete 
| 210|0x00000000ed200000, 0x00000000ed300000, 0x00000000ed300000|100%| O|  |TAMS 0x00000000ed300000, 0x00000000ed300000| Untracked 
| 211|0x00000000ed300000, 0x00000000ed400000, 0x00000000ed400000|100%| O|  |TAMS 0x00000000ed400000, 0x00000000ed400000| Untracked 
| 212|0x00000000ed400000, 0x00000000ed500000, 0x00000000ed500000|100%| O|  |TAMS 0x00000000ed500000, 0x00000000ed500000| Untracked 
| 213|0x00000000ed500000, 0x00000000ed600000, 0x00000000ed600000|100%| O|  |TAMS 0x00000000ed600000, 0x00000000ed600000| Untracked 
| 214|0x00000000ed600000, 0x00000000ed700000, 0x00000000ed700000|100%|HS|  |TAMS 0x00000000ed700000, 0x00000000ed700000| Complete 
| 215|0x00000000ed700000, 0x00000000ed800000, 0x00000000ed800000|100%| O|  |TAMS 0x00000000ed800000, 0x00000000ed800000| Untracked 
| 216|0x00000000ed800000, 0x00000000ed900000, 0x00000000ed900000|100%| O|  |TAMS 0x00000000ed900000, 0x00000000ed900000| Untracked 
| 217|0x00000000ed900000, 0x00000000eda00000, 0x00000000eda00000|100%| O|  |TAMS 0x00000000eda00000, 0x00000000eda00000| Untracked 
| 218|0x00000000eda00000, 0x00000000edb00000, 0x00000000edb00000|100%| O|  |TAMS 0x00000000edb00000, 0x00000000edb00000| Untracked 
| 219|0x00000000edb00000, 0x00000000edc00000, 0x00000000edc00000|100%| O|  |TAMS 0x00000000edc00000, 0x00000000edc00000| Untracked 
| 220|0x00000000edc00000, 0x00000000edd00000, 0x00000000edd00000|100%| O|  |TAMS 0x00000000edd00000, 0x00000000edd00000| Untracked 
| 221|0x00000000edd00000, 0x00000000ede00000, 0x00000000ede00000|100%| O|  |TAMS 0x00000000ede00000, 0x00000000ede00000| Untracked 
| 222|0x00000000ede00000, 0x00000000edf00000, 0x00000000edf00000|100%| O|  |TAMS 0x00000000edf00000, 0x00000000edf00000| Untracked 
| 223|0x00000000edf00000, 0x00000000ee000000, 0x00000000ee000000|100%| O|  |TAMS 0x00000000ee000000, 0x00000000ee000000| Untracked 
| 224|0x00000000ee000000, 0x00000000ee100000, 0x00000000ee100000|100%| O|  |TAMS 0x00000000ee100000, 0x00000000ee100000| Untracked 
| 225|0x00000000ee100000, 0x00000000ee200000, 0x00000000ee200000|100%| O|  |TAMS 0x00000000ee200000, 0x00000000ee200000| Untracked 
| 226|0x00000000ee200000, 0x00000000ee300000, 0x00000000ee300000|100%| O|  |TAMS 0x00000000ee300000, 0x00000000ee300000| Untracked 
| 227|0x00000000ee300000, 0x00000000ee400000, 0x00000000ee400000|100%| O|  |TAMS 0x00000000ee400000, 0x00000000ee400000| Untracked 
| 228|0x00000000ee400000, 0x00000000ee500000, 0x00000000ee500000|100%| O|  |TAMS 0x00000000ee500000, 0x00000000ee500000| Untracked 
| 229|0x00000000ee500000, 0x00000000ee600000, 0x00000000ee600000|100%| O|  |TAMS 0x00000000ee600000, 0x00000000ee600000| Untracked 
| 230|0x00000000ee600000, 0x00000000ee700000, 0x00000000ee700000|100%| O|  |TAMS 0x00000000ee700000, 0x00000000ee700000| Untracked 
| 231|0x00000000ee700000, 0x00000000ee800000, 0x00000000ee800000|100%| O|  |TAMS 0x00000000ee800000, 0x00000000ee800000| Untracked 
| 232|0x00000000ee800000, 0x00000000ee900000, 0x00000000ee900000|100%| O|  |TAMS 0x00000000ee900000, 0x00000000ee900000| Untracked 
| 233|0x00000000ee900000, 0x00000000eea00000, 0x00000000eea00000|100%| O|  |TAMS 0x00000000eea00000, 0x00000000eea00000| Untracked 
| 234|0x00000000eea00000, 0x00000000eeb00000, 0x00000000eeb00000|100%| O|  |TAMS 0x00000000eeb00000, 0x00000000eeb00000| Untracked 
| 235|0x00000000eeb00000, 0x00000000eec00000, 0x00000000eec00000|100%| O|  |TAMS 0x00000000eec00000, 0x00000000eec00000| Untracked 
| 236|0x00000000eec00000, 0x00000000eed00000, 0x00000000eed00000|100%| O|  |TAMS 0x00000000eed00000, 0x00000000eed00000| Untracked 
| 237|0x00000000eed00000, 0x00000000eee00000, 0x00000000eee00000|100%| O|  |TAMS 0x00000000eee00000, 0x00000000eee00000| Untracked 
| 238|0x00000000eee00000, 0x00000000eef00000, 0x00000000eef00000|100%| O|  |TAMS 0x00000000eef00000, 0x00000000eef00000| Untracked 
| 239|0x00000000eef00000, 0x00000000ef000000, 0x00000000ef000000|100%| O|  |TAMS 0x00000000ef000000, 0x00000000ef000000| Untracked 
| 240|0x00000000ef000000, 0x00000000ef100000, 0x00000000ef100000|100%| O|  |TAMS 0x00000000ef100000, 0x00000000ef100000| Untracked 
| 241|0x00000000ef100000, 0x00000000ef200000, 0x00000000ef200000|100%| O|  |TAMS 0x00000000ef200000, 0x00000000ef200000| Untracked 
| 242|0x00000000ef200000, 0x00000000ef300000, 0x00000000ef300000|100%| O|  |TAMS 0x00000000ef300000, 0x00000000ef300000| Untracked 
| 243|0x00000000ef300000, 0x00000000ef400000, 0x00000000ef400000|100%| O|  |TAMS 0x00000000ef400000, 0x00000000ef400000| Untracked 
| 244|0x00000000ef400000, 0x00000000ef500000, 0x00000000ef500000|100%| O|  |TAMS 0x00000000ef500000, 0x00000000ef500000| Untracked 
| 245|0x00000000ef500000, 0x00000000ef600000, 0x00000000ef600000|100%| O|  |TAMS 0x00000000ef500000, 0x00000000ef600000| Untracked 
| 246|0x00000000ef600000, 0x00000000ef700000, 0x00000000ef700000|100%| O|  |TAMS 0x00000000ef600000, 0x00000000ef700000| Untracked 
| 247|0x00000000ef700000, 0x00000000ef800000, 0x00000000ef800000|100%| S|  |TAMS 0x00000000ef700000, 0x00000000ef700000| Complete 
| 248|0x00000000ef800000, 0x00000000ef900000, 0x00000000ef900000|100%| E|CS|TAMS 0x00000000ef800000, 0x00000000ef900000| Complete 
| 249|0x00000000ef900000, 0x00000000efa00000, 0x00000000efa00000|100%| E|CS|TAMS 0x00000000ef900000, 0x00000000efa00000| Complete 
| 250|0x00000000efa00000, 0x00000000efb00000, 0x00000000efb00000|100%| E|CS|TAMS 0x00000000efa00000, 0x00000000efb00000| Complete 
| 251|0x00000000efb00000, 0x00000000efc00000, 0x00000000efc00000|100%| E|CS|TAMS 0x00000000efb00000, 0x00000000efc00000| Complete 
| 252|0x00000000efc00000, 0x00000000efd00000, 0x00000000efd00000|100%| E|CS|TAMS 0x00000000efc00000, 0x00000000efd00000| Complete 
| 253|0x00000000efd00000, 0x00000000efe00000, 0x00000000efe00000|100%| E|CS|TAMS 0x00000000efd00000, 0x00000000efe00000| Complete 
| 254|0x00000000efe00000, 0x00000000eff00000, 0x00000000eff00000|100%| E|CS|TAMS 0x00000000efe00000, 0x00000000eff00000| Complete 
| 255|0x00000000eff00000, 0x00000000f0000000, 0x00000000f0000000|100%| E|CS|TAMS 0x00000000eff00000, 0x00000000f0000000| Complete 
| 256|0x00000000f0000000, 0x00000000f0100000, 0x00000000f0100000|100%| O|  |TAMS 0x00000000f0100000, 0x00000000f0100000| Untracked 
| 257|0x00000000f0100000, 0x00000000f0200000, 0x00000000f0200000|100%| O|  |TAMS 0x00000000f0200000, 0x00000000f0200000| Untracked 
| 258|0x00000000f0200000, 0x00000000f0300000, 0x00000000f0300000|100%| O|  |TAMS 0x00000000f0300000, 0x00000000f0300000| Untracked 
| 259|0x00000000f0300000, 0x00000000f0400000, 0x00000000f0400000|100%| O|  |TAMS 0x00000000f0400000, 0x00000000f0400000| Untracked 
| 260|0x00000000f0400000, 0x00000000f0500000, 0x00000000f0500000|100%| E|CS|TAMS 0x00000000f0400000, 0x00000000f0500000| Complete 
| 261|0x00000000f0500000, 0x00000000f0600000, 0x00000000f0600000|100%| O|  |TAMS 0x00000000f0600000, 0x00000000f0600000| Untracked 
| 262|0x00000000f0600000, 0x00000000f0700000, 0x00000000f0700000|100%| O|  |TAMS 0x00000000f0700000, 0x00000000f0700000| Untracked 
| 263|0x00000000f0700000, 0x00000000f0800000, 0x00000000f0800000|100%| O|  |TAMS 0x00000000f0800000, 0x00000000f0800000| Untracked 
| 264|0x00000000f0800000, 0x00000000f0900000, 0x00000000f0900000|100%| O|  |TAMS 0x00000000f0900000, 0x00000000f0900000| Untracked 
| 265|0x00000000f0900000, 0x00000000f0a00000, 0x00000000f0a00000|100%| O|  |TAMS 0x00000000f0a00000, 0x00000000f0a00000| Untracked 
| 266|0x00000000f0a00000, 0x00000000f0b00000, 0x00000000f0b00000|100%| O|  |TAMS 0x00000000f0b00000, 0x00000000f0b00000| Untracked 
| 267|0x00000000f0b00000, 0x00000000f0c00000, 0x00000000f0c00000|100%| E|CS|TAMS 0x00000000f0b00000, 0x00000000f0c00000| Complete 
| 268|0x00000000f0c00000, 0x00000000f0d00000, 0x00000000f0d00000|100%| O|  |TAMS 0x00000000f0d00000, 0x00000000f0d00000| Untracked 
| 269|0x00000000f0d00000, 0x00000000f0e00000, 0x00000000f0e00000|100%| O|  |TAMS 0x00000000f0e00000, 0x00000000f0e00000| Untracked 
| 270|0x00000000f0e00000, 0x00000000f0f00000, 0x00000000f0f00000|100%| O|  |TAMS 0x00000000f0f00000, 0x00000000f0f00000| Untracked 
| 271|0x00000000f0f00000, 0x00000000f1000000, 0x00000000f1000000|100%| O|  |TAMS 0x00000000f1000000, 0x00000000f1000000| Untracked 
| 272|0x00000000f1000000, 0x00000000f1100000, 0x00000000f1100000|100%| O|  |TAMS 0x00000000f1100000, 0x00000000f1100000| Untracked 
| 273|0x00000000f1100000, 0x00000000f1200000, 0x00000000f1200000|100%| E|CS|TAMS 0x00000000f1100000, 0x00000000f1200000| Complete 
| 274|0x00000000f1200000, 0x00000000f1300000, 0x00000000f1300000|100%| O|  |TAMS 0x00000000f1300000, 0x00000000f1300000| Untracked 
| 275|0x00000000f1300000, 0x00000000f1400000, 0x00000000f1400000|100%| O|  |TAMS 0x00000000f1400000, 0x00000000f1400000| Untracked 
| 276|0x00000000f1400000, 0x00000000f1500000, 0x00000000f1500000|100%| O|  |TAMS 0x00000000f1500000, 0x00000000f1500000| Untracked 
| 277|0x00000000f1500000, 0x00000000f1600000, 0x00000000f1600000|100%| O|  |TAMS 0x00000000f1600000, 0x00000000f1600000| Untracked 
| 278|0x00000000f1600000, 0x00000000f1700000, 0x00000000f1700000|100%| E|CS|TAMS 0x00000000f1600000, 0x00000000f1700000| Complete 
| 279|0x00000000f1700000, 0x00000000f1800000, 0x00000000f1800000|100%| O|  |TAMS 0x00000000f1800000, 0x00000000f1800000| Untracked 
| 280|0x00000000f1800000, 0x00000000f1900000, 0x00000000f1900000|100%| O|  |TAMS 0x00000000f1900000, 0x00000000f1900000| Untracked 
| 281|0x00000000f1900000, 0x00000000f1a00000, 0x00000000f1a00000|100%| O|  |TAMS 0x00000000f1a00000, 0x00000000f1a00000| Untracked 
| 282|0x00000000f1a00000, 0x00000000f1b00000, 0x00000000f1b00000|100%| O|  |TAMS 0x00000000f1b00000, 0x00000000f1b00000| Untracked 
| 283|0x00000000f1b00000, 0x00000000f1c00000, 0x00000000f1c00000|100%| O|  |TAMS 0x00000000f1c00000, 0x00000000f1c00000| Untracked 
| 284|0x00000000f1c00000, 0x00000000f1d00000, 0x00000000f1d00000|100%| O|  |TAMS 0x00000000f1d00000, 0x00000000f1d00000| Untracked 
| 285|0x00000000f1d00000, 0x00000000f1e00000, 0x00000000f1e00000|100%| O|  |TAMS 0x00000000f1e00000, 0x00000000f1e00000| Untracked 
| 286|0x00000000f1e00000, 0x00000000f1f00000, 0x00000000f1f00000|100%| E|CS|TAMS 0x00000000f1e00000, 0x00000000f1f00000| Complete 
| 287|0x00000000f1f00000, 0x00000000f2000000, 0x00000000f2000000|100%| O|  |TAMS 0x00000000f2000000, 0x00000000f2000000| Untracked 
| 288|0x00000000f2000000, 0x00000000f2100000, 0x00000000f2100000|100%| O|  |TAMS 0x00000000f2100000, 0x00000000f2100000| Untracked 
| 289|0x00000000f2100000, 0x00000000f2200000, 0x00000000f2200000|100%| O|  |TAMS 0x00000000f2200000, 0x00000000f2200000| Untracked 
| 290|0x00000000f2200000, 0x00000000f2300000, 0x00000000f2300000|100%| O|  |TAMS 0x00000000f2300000, 0x00000000f2300000| Untracked 
| 291|0x00000000f2300000, 0x00000000f2400000, 0x00000000f2400000|100%| O|  |TAMS 0x00000000f2400000, 0x00000000f2400000| Untracked 
| 292|0x00000000f2400000, 0x00000000f2500000, 0x00000000f2500000|100%| E|CS|TAMS 0x00000000f2400000, 0x00000000f2500000| Complete 
| 293|0x00000000f2500000, 0x00000000f2600000, 0x00000000f2600000|100%| O|  |TAMS 0x00000000f2500000, 0x00000000f2600000| Untracked 
| 294|0x00000000f2600000, 0x00000000f2700000, 0x00000000f2700000|100%| O|  |TAMS 0x00000000f2600000, 0x00000000f2700000| Untracked 
| 295|0x00000000f2700000, 0x00000000f2800000, 0x00000000f2800000|100%| O|  |TAMS 0x00000000f2700000, 0x00000000f2800000| Untracked 
| 296|0x00000000f2800000, 0x00000000f2900000, 0x00000000f2900000|100%| O|  |TAMS 0x00000000f2800000, 0x00000000f2900000| Untracked 
| 297|0x00000000f2900000, 0x00000000f2a00000, 0x00000000f2a00000|100%| E|CS|TAMS 0x00000000f2900000, 0x00000000f2a00000| Complete 
| 298|0x00000000f2a00000, 0x00000000f2b00000, 0x00000000f2b00000|100%| O|  |TAMS 0x00000000f2a00000, 0x00000000f2b00000| Untracked 
| 299|0x00000000f2b00000, 0x00000000f2c00000, 0x00000000f2c00000|100%| O|  |TAMS 0x00000000f2b00000, 0x00000000f2c00000| Untracked 
| 300|0x00000000f2c00000, 0x00000000f2d00000, 0x00000000f2d00000|100%| O|  |TAMS 0x00000000f2c00000, 0x00000000f2d00000| Untracked 
| 301|0x00000000f2d00000, 0x00000000f2e00000, 0x00000000f2e00000|100%| O|  |TAMS 0x00000000f2d00000, 0x00000000f2e00000| Untracked 

Card table byte_map: [0x000002b989b30000,0x000002b989c30000] _byte_map_base: 0x000002b989430000

Marking Bits (Prev, Next): (CMBitMap*) 0x000002b989e78f70, (CMBitMap*) 0x000002b989e78f38
 Prev Bits: [0x000002b9a19e0000, 0x000002b9a21e0000)
 Next Bits: [0x000002b9a11e0000, 0x000002b9a19e0000)

Polling page: 0x000002b987c50000

Metaspace:

Usage:
  Non-class:     80.54 MB capacity,    77.85 MB ( 97%) used,     2.42 MB (  3%) free+waste,   270.69 KB ( <1%) overhead. 
      Class:     12.90 MB capacity,    11.48 MB ( 89%) used,     1.29 MB ( 10%) free+waste,   125.88 KB ( <1%) overhead. 
       Both:     93.44 MB capacity,    89.34 MB ( 96%) used,     3.71 MB (  4%) free+waste,   396.56 KB ( <1%) overhead. 

Virtual space:
  Non-class space:       82.00 MB reserved,      80.75 MB ( 98%) committed 
      Class space:      248.00 MB reserved,      13.00 MB (  5%) committed 
             Both:      330.00 MB reserved,      93.75 MB ( 28%) committed 

Chunk freelists:
   Non-Class:  10.63 KB
       Class:  5.38 KB
        Both:  16.00 KB

CodeHeap 'non-profiled nmethods': size=120064Kb used=11882Kb max_used=11882Kb free=108181Kb
 bounds [0x000002b999ca0000, 0x000002b99a840000, 0x000002b9a11e0000]
CodeHeap 'profiled nmethods': size=120000Kb used=35760Kb max_used=35760Kb free=84240Kb
 bounds [0x000002b992770000, 0x000002b994aa0000, 0x000002b999ca0000]
CodeHeap 'non-nmethods': size=5696Kb used=2286Kb max_used=2349Kb free=3409Kb
 bounds [0x000002b9921e0000, 0x000002b992450000, 0x000002b992770000]
 total_blobs=21263 nmethods=15120 adapters=790
 compilation: enabled
              stopped_count=0, restarted_count=0
 full_count=0

Compilation events (10 events):
Event: 269.708 Thread 0x000002b9a4e8d800 15775       2       com.android.tools.r8.graph.DexAnnotationSet$$Lambda$721/0x000000010017ec40::compare (12 bytes)
Event: 269.709 Thread 0x000002b9a4e8d800 nmethod 15775 0x000002b992c27c10 code [0x000002b992c27de0, 0x000002b992c27ff0]
Event: 269.709 Thread 0x000002b9a4e8d800 15776       2       com.android.tools.r8.graph.DexEncodedAnnotation$$Lambda$722/0x000000010020c040::compare (12 bytes)
Event: 269.709 Thread 0x000002b9a4e8d800 nmethod 15776 0x000002b992c2db90 code [0x000002b992c2dd60, 0x000002b992c2df70]
Event: 269.713 Thread 0x000002b9a4e8d800 15777       1       com.android.tools.r8.graph.DexValue$i::hashCode (3 bytes)
Event: 269.713 Thread 0x000002b9a4e8d800 nmethod 15777 0x000002b99a839b10 code [0x000002b99a839cc0, 0x000002b99a839dd8]
Event: 269.714 Thread 0x000002b9a4e8d800 15778       2       com.android.tools.r8.graph.DexProgramClass::b (139 bytes)
Event: 269.718 Thread 0x000002b9a4e8d800 nmethod 15778 0x000002b992c4f410 code [0x000002b992c4f720, 0x000002b992c51080]
Event: 269.719 Thread 0x000002b9a4e8d800 15779       2       com.android.tools.r8.graph.DexValue$j::i (1 bytes)
Event: 269.719 Thread 0x000002b9a4e8d800 nmethod 15779 0x000002b992a39810 code [0x000002b992a399c0, 0x000002b992a39b18]

GC Heap History (10 events):
Event: 260.261 GC heap before
{Heap before GC invocations=55 (full 0):
 garbage-first heap   total 279552K, used 275968K [0x00000000e0000000, 0x0000000100000000)
  region size 1024K, 13 young (13312K), 2 survivors (2048K)
 Metaspace       used 90388K, capacity 94633K, committed 94848K, reserved 335872K
  class space    used 11613K, capacity 13096K, committed 13184K, reserved 253952K
}
Event: 260.307 GC heap after
{Heap after GC invocations=56 (full 0):
 garbage-first heap   total 284672K, used 270848K [0x00000000e0000000, 0x0000000100000000)
  region size 1024K, 2 young (2048K), 2 survivors (2048K)
 Metaspace       used 90388K, capacity 94633K, committed 94848K, reserved 335872K
  class space    used 11613K, capacity 13096K, committed 13184K, reserved 253952K
}
Event: 262.668 GC heap before
{Heap before GC invocations=57 (full 0):
 garbage-first heap   total 284672K, used 281088K [0x00000000e0000000, 0x0000000100000000)
  region size 1024K, 13 young (13312K), 2 survivors (2048K)
 Metaspace       used 90342K, capacity 94540K, committed 94848K, reserved 335872K
  class space    used 11595K, capacity 13062K, committed 13184K, reserved 253952K
}
Event: 262.707 GC heap after
{Heap after GC invocations=58 (full 0):
 garbage-first heap   total 291840K, used 278016K [0x00000000e0000000, 0x0000000100000000)
  region size 1024K, 2 young (2048K), 2 survivors (2048K)
 Metaspace       used 90342K, capacity 94540K, committed 94848K, reserved 335872K
  class space    used 11595K, capacity 13062K, committed 13184K, reserved 253952K
}
Event: 262.930 GC heap before
{Heap before GC invocations=58 (full 0):
 garbage-first heap   total 291840K, used 290304K [0x00000000e0000000, 0x0000000100000000)
  region size 1024K, 14 young (14336K), 2 survivors (2048K)
 Metaspace       used 90345K, capacity 94540K, committed 94848K, reserved 335872K
  class space    used 11595K, capacity 13062K, committed 13184K, reserved 253952K
}
Event: 262.967 GC heap after
{Heap after GC invocations=59 (full 0):
 garbage-first heap   total 299008K, used 284672K [0x00000000e0000000, 0x0000000100000000)
  region size 1024K, 2 young (2048K), 2 survivors (2048K)
 Metaspace       used 90345K, capacity 94540K, committed 94848K, reserved 335872K
  class space    used 11595K, capacity 13062K, committed 13184K, reserved 253952K
}
Event: 264.996 GC heap before
{Heap before GC invocations=60 (full 0):
 garbage-first heap   total 299008K, used 296960K [0x00000000e0000000, 0x0000000100000000)
  region size 1024K, 14 young (14336K), 2 survivors (2048K)
 Metaspace       used 91137K, capacity 95354K, committed 95744K, reserved 337920K
  class space    used 11715K, capacity 13162K, committed 13312K, reserved 253952K
}
Event: 265.041 GC heap after
{Heap after GC invocations=61 (full 0):
 garbage-first heap   total 304128K, used 289792K [0x00000000e0000000, 0x0000000100000000)
  region size 1024K, 2 young (2048K), 2 survivors (2048K)
 Metaspace       used 91137K, capacity 95354K, committed 95744K, reserved 337920K
  class space    used 11715K, capacity 13162K, committed 13312K, reserved 253952K
}
Event: 266.270 GC heap before
{Heap before GC invocations=61 (full 0):
 garbage-first heap   total 304128K, used 302080K [0x00000000e0000000, 0x0000000100000000)
  region size 1024K, 14 young (14336K), 2 survivors (2048K)
 Metaspace       used 91391K, capacity 95588K, committed 96000K, reserved 337920K
  class space    used 11754K, capacity 13197K, committed 13312K, reserved 253952K
}
Event: 266.309 GC heap after
{Heap after GC invocations=62 (full 0):
 garbage-first heap   total 308224K, used 292833K [0x00000000e0000000, 0x0000000100000000)
  region size 1024K, 2 young (2048K), 2 survivors (2048K)
 Metaspace       used 91391K, capacity 95588K, committed 96000K, reserved 337920K
  class space    used 11754K, capacity 13197K, committed 13312K, reserved 253952K
}

Deoptimization events (10 events):
Event: 266.994 Thread 0x000002b9a94b8000 Uncommon trap: reason=class_check action=maybe_recompile pc=0x000002b99a801740 method=com.android.tools.r8.graph.DexItemFactory$$Lambda$714/0x0000000100cc1c40.compare(Ljava/lang/Object;Ljava/lang/Object;)I @ 5 c2
Event: 267.065 Thread 0x000002b9a94b8000 Uncommon trap: reason=class_check action=maybe_recompile pc=0x000002b99a8042e8 method=com.android.tools.r8.graph.DexItemFactory$$Lambda$714/0x0000000100cc1c40.compare(Ljava/lang/Object;Ljava/lang/Object;)I @ 5 c2
Event: 267.122 Thread 0x000002b9a94b8000 Uncommon trap: reason=unstable_if action=reinterpret pc=0x000002b99a80f588 method=java.lang.Integer.compare(II)I @ 11 c2
Event: 267.432 Thread 0x000002b9a94b8000 Uncommon trap: reason=bimorphic_or_optimized_type_check action=maybe_recompile pc=0x000002b99a814f10 method=com.android.tools.r8.graph.DexItemFactory.a(Lcom/android/tools/r8/naming/NamingLens;Lcom/android/tools/r8/graph/M;Lcom/android/tools/r8/graph/M;)I 
Event: 267.433 Thread 0x000002b9a94b8000 Uncommon trap: reason=bimorphic_or_optimized_type_check action=maybe_recompile pc=0x000002b99a814f10 method=com.android.tools.r8.graph.DexItemFactory.a(Lcom/android/tools/r8/naming/NamingLens;Lcom/android/tools/r8/graph/M;Lcom/android/tools/r8/graph/M;)I 
Event: 267.435 Thread 0x000002b9a94b8000 Uncommon trap: reason=bimorphic_or_optimized_type_check action=maybe_recompile pc=0x000002b99a814f10 method=com.android.tools.r8.graph.DexItemFactory.a(Lcom/android/tools/r8/naming/NamingLens;Lcom/android/tools/r8/graph/M;Lcom/android/tools/r8/graph/M;)I 
Event: 267.436 Thread 0x000002b9a94b8000 Uncommon trap: reason=bimorphic_or_optimized_type_check action=maybe_recompile pc=0x000002b99a814f10 method=com.android.tools.r8.graph.DexItemFactory.a(Lcom/android/tools/r8/naming/NamingLens;Lcom/android/tools/r8/graph/M;Lcom/android/tools/r8/graph/M;)I 
Event: 267.664 Thread 0x000002b9a94b8000 Uncommon trap: reason=bimorphic_or_optimized_type_check action=maybe_recompile pc=0x000002b99a817e58 method=com.android.tools.r8.graph.DexItemFactory.a(Lcom/android/tools/r8/naming/NamingLens;Lcom/android/tools/r8/graph/M;Lcom/android/tools/r8/graph/M;)I 
Event: 269.629 Thread 0x000002b9a94b8000 Uncommon trap: reason=array_check action=maybe_recompile pc=0x000002b99a810228 method=java.util.TimSort.reverseRange([Ljava/lang/Object;II)V @ 27 c2
Event: 269.629 Thread 0x000002b9a94b8000 Uncommon trap: reason=array_check action=maybe_recompile pc=0x000002b99a810228 method=java.util.TimSort.reverseRange([Ljava/lang/Object;II)V @ 27 c2

Classes redefined (0 events):
No events

Internal exceptions (10 events):
Event: 254.488 Thread 0x000002b9a94be800 Implicit null exception at 0x000002b999e0c72f to 0x000002b999e0c81e
Event: 256.503 Thread 0x000002b9a94be800 Implicit null exception at 0x000002b99a78114c to 0x000002b99a78188a
Event: 257.154 Thread 0x000002b9a94be800 Implicit null exception at 0x000002b99a78114c to 0x000002b99a78188a
Event: 257.154 Thread 0x000002b9a94be800 Implicit null exception at 0x000002b99a78114c to 0x000002b99a78188a
Event: 257.155 Thread 0x000002b9a94be800 Implicit null exception at 0x000002b99a78114c to 0x000002b99a78188a
Event: 259.110 Thread 0x000002b9a94be800 Implicit null exception at 0x000002b999cf1e64 to 0x000002b999cf247e
Event: 263.904 Thread 0x000002b9a94b8000 Implicit null exception at 0x000002b999e25fea to 0x000002b999e2622a
Event: 264.682 Thread 0x000002b9a94be800 Exception <a 'java/lang/NoSuchMethodError'{0x00000000f1613c68}: java.lang.invoke.DirectMethodHandle$Holder.invokeSpecial(Ljava/lang/Object;Ljava/lang/Object;ILjava/lang/Object;)V> (0x00000000f1613c68) thrown at [t:/workspace/open/src/hotspot/share/interpr
Event: 264.686 Thread 0x000002b9a94c4800 Exception <a 'java/lang/NoSuchMethodError'{0x00000000efd027b0}: java.lang.invoke.DirectMethodHandle$Holder.invokeSpecial(Ljava/lang/Object;Ljava/lang/Object;ILjava/lang/Object;)V> (0x00000000efd027b0) thrown at [t:/workspace/open/src/hotspot/share/interpr
Event: 265.072 Thread 0x000002b9a94b8000 Implicit null exception at 0x000002b999e7c12b to 0x000002b999e7d15a

Events (10 events):
Event: 269.526 loading class com/android/tools/r8/graph/DexAnnotationElement
Event: 269.526 loading class com/android/tools/r8/graph/DexAnnotationElement done
Event: 269.527 loading class com/android/tools/r8/graph/DexAnnotationElement
Event: 269.527 loading class com/android/tools/r8/graph/DexAnnotationElement done
Event: 269.629 Thread 0x000002b9a94b8000 Uncommon trap: trap_request=0xffffffd6 fr.pc=0x000002b99a810228 relative=0x0000000000000568
Event: 269.629 Thread 0x000002b9a94b8000 DEOPT PACKING pc=0x000002b99a810228 sp=0x000000bff83fd640
Event: 269.629 Thread 0x000002b9a94b8000 DEOPT UNPACKING pc=0x000002b992208a2f sp=0x000000bff83fd570 mode 2
Event: 269.629 Thread 0x000002b9a94b8000 Uncommon trap: trap_request=0xffffffd6 fr.pc=0x000002b99a810228 relative=0x0000000000000568
Event: 269.630 Thread 0x000002b9a94b8000 DEOPT PACKING pc=0x000002b99a810228 sp=0x000000bff83fd640
Event: 269.630 Thread 0x000002b9a94b8000 DEOPT UNPACKING pc=0x000002b992208a2f sp=0x000000bff83fd570 mode 2


Dynamic libraries:
0x00007ff677420000 - 0x00007ff677467000 	C:\Program Files\Java\jdk-11.0.6\bin\java.exe
0x00007ffe24c00000 - 0x00007ffe24df0000 	C:\Windows\SYSTEM32\ntdll.dll
0x00007ffe23b90000 - 0x00007ffe23c42000 	C:\Windows\System32\KERNEL32.DLL
0x00007ffe22930000 - 0x00007ffe22bd5000 	C:\Windows\System32\KERNELBASE.dll
0x00007ffe22fd0000 - 0x00007ffe23073000 	C:\Windows\System32\ADVAPI32.dll
0x00007ffe237c0000 - 0x00007ffe2385e000 	C:\Windows\System32\msvcrt.dll
0x00007ffe23720000 - 0x00007ffe237b7000 	C:\Windows\System32\sechost.dll
0x00007ffe23a70000 - 0x00007ffe23b90000 	C:\Windows\System32\RPCRT4.dll
0x00007ffe23570000 - 0x00007ffe23704000 	C:\Windows\System32\USER32.dll
0x00007ffe22690000 - 0x00007ffe226b1000 	C:\Windows\System32\win32u.dll
0x00007ffe243b0000 - 0x00007ffe243d6000 	C:\Windows\System32\GDI32.dll
0x00007ffe226c0000 - 0x00007ffe22856000 	C:\Windows\System32\gdi32full.dll
0x00007ffe22890000 - 0x00007ffe2292e000 	C:\Windows\System32\msvcp_win.dll
0x00007ffe21b70000 - 0x00007ffe21c6a000 	C:\Windows\System32\ucrtbase.dll
0x00007ffe14130000 - 0x00007ffe143b4000 	C:\Windows\WinSxS\amd64_microsoft.windows.common-controls_6595b64144ccf1df_6.0.18362.1256_none_9e7e379be45e40e2\COMCTL32.dll
0x00007ffe23d80000 - 0x00007ffe240b6000 	C:\Windows\System32\combase.dll
0x00007ffe21d20000 - 0x00007ffe21da1000 	C:\Windows\System32\bcryptPrimitives.dll
0x00007ffe1a1e0000 - 0x00007ffe1a1ea000 	C:\Windows\SYSTEM32\VERSION.dll
0x00007ffe23860000 - 0x00007ffe2388e000 	C:\Windows\System32\IMM32.DLL
0x00007ffe1c010000 - 0x00007ffe1c026000 	C:\Program Files\Java\jdk-11.0.6\bin\vcruntime140.dll
0x00007ffe0c080000 - 0x00007ffe0c12a000 	C:\Program Files\Java\jdk-11.0.6\bin\msvcp140.dll
0x00007ffdde020000 - 0x00007ffddeb49000 	C:\Program Files\Java\jdk-11.0.6\bin\server\jvm.dll
0x00007ffe22fc0000 - 0x00007ffe22fc8000 	C:\Windows\System32\PSAPI.DLL
0x00007ffe1fbc0000 - 0x00007ffe1fbe4000 	C:\Windows\SYSTEM32\WINMM.dll
0x00007ffe1fb90000 - 0x00007ffe1fbbd000 	C:\Windows\SYSTEM32\WINMMBASE.dll
0x00007ffe22c40000 - 0x00007ffe22c8a000 	C:\Windows\System32\cfgmgr32.dll
0x00007ffe1b7d0000 - 0x00007ffe1b7d9000 	C:\Windows\SYSTEM32\WSOCK32.dll
0x00007ffe23890000 - 0x00007ffe238ff000 	C:\Windows\System32\WS2_32.dll
0x00007ffe21ab0000 - 0x00007ffe21ac1000 	C:\Windows\System32\kernel.appcore.dll
0x00007ffe1b740000 - 0x00007ffe1b751000 	C:\Program Files\Java\jdk-11.0.6\bin\verify.dll
0x00007ffe0dca0000 - 0x00007ffe0de94000 	C:\Windows\SYSTEM32\DBGHELP.DLL
0x00007ffe0dc70000 - 0x00007ffe0dc9a000 	C:\Windows\SYSTEM32\dbgcore.DLL
0x00007ffe12ce0000 - 0x00007ffe12d09000 	C:\Program Files\Java\jdk-11.0.6\bin\java.dll
0x00007ffe14c40000 - 0x00007ffe14c56000 	C:\Program Files\Java\jdk-11.0.6\bin\zip.dll
0x00007ffe1ac00000 - 0x00007ffe1ac0a000 	C:\Program Files\Java\jdk-11.0.6\bin\jimage.dll
0x00007ffe24450000 - 0x00007ffe24b37000 	C:\Windows\System32\SHELL32.dll
0x00007ffe22cb0000 - 0x00007ffe22d59000 	C:\Windows\System32\shcore.dll
0x00007ffe21f00000 - 0x00007ffe22681000 	C:\Windows\System32\windows.storage.dll
0x00007ffe21b20000 - 0x00007ffe21b43000 	C:\Windows\System32\profapi.dll
0x00007ffe21ad0000 - 0x00007ffe21b1a000 	C:\Windows\System32\powrprof.dll
0x00007ffe21aa0000 - 0x00007ffe21ab0000 	C:\Windows\System32\UMPDC.dll
0x00007ffe23080000 - 0x00007ffe230d2000 	C:\Windows\System32\shlwapi.dll
0x00007ffe22c90000 - 0x00007ffe22ca7000 	C:\Windows\System32\cryptsp.dll
0x00007ffe14080000 - 0x00007ffe14099000 	C:\Program Files\Java\jdk-11.0.6\bin\net.dll
0x00007ffe15f70000 - 0x00007ffe16060000 	C:\Windows\SYSTEM32\WINHTTP.dll
0x00007ffe21290000 - 0x00007ffe212f7000 	C:\Windows\system32\mswsock.dll
0x00007ffe13a80000 - 0x00007ffe13a93000 	C:\Program Files\Java\jdk-11.0.6\bin\nio.dll
0x00007ffe0bb40000 - 0x00007ffe0bb66000 	C:\Users\Lenovo\.gradle\native\30\windows-amd64\native-platform.dll
0x00007ffe14de0000 - 0x00007ffe14de9000 	C:\Program Files\Java\jdk-11.0.6\bin\management.dll
0x00007ffe14c60000 - 0x00007ffe14c6c000 	C:\Program Files\Java\jdk-11.0.6\bin\management_ext.dll
0x00007ffe20e00000 - 0x00007ffe20e33000 	C:\Windows\system32\rsaenh.dll
0x00007ffe22860000 - 0x00007ffe22886000 	C:\Windows\System32\bcrypt.dll
0x00007ffe219c0000 - 0x00007ffe219e5000 	C:\Windows\SYSTEM32\USERENV.dll
0x00007ffe21460000 - 0x00007ffe2146c000 	C:\Windows\SYSTEM32\CRYPTBASE.dll
0x00007ffe20fa0000 - 0x00007ffe20fda000 	C:\Windows\SYSTEM32\IPHLPAPI.DLL
0x00007ffe23710000 - 0x00007ffe23718000 	C:\Windows\System32\NSI.dll
0x00007ffe160c0000 - 0x00007ffe160d6000 	C:\Windows\SYSTEM32\dhcpcsvc6.DLL
0x00007ffe16450000 - 0x00007ffe1646c000 	C:\Windows\SYSTEM32\dhcpcsvc.DLL
0x00007ffe20fe0000 - 0x00007ffe210ab000 	C:\Windows\SYSTEM32\DNSAPI.dll

dbghelp: loaded successfully - version: 4.0.5 - missing functions: none
symbol engine: initialized successfully - sym options: 0x614 - pdb path: .;C:\Program Files\Java\jdk-11.0.6\bin;C:\Windows\SYSTEM32;C:\Windows\WinSxS\amd64_microsoft.windows.common-controls_6595b64144ccf1df_6.0.18362.1256_none_9e7e379be45e40e2;C:\Program Files\Java\jdk-11.0.6\bin\server;C:\Users\Lenovo\.gradle\native\30\windows-amd64

VM Arguments:
jvm_args: --add-opens=java.base/java.util=ALL-UNNAMED --add-opens=java.base/java.lang=ALL-UNNAMED --add-opens=java.base/java.lang.invoke=ALL-UNNAMED --add-opens=java.prefs/java.util.prefs=ALL-UNNAMED -XX:MaxMetaspaceSize=256m -XX:+HeapDumpOnOutOfMemoryError -Xms256m -Xmx512m -Dfile.encoding=windows-1252 -Duser.country=US -Duser.language=en -Duser.variant 
java_command: org.gradle.launcher.daemon.bootstrap.GradleDaemon 6.0.1
java_class_path (initial): C:\Users\Lenovo\.gradle\wrapper\dists\gradle-6.0.1-all\99d3u8wxs16ndehh90lbbir67\gradle-6.0.1\lib\gradle-launcher-6.0.1.jar
Launcher Type: SUN_STANDARD

[Global flags]
     intx CICompilerCount                          = 2                                         {product} {ergonomic}
   size_t CompressedClassSpaceSize                 = 260046848                                 {product} {ergonomic}
     uint ConcGCThreads                            = 1                                         {product} {ergonomic}
     uint G1ConcRefinementThreads                  = 2                                         {product} {ergonomic}
   size_t G1HeapRegionSize                         = 1048576                                   {product} {ergonomic}
    uintx GCDrainStackTargetSize                   = 64                                        {product} {ergonomic}
     bool HeapDumpOnOutOfMemoryError               = true                                   {manageable} {command line}
   size_t InitialHeapSize                          = 268435456                                 {product} {command line}
   size_t MarkStackSize                            = 4194304                                   {product} {ergonomic}
   size_t MaxHeapSize                              = 536870912                                 {product} {command line}
   size_t MaxMetaspaceSize                         = 268435456                                 {product} {command line}
   size_t MaxNewSize                               = 321912832                                 {product} {ergonomic}
   size_t MinHeapDeltaBytes                        = 1048576                                   {product} {ergonomic}
    uintx NonNMethodCodeHeapSize                   = 5825164                                {pd product} {ergonomic}
    uintx NonProfiledCodeHeapSize                  = 122916538                              {pd product} {ergonomic}
    uintx ProfiledCodeHeapSize                     = 122916538                              {pd product} {ergonomic}
    uintx ReservedCodeCacheSize                    = 251658240                              {pd product} {ergonomic}
     bool SegmentedCodeCache                       = true                                      {product} {ergonomic}
     bool UseCompressedClassPointers               = true                                 {lp64_product} {ergonomic}
     bool UseCompressedOops                        = true                                 {lp64_product} {ergonomic}
     bool UseG1GC                                  = true                                      {product} {ergonomic}
     bool UseLargePagesIndividualAllocation        = false                                  {pd product} {ergonomic}

Logging:
Log output configuration:
 #0: stdout all=warning uptime,level,tags
 #1: stderr all=off uptime,level,tags

Environment Variables:
JAVA_HOME=C:\Program Files\Java\jdk-11.0.6
CLASSPATH=F:\react native\app__copy\app_redux\android\\gradle\wrapper\gradle-wrapper.jar
PATH=F:\react native\app__copy\app_redux\android\node_modules\.bin;F:\react native\app__copy\app_redux\node_modules\.bin;F:\react native\app__copy\node_modules\.bin;F:\react native\node_modules\.bin;F:\node_modules\.bin;C:\Program Files\nodejs;F:\react native\app__copy\app_redux\node_modules\.bin;C:\Windows\system32;C:\Windows;C:\Windows\System32\Wbem;C:\Windows\System32\WindowsPowerShell\v1.0\;C:\Windows\System32\OpenSSH\;C:\Program Files\nodejs\;C:\Program Files (x86)\Microsoft VS Code\bin;C:\Users\Lenovo\AppData\Roaming\npm;C:\Program Files\Java\jdk-11.0.6\bin;C:\Users\Lenovo\AppData\Local\Android\Sdk\tools;C:\Program Files (x86)\Microsoft VS Code\bin;C:\Users\Lenovo\AppData\Local\Android\Sdk\platform-tools;
USERNAME=Lenovo
OS=Windows_NT
PROCESSOR_IDENTIFIER=AMD64 Family 21 Model 112 Stepping 0, AuthenticAMD



---------------  S Y S T E M  ---------------

OS: Windows 10 , 64 bit Build 18362 (10.0.18362.1110)

CPU:total 2 (initial active 2) (2 cores per cpu, 1 threads per core) family 21 model 112 stepping 0, cmov, cx8, fxsr, mmx, sse, sse2, sse3, ssse3, sse4.1, sse4.2, popcnt, avx, avx2, aes, clmul, mmxext, 3dnowpref, lzcnt, sse4a, tsc, tscinvbit, tscinv, bmi1, bmi2, fma

Memory: 4k page, system-wide physical 3471M (283M free)
TotalPageFile size 14223M (AvailPageFile size 5M)
current process WorkingSet (physical memory assigned to process): 490M, peak: 499M
current process commit charge ("private bytes"): 606M, peak: 615M

vm_info: Java HotSpot(TM) 64-Bit Server VM (11.0.6+8-LTS) for windows-amd64 JRE (11.0.6+8-LTS), built on Dec 11 2019 09:17:57 by "mach5one" with MS VC++ 15.5 (VS2017)

END.
