#
# There is insufficient memory for the Java Runtime Environment to continue.
# Native memory allocation (malloc) failed to allocate 131088 bytes for Chunk::new
# Possible reasons:
#   The system is out of physical RAM or swap space
#   The process is running with CompressedOops enabled, and the Java Heap may be blocking the growth of the native heap
# Possible solutions:
#   Reduce memory load on the system
#   Increase physical memory or swap space
#   Check if swap backing store is full
#   Decrease Java heap size (-Xmx/-Xms)
#   Decrease number of Java threads
#   Decrease Java thread stack sizes (-Xss)
#   Set larger code cache with -XX:ReservedCodeCacheSize=
#   JVM is running with Unscaled Compressed Oops mode in which the Java heap is
#     placed in the first 4GB address space. The Java Heap base address is the
#     maximum limit for the native heap growth. Please use -XX:HeapBaseMinAddress
#     to set the Java Heap base and to place the Java Heap above 4GB virtual address.
# This output file may be truncated or incomplete.
#
#  Out of Memory Error (t:/workspace/open/src/hotspot/share/memory/arena.cpp:197), pid=23064, tid=15340
#
# JRE version: Java(TM) SE Runtime Environment (11.0.6+8) (build 11.0.6+8-LTS)
# Java VM: Java HotSpot(TM) 64-Bit Server VM (11.0.6+8-LTS, mixed mode, tiered, compressed oops, g1 gc, windows-amd64)
# No core dump will be written. Minidumps are not enabled by default on client versions of Windows
#

---------------  S U M M A R Y ------------

Command Line: --add-opens=java.base/java.util=ALL-UNNAMED --add-opens=java.base/java.lang=ALL-UNNAMED --add-opens=java.base/java.lang.invoke=ALL-UNNAMED --add-opens=java.prefs/java.util.prefs=ALL-UNNAMED -XX:MaxMetaspaceSize=256m -XX:+HeapDumpOnOutOfMemoryError -Xms256m -Xmx512m -Dfile.encoding=windows-1252 -Duser.country=US -Duser.language=en -Duser.variant org.gradle.launcher.daemon.bootstrap.GradleDaemon 6.0.1

Host: AMD A4-9125 RADEON R3, 4 COMPUTE CORES 2C+2G   , 2 cores, 3G,  Windows 10 , 64 bit Build 18362 (10.0.18362.1110)
Time: Wed Jan 13 20:35:17 2021 Egypt Standard Time elapsed time: 136 seconds (0d 0h 2m 16s)

---------------  T H R E A D  ---------------

Current thread (0x0000011976d62800):  JavaThread "C2 CompilerThread0" daemon [_thread_in_native, id=15340, stack(0x0000000a77100000,0x0000000a77200000)]


Current CompileTask:
C2: 136158 6022       4       groovy.lang.MetaClassImpl::inheritInterfaceNewMetaMethods (199 bytes)

Stack: [0x0000000a77100000,0x0000000a77200000]
Native frames: (J=compiled Java code, j=interpreted, Vv=VM code, C=native code)
V  [jvm.dll+0x63679a]
V  [jvm.dll+0x7755bf]
V  [jvm.dll+0x776c65]
V  [jvm.dll+0x7772d3]
V  [jvm.dll+0x25e7f8]
V  [jvm.dll+0xc1c01]
V  [jvm.dll+0xc219c]
V  [jvm.dll+0xc1cf0]
V  [jvm.dll+0x6159cf]
V  [jvm.dll+0x36a3bb]
V  [jvm.dll+0x36adde]
V  [jvm.dll+0x2ea8b0]
V  [jvm.dll+0x5fe001]
V  [jvm.dll+0x10a94c]
V  [jvm.dll+0x34b10d]
V  [jvm.dll+0x658ac9]
V  [jvm.dll+0x657e2d]
V  [jvm.dll+0x652fac]
V  [jvm.dll+0x64c4db]
V  [jvm.dll+0x64baf2]
V  [jvm.dll+0x649717]
V  [jvm.dll+0x19660c]
V  [jvm.dll+0x2ce3d6]
V  [jvm.dll+0x654eb8]
V  [jvm.dll+0x64c4db]
V  [jvm.dll+0x64baf2]
V  [jvm.dll+0x649717]
V  [jvm.dll+0x19660c]
V  [jvm.dll+0x2ce3d6]
V  [jvm.dll+0x654eb8]
V  [jvm.dll+0x64c4db]
V  [jvm.dll+0x64baf2]
V  [jvm.dll+0x649717]
V  [jvm.dll+0x19660c]
V  [jvm.dll+0x2ce3d6]
V  [jvm.dll+0x654eb8]
V  [jvm.dll+0x64c4db]
V  [jvm.dll+0x64baf2]
V  [jvm.dll+0x649717]
V  [jvm.dll+0x19660c]
V  [jvm.dll+0x2ce3d6]
V  [jvm.dll+0x654eb8]
V  [jvm.dll+0x64c4db]
V  [jvm.dll+0x64baf2]
V  [jvm.dll+0x649717]
V  [jvm.dll+0x19660c]
V  [jvm.dll+0x2ce3d6]
V  [jvm.dll+0x654eb8]
V  [jvm.dll+0x64c4db]
V  [jvm.dll+0x64baf2]
V  [jvm.dll+0x649717]
V  [jvm.dll+0x19660c]
V  [jvm.dll+0x2ce3d6]
V  [jvm.dll+0x654eb8]
V  [jvm.dll+0x64c4db]
V  [jvm.dll+0x64baf2]
V  [jvm.dll+0x649717]
V  [jvm.dll+0x19660c]
V  [jvm.dll+0x21719b]
V  [jvm.dll+0x193a2c]
V  [jvm.dll+0x226544]
V  [jvm.dll+0x224b28]
V  [jvm.dll+0x73a9c5]
V  [jvm.dll+0x733905]
V  [jvm.dll+0x635846]
C  [ucrtbase.dll+0x210b2]
C  [KERNEL32.DLL+0x17c24]
C  [ntdll.dll+0x6d4d1]


---------------  P R O C E S S  ---------------

Threads class SMR info:
_java_thread_list=0x000001197a96eba0, length=31, elements={
0x000001195a6b4800, 0x0000011976d3e800, 0x0000011976d42800, 0x0000011976d60000,
0x0000011976d60800, 0x0000011976d62800, 0x0000011977709000, 0x000001197770a800,
0x000001197780f000, 0x0000011977846000, 0x0000011978940800, 0x00000119777af000,
0x00000119789bb800, 0x0000011978e71800, 0x000001197893a800, 0x0000011977d65800,
0x000001197893b800, 0x0000011978866800, 0x0000011978867800, 0x0000011977b45800,
0x0000011977828000, 0x0000011977828800, 0x0000011977829800, 0x000001197782a000,
0x000001197852c800, 0x000001197852b800, 0x0000011978529000, 0x000001197852a000,
0x000001197852a800, 0x000001197852d000, 0x0000011978527800
}

Java Threads: ( => current thread )
  0x000001195a6b4800 JavaThread "main" [_thread_blocked, id=24412, stack(0x0000000a76600000,0x0000000a76700000)]
  0x0000011976d3e800 JavaThread "Reference Handler" daemon [_thread_blocked, id=14636, stack(0x0000000a76d00000,0x0000000a76e00000)]
  0x0000011976d42800 JavaThread "Finalizer" daemon [_thread_blocked, id=3068, stack(0x0000000a76e00000,0x0000000a76f00000)]
  0x0000011976d60000 JavaThread "Signal Dispatcher" daemon [_thread_blocked, id=14004, stack(0x0000000a76f00000,0x0000000a77000000)]
  0x0000011976d60800 JavaThread "Attach Listener" daemon [_thread_blocked, id=5440, stack(0x0000000a77000000,0x0000000a77100000)]
=>0x0000011976d62800 JavaThread "C2 CompilerThread0" daemon [_thread_in_native, id=15340, stack(0x0000000a77100000,0x0000000a77200000)]
  0x0000011977709000 JavaThread "C1 CompilerThread0" daemon [_thread_blocked, id=10288, stack(0x0000000a77200000,0x0000000a77300000)]
  0x000001197770a800 JavaThread "Sweeper thread" daemon [_thread_blocked, id=22192, stack(0x0000000a77300000,0x0000000a77400000)]
  0x000001197780f000 JavaThread "Common-Cleaner" daemon [_thread_blocked, id=8452, stack(0x0000000a77400000,0x0000000a77500000)]
  0x0000011977846000 JavaThread "Service Thread" daemon [_thread_blocked, id=1636, stack(0x0000000a77500000,0x0000000a77600000)]
  0x0000011978940800 JavaThread "Daemon health stats" [_thread_blocked, id=21532, stack(0x0000000a77800000,0x0000000a77900000)]
  0x00000119777af000 JavaThread "Incoming local TCP Connector on port 58454" [_thread_in_native, id=20452, stack(0x0000000a77900000,0x0000000a77a00000)]
  0x00000119789bb800 JavaThread "Daemon periodic checks" [_thread_blocked, id=20868, stack(0x0000000a77a00000,0x0000000a77b00000)]
  0x0000011978e71800 JavaThread "Daemon" [_thread_blocked, id=14504, stack(0x0000000a77b00000,0x0000000a77c00000)]
  0x000001197893a800 JavaThread "Handler for socket connection from /127.0.0.1:58454 to /127.0.0.1:58455" [_thread_in_native, id=18892, stack(0x0000000a77c00000,0x0000000a77d00000)]
  0x0000011977d65800 JavaThread "Cancel handler" [_thread_blocked, id=15068, stack(0x0000000a77d00000,0x0000000a77e00000)]
  0x000001197893b800 JavaThread "Daemon worker" [_thread_in_vm, id=18024, stack(0x0000000a77e00000,0x0000000a77f00000)]
  0x0000011978866800 JavaThread "Asynchronous log dispatcher for DefaultDaemonConnection: socket connection from /127.0.0.1:58454 to /127.0.0.1:58455" [_thread_blocked, id=10692, stack(0x0000000a77f00000,0x0000000a78000000)]
  0x0000011978867800 JavaThread "Stdin handler" [_thread_blocked, id=1748, stack(0x0000000a78000000,0x0000000a78100000)]
  0x0000011977b45800 JavaThread "Thread-8" [_thread_blocked, id=6724, stack(0x0000000a78100000,0x0000000a78200000)]
  0x0000011977828000 JavaThread "Cache worker for file hash cache (C:\Users\Lenovo\.gradle\caches\6.0.1\fileHashes)" [_thread_blocked, id=20776, stack(0x0000000a78200000,0x0000000a78300000)]
  0x0000011977828800 JavaThread "File lock request listener" [_thread_in_native, id=16556, stack(0x0000000a78300000,0x0000000a78400000)]
  0x0000011977829800 JavaThread "Cache worker for journal cache (C:\Users\Lenovo\.gradle\caches\journal-1)" [_thread_blocked, id=13520, stack(0x0000000a78400000,0x0000000a78500000)]
  0x000001197782a000 JavaThread "Cache worker for file hash cache (F:\react native\app__copy\app_redux\android\.gradle\6.0.1\fileHashes)" [_thread_blocked, id=24252, stack(0x0000000a78500000,0x0000000a78600000)]
  0x000001197852c800 JavaThread "Cache worker for cache directory md-supplier (C:\Users\Lenovo\.gradle\caches\6.0.1\md-supplier)" [_thread_blocked, id=19836, stack(0x0000000a76400000,0x0000000a76500000)]
  0x000001197852b800 JavaThread "Cache worker for cache directory md-rule (C:\Users\Lenovo\.gradle\caches\6.0.1\md-rule)" [_thread_blocked, id=3340, stack(0x0000000a76500000,0x0000000a76600000)]
  0x0000011978529000 JavaThread "Cache worker for execution history cache (C:\Users\Lenovo\.gradle\caches\6.0.1\executionHistory)" [_thread_blocked, id=20284, stack(0x0000000a78800000,0x0000000a78900000)]
  0x000001197852a000 JavaThread "Build operations" [_thread_blocked, id=7044, stack(0x0000000a78900000,0x0000000a78a00000)]
  0x000001197852a800 JavaThread "Build operations Thread 2" [_thread_blocked, id=23688, stack(0x0000000a78a00000,0x0000000a78b00000)]
  0x000001197852d000 JavaThread "Cache worker for Build Output Cleanup Cache (F:\react native\app__copy\app_redux\android\.gradle\buildOutputCleanup)" [_thread_blocked, id=21312, stack(0x0000000a78b00000,0x0000000a78c00000)]
  0x0000011978527800 JavaThread "Memory manager" [_thread_blocked, id=12960, stack(0x0000000a78c00000,0x0000000a78d00000)]

Other Threads:
  0x0000011976d16800 VMThread "VM Thread" [stack: 0x0000000a76c00000,0x0000000a76d00000] [id=12672]
  0x0000011977847800 WatcherThread [stack: 0x0000000a77600000,0x0000000a77700000] [id=23896]
  0x000001195a6cc800 GCTaskThread "GC Thread#0" [stack: 0x0000000a76700000,0x0000000a76800000] [id=6692]
  0x0000011977af4800 GCTaskThread "GC Thread#1" [stack: 0x0000000a77700000,0x0000000a77800000] [id=14860]
  0x000001195a6db800 ConcurrentGCThread "G1 Main Marker" [stack: 0x0000000a76800000,0x0000000a76900000] [id=8660]
  0x000001195a6de000 ConcurrentGCThread "G1 Conc#0" [stack: 0x0000000a76900000,0x0000000a76a00000] [id=19424]
  0x0000011976bb2800 ConcurrentGCThread "G1 Refine#0" [stack: 0x0000000a76a00000,0x0000000a76b00000] [id=21748]
  0x0000011976bb3800 ConcurrentGCThread "G1 Young RemSet Sampling" [stack: 0x0000000a76b00000,0x0000000a76c00000] [id=22696]

Threads with active compile tasks:
C2 CompilerThread06022       4       groovy.lang.MetaClassImpl::inheritInterfaceNewMetaMethods (199 bytes)

VM state:not at safepoint (normal execution)

VM Mutex/Monitor currently owned by a thread: None

Heap address: 0x00000000e0000000, size: 512 MB, Compressed Oops mode: 32-bit
Narrow klass base: 0x0000000000000000, Narrow klass shift: 3
Compressed class space size: 260046848 Address: 0x0000000100000000

Heap:
 garbage-first heap   total 262144K, used 114590K [0x00000000e0000000, 0x0000000100000000)
  region size 1024K, 75 young (76800K), 5 survivors (5120K)
 Metaspace       used 63724K, capacity 65480K, committed 65792K, reserved 311296K
  class space    used 8168K, capacity 8856K, committed 8960K, reserved 253952K
Heap Regions: E=young(eden), S=young(survivor), O=old, HS=humongous(starts), HC=humongous(continues), CS=collection set, F=free, A=archive, TAMS=top-at-mark-start (previous, next)
|   0|0x00000000e0000000, 0x00000000e0100000, 0x00000000e0100000|100%| O|  |TAMS 0x00000000e0100000, 0x00000000e0000000| Untracked 
|   1|0x00000000e0100000, 0x00000000e0200000, 0x00000000e0200000|100%| O|  |TAMS 0x00000000e0200000, 0x00000000e0100000| Untracked 
|   2|0x00000000e0200000, 0x00000000e0300000, 0x00000000e0300000|100%| O|  |TAMS 0x00000000e0300000, 0x00000000e0200000| Untracked 
|   3|0x00000000e0300000, 0x00000000e0400000, 0x00000000e0400000|100%|HS|  |TAMS 0x00000000e0400000, 0x00000000e0300000| Complete 
|   4|0x00000000e0400000, 0x00000000e0500000, 0x00000000e0500000|100%|HC|  |TAMS 0x00000000e0500000, 0x00000000e0400000| Complete 
|   5|0x00000000e0500000, 0x00000000e0600000, 0x00000000e0600000|100%|HC|  |TAMS 0x00000000e0600000, 0x00000000e0500000| Complete 
|   6|0x00000000e0600000, 0x00000000e0700000, 0x00000000e0700000|100%| O|  |TAMS 0x00000000e0700000, 0x00000000e0600000| Untracked 
|   7|0x00000000e0700000, 0x00000000e0800000, 0x00000000e0800000|100%| O|  |TAMS 0x00000000e0800000, 0x00000000e0700000| Untracked 
|   8|0x00000000e0800000, 0x00000000e0900000, 0x00000000e0900000|100%| O|  |TAMS 0x00000000e0900000, 0x00000000e0800000| Untracked 
|   9|0x00000000e0900000, 0x00000000e0a00000, 0x00000000e0a00000|100%| O|  |TAMS 0x00000000e0a00000, 0x00000000e0900000| Untracked 
|  10|0x00000000e0a00000, 0x00000000e0b00000, 0x00000000e0b00000|100%| O|  |TAMS 0x00000000e0b00000, 0x00000000e0a00000| Untracked 
|  11|0x00000000e0b00000, 0x00000000e0c00000, 0x00000000e0c00000|100%| O|  |TAMS 0x00000000e0c00000, 0x00000000e0b00000| Untracked 
|  12|0x00000000e0c00000, 0x00000000e0d00000, 0x00000000e0d00000|100%| O|  |TAMS 0x00000000e0d00000, 0x00000000e0c00000| Untracked 
|  13|0x00000000e0d00000, 0x00000000e0e00000, 0x00000000e0e00000|100%| O|  |TAMS 0x00000000e0e00000, 0x00000000e0d00000| Untracked 
|  14|0x00000000e0e00000, 0x00000000e0f00000, 0x00000000e0f00000|100%| O|  |TAMS 0x00000000e0f00000, 0x00000000e0e00000| Untracked 
|  15|0x00000000e0f00000, 0x00000000e1000000, 0x00000000e1000000|100%| O|  |TAMS 0x00000000e1000000, 0x00000000e0f00000| Untracked 
|  16|0x00000000e1000000, 0x00000000e1100000, 0x00000000e1100000|100%| O|  |TAMS 0x00000000e1100000, 0x00000000e1000000| Untracked 
|  17|0x00000000e1100000, 0x00000000e1200000, 0x00000000e1200000|100%| O|  |TAMS 0x00000000e1200000, 0x00000000e1100000| Untracked 
|  18|0x00000000e1200000, 0x00000000e1300000, 0x00000000e1300000|100%| O|  |TAMS 0x00000000e1300000, 0x00000000e1200000| Untracked 
|  19|0x00000000e1300000, 0x00000000e1400000, 0x00000000e1400000|100%| O|  |TAMS 0x00000000e1400000, 0x00000000e1300000| Untracked 
|  20|0x00000000e1400000, 0x00000000e1500000, 0x00000000e1500000|100%| O|  |TAMS 0x00000000e1500000, 0x00000000e1400000| Untracked 
|  21|0x00000000e1500000, 0x00000000e1600000, 0x00000000e1600000|100%| O|  |TAMS 0x00000000e1600000, 0x00000000e1500000| Untracked 
|  22|0x00000000e1600000, 0x00000000e1700000, 0x00000000e1700000|100%|HS|  |TAMS 0x00000000e1700000, 0x00000000e1600000| Complete 
|  23|0x00000000e1700000, 0x00000000e1800000, 0x00000000e1800000|100%|HC|  |TAMS 0x00000000e1800000, 0x00000000e1700000| Complete 
|  24|0x00000000e1800000, 0x00000000e1900000, 0x00000000e1900000|100%| O|  |TAMS 0x00000000e1900000, 0x00000000e1800000| Untracked 
|  25|0x00000000e1900000, 0x00000000e1a00000, 0x00000000e1a00000|100%| O|  |TAMS 0x00000000e1a00000, 0x00000000e1900000| Untracked 
|  26|0x00000000e1a00000, 0x00000000e1b00000, 0x00000000e1b00000|100%| O|  |TAMS 0x00000000e1b00000, 0x00000000e1a00000| Untracked 
|  27|0x00000000e1b00000, 0x00000000e1c00000, 0x00000000e1c00000|100%| O|  |TAMS 0x00000000e1c00000, 0x00000000e1b00000| Untracked 
|  28|0x00000000e1c00000, 0x00000000e1d00000, 0x00000000e1d00000|100%| O|  |TAMS 0x00000000e1d00000, 0x00000000e1c00000| Untracked 
|  29|0x00000000e1d00000, 0x00000000e1e00000, 0x00000000e1e00000|100%| O|  |TAMS 0x00000000e1e00000, 0x00000000e1d00000| Untracked 
|  30|0x00000000e1e00000, 0x00000000e1f00000, 0x00000000e1f00000|100%| O|  |TAMS 0x00000000e1f00000, 0x00000000e1e00000| Untracked 
|  31|0x00000000e1f00000, 0x00000000e2000000, 0x00000000e2000000|100%| O|  |TAMS 0x00000000e2000000, 0x00000000e1f00000| Untracked 
|  32|0x00000000e2000000, 0x00000000e2100000, 0x00000000e2100000|100%| O|  |TAMS 0x00000000e2100000, 0x00000000e2000000| Untracked 
|  33|0x00000000e2100000, 0x00000000e2200000, 0x00000000e2200000|100%| O|  |TAMS 0x00000000e2200000, 0x00000000e2100000| Untracked 
|  34|0x00000000e2200000, 0x00000000e2200000, 0x00000000e2300000|  0%| F|  |TAMS 0x00000000e2200000, 0x00000000e2200000| Untracked 
|  35|0x00000000e2300000, 0x00000000e2400000, 0x00000000e2400000|100%| O|  |TAMS 0x00000000e2400000, 0x00000000e2300000| Untracked 
|  36|0x00000000e2400000, 0x00000000e2500000, 0x00000000e2500000|100%| O|  |TAMS 0x00000000e2500000, 0x00000000e2400000| Untracked 
|  37|0x00000000e2500000, 0x00000000e2600000, 0x00000000e2600000|100%| O|  |TAMS 0x00000000e2600000, 0x00000000e2500000| Untracked 
|  38|0x00000000e2600000, 0x00000000e2700000, 0x00000000e2700000|100%| O|  |TAMS 0x00000000e2700000, 0x00000000e2600000| Untracked 
|  39|0x00000000e2700000, 0x00000000e2700000, 0x00000000e2800000|  0%| F|  |TAMS 0x00000000e2700000, 0x00000000e2700000| Untracked 
|  40|0x00000000e2800000, 0x00000000e2800000, 0x00000000e2900000|  0%| F|  |TAMS 0x00000000e2800000, 0x00000000e2800000| Untracked 
|  41|0x00000000e2900000, 0x00000000e2900000, 0x00000000e2a00000|  0%| F|  |TAMS 0x00000000e2900000, 0x00000000e2900000| Untracked 
|  42|0x00000000e2a00000, 0x00000000e2a00000, 0x00000000e2b00000|  0%| F|  |TAMS 0x00000000e2a00000, 0x00000000e2a00000| Untracked 
|  43|0x00000000e2b00000, 0x00000000e2b00000, 0x00000000e2c00000|  0%| F|  |TAMS 0x00000000e2b00000, 0x00000000e2b00000| Untracked 
|  44|0x00000000e2c00000, 0x00000000e2c00000, 0x00000000e2d00000|  0%| F|  |TAMS 0x00000000e2c00000, 0x00000000e2c00000| Untracked 
|  45|0x00000000e2d00000, 0x00000000e2d00000, 0x00000000e2e00000|  0%| F|  |TAMS 0x00000000e2d00000, 0x00000000e2d00000| Untracked 
|  46|0x00000000e2e00000, 0x00000000e2e00000, 0x00000000e2f00000|  0%| F|  |TAMS 0x00000000e2e00000, 0x00000000e2e00000| Untracked 
|  47|0x00000000e2f00000, 0x00000000e2f00000, 0x00000000e3000000|  0%| F|  |TAMS 0x00000000e2f00000, 0x00000000e2f00000| Untracked 
|  48|0x00000000e3000000, 0x00000000e3000000, 0x00000000e3100000|  0%| F|  |TAMS 0x00000000e3000000, 0x00000000e3000000| Untracked 
|  49|0x00000000e3100000, 0x00000000e3100000, 0x00000000e3200000|  0%| F|  |TAMS 0x00000000e3100000, 0x00000000e3100000| Untracked 
|  50|0x00000000e3200000, 0x00000000e3200000, 0x00000000e3300000|  0%| F|  |TAMS 0x00000000e3200000, 0x00000000e3200000| Untracked 
|  51|0x00000000e3300000, 0x00000000e3300000, 0x00000000e3400000|  0%| F|  |TAMS 0x00000000e3300000, 0x00000000e3300000| Untracked 
|  52|0x00000000e3400000, 0x00000000e3400000, 0x00000000e3500000|  0%| F|  |TAMS 0x00000000e3400000, 0x00000000e3400000| Untracked 
|  53|0x00000000e3500000, 0x00000000e3500000, 0x00000000e3600000|  0%| F|  |TAMS 0x00000000e3500000, 0x00000000e3500000| Untracked 
|  54|0x00000000e3600000, 0x00000000e3600000, 0x00000000e3700000|  0%| F|  |TAMS 0x00000000e3600000, 0x00000000e3600000| Untracked 
|  55|0x00000000e3700000, 0x00000000e3700000, 0x00000000e3800000|  0%| F|  |TAMS 0x00000000e3700000, 0x00000000e3700000| Untracked 
|  56|0x00000000e3800000, 0x00000000e3800000, 0x00000000e3900000|  0%| F|  |TAMS 0x00000000e3800000, 0x00000000e3800000| Untracked 
|  57|0x00000000e3900000, 0x00000000e3900000, 0x00000000e3a00000|  0%| F|  |TAMS 0x00000000e3900000, 0x00000000e3900000| Untracked 
|  58|0x00000000e3a00000, 0x00000000e3a00000, 0x00000000e3b00000|  0%| F|  |TAMS 0x00000000e3a00000, 0x00000000e3a00000| Untracked 
|  59|0x00000000e3b00000, 0x00000000e3b00000, 0x00000000e3c00000|  0%| F|  |TAMS 0x00000000e3b00000, 0x00000000e3b00000| Untracked 
|  60|0x00000000e3c00000, 0x00000000e3c00000, 0x00000000e3d00000|  0%| F|  |TAMS 0x00000000e3c00000, 0x00000000e3c00000| Untracked 
|  61|0x00000000e3d00000, 0x00000000e3d00000, 0x00000000e3e00000|  0%| F|  |TAMS 0x00000000e3d00000, 0x00000000e3d00000| Untracked 
|  62|0x00000000e3e00000, 0x00000000e3e00000, 0x00000000e3f00000|  0%| F|  |TAMS 0x00000000e3e00000, 0x00000000e3e00000| Untracked 
|  63|0x00000000e3f00000, 0x00000000e3f00000, 0x00000000e4000000|  0%| F|  |TAMS 0x00000000e3f00000, 0x00000000e3f00000| Untracked 
|  64|0x00000000e4000000, 0x00000000e4000000, 0x00000000e4100000|  0%| F|  |TAMS 0x00000000e4000000, 0x00000000e4000000| Untracked 
|  65|0x00000000e4100000, 0x00000000e4100000, 0x00000000e4200000|  0%| F|  |TAMS 0x00000000e4100000, 0x00000000e4100000| Untracked 
|  66|0x00000000e4200000, 0x00000000e4200000, 0x00000000e4300000|  0%| F|  |TAMS 0x00000000e4200000, 0x00000000e4200000| Untracked 
|  67|0x00000000e4300000, 0x00000000e4300000, 0x00000000e4400000|  0%| F|  |TAMS 0x00000000e4300000, 0x00000000e4300000| Untracked 
|  68|0x00000000e4400000, 0x00000000e4400000, 0x00000000e4500000|  0%| F|  |TAMS 0x00000000e4400000, 0x00000000e4400000| Untracked 
|  69|0x00000000e4500000, 0x00000000e4500000, 0x00000000e4600000|  0%| F|  |TAMS 0x00000000e4500000, 0x00000000e4500000| Untracked 
|  70|0x00000000e4600000, 0x00000000e4600000, 0x00000000e4700000|  0%| F|  |TAMS 0x00000000e4600000, 0x00000000e4600000| Untracked 
|  71|0x00000000e4700000, 0x00000000e4700000, 0x00000000e4800000|  0%| F|  |TAMS 0x00000000e4700000, 0x00000000e4700000| Untracked 
|  72|0x00000000e4800000, 0x00000000e4800000, 0x00000000e4900000|  0%| F|  |TAMS 0x00000000e4800000, 0x00000000e4800000| Untracked 
|  73|0x00000000e4900000, 0x00000000e4900000, 0x00000000e4a00000|  0%| F|  |TAMS 0x00000000e4900000, 0x00000000e4900000| Untracked 
|  74|0x00000000e4a00000, 0x00000000e4a00000, 0x00000000e4b00000|  0%| F|  |TAMS 0x00000000e4a00000, 0x00000000e4a00000| Untracked 
|  75|0x00000000e4b00000, 0x00000000e4b00000, 0x00000000e4c00000|  0%| F|  |TAMS 0x00000000e4b00000, 0x00000000e4b00000| Untracked 
|  76|0x00000000e4c00000, 0x00000000e4c00000, 0x00000000e4d00000|  0%| F|  |TAMS 0x00000000e4c00000, 0x00000000e4c00000| Untracked 
|  77|0x00000000e4d00000, 0x00000000e4d00000, 0x00000000e4e00000|  0%| F|  |TAMS 0x00000000e4d00000, 0x00000000e4d00000| Untracked 
|  78|0x00000000e4e00000, 0x00000000e4e00000, 0x00000000e4f00000|  0%| F|  |TAMS 0x00000000e4e00000, 0x00000000e4e00000| Untracked 
|  79|0x00000000e4f00000, 0x00000000e4f00000, 0x00000000e5000000|  0%| F|  |TAMS 0x00000000e4f00000, 0x00000000e4f00000| Untracked 
|  80|0x00000000e5000000, 0x00000000e5000000, 0x00000000e5100000|  0%| F|  |TAMS 0x00000000e5000000, 0x00000000e5000000| Untracked 
|  81|0x00000000e5100000, 0x00000000e5100000, 0x00000000e5200000|  0%| F|  |TAMS 0x00000000e5100000, 0x00000000e5100000| Untracked 
|  82|0x00000000e5200000, 0x00000000e5200000, 0x00000000e5300000|  0%| F|  |TAMS 0x00000000e5200000, 0x00000000e5200000| Untracked 
|  83|0x00000000e5300000, 0x00000000e5300000, 0x00000000e5400000|  0%| F|  |TAMS 0x00000000e5300000, 0x00000000e5300000| Untracked 
|  84|0x00000000e5400000, 0x00000000e5400000, 0x00000000e5500000|  0%| F|  |TAMS 0x00000000e5400000, 0x00000000e5400000| Untracked 
|  85|0x00000000e5500000, 0x00000000e5500000, 0x00000000e5600000|  0%| F|  |TAMS 0x00000000e5500000, 0x00000000e5500000| Untracked 
|  86|0x00000000e5600000, 0x00000000e5600000, 0x00000000e5700000|  0%| F|  |TAMS 0x00000000e5600000, 0x00000000e5600000| Untracked 
|  87|0x00000000e5700000, 0x00000000e5700000, 0x00000000e5800000|  0%| F|  |TAMS 0x00000000e5700000, 0x00000000e5700000| Untracked 
|  88|0x00000000e5800000, 0x00000000e5800000, 0x00000000e5900000|  0%| F|  |TAMS 0x00000000e5800000, 0x00000000e5800000| Untracked 
|  89|0x00000000e5900000, 0x00000000e5900000, 0x00000000e5a00000|  0%| F|  |TAMS 0x00000000e5900000, 0x00000000e5900000| Untracked 
|  90|0x00000000e5a00000, 0x00000000e5a00000, 0x00000000e5b00000|  0%| F|  |TAMS 0x00000000e5a00000, 0x00000000e5a00000| Untracked 
|  91|0x00000000e5b00000, 0x00000000e5b00000, 0x00000000e5c00000|  0%| F|  |TAMS 0x00000000e5b00000, 0x00000000e5b00000| Untracked 
|  92|0x00000000e5c00000, 0x00000000e5c00000, 0x00000000e5d00000|  0%| F|  |TAMS 0x00000000e5c00000, 0x00000000e5c00000| Untracked 
|  93|0x00000000e5d00000, 0x00000000e5d00000, 0x00000000e5e00000|  0%| F|  |TAMS 0x00000000e5d00000, 0x00000000e5d00000| Untracked 
|  94|0x00000000e5e00000, 0x00000000e5e00000, 0x00000000e5f00000|  0%| F|  |TAMS 0x00000000e5e00000, 0x00000000e5e00000| Untracked 
|  95|0x00000000e5f00000, 0x00000000e5f00000, 0x00000000e6000000|  0%| F|  |TAMS 0x00000000e5f00000, 0x00000000e5f00000| Untracked 
|  96|0x00000000e6000000, 0x00000000e6000000, 0x00000000e6100000|  0%| F|  |TAMS 0x00000000e6000000, 0x00000000e6000000| Untracked 
|  97|0x00000000e6100000, 0x00000000e6100000, 0x00000000e6200000|  0%| F|  |TAMS 0x00000000e6100000, 0x00000000e6100000| Untracked 
|  98|0x00000000e6200000, 0x00000000e6200000, 0x00000000e6300000|  0%| F|  |TAMS 0x00000000e6200000, 0x00000000e6200000| Untracked 
|  99|0x00000000e6300000, 0x00000000e6300000, 0x00000000e6400000|  0%| F|  |TAMS 0x00000000e6300000, 0x00000000e6300000| Untracked 
| 100|0x00000000e6400000, 0x00000000e6400000, 0x00000000e6500000|  0%| F|  |TAMS 0x00000000e6400000, 0x00000000e6400000| Untracked 
| 101|0x00000000e6500000, 0x00000000e6500000, 0x00000000e6600000|  0%| F|  |TAMS 0x00000000e6500000, 0x00000000e6500000| Untracked 
| 102|0x00000000e6600000, 0x00000000e6600000, 0x00000000e6700000|  0%| F|  |TAMS 0x00000000e6600000, 0x00000000e6600000| Untracked 
| 103|0x00000000e6700000, 0x00000000e6700000, 0x00000000e6800000|  0%| F|  |TAMS 0x00000000e6700000, 0x00000000e6700000| Untracked 
| 104|0x00000000e6800000, 0x00000000e6800000, 0x00000000e6900000|  0%| F|  |TAMS 0x00000000e6800000, 0x00000000e6800000| Untracked 
| 105|0x00000000e6900000, 0x00000000e6900000, 0x00000000e6a00000|  0%| F|  |TAMS 0x00000000e6900000, 0x00000000e6900000| Untracked 
| 106|0x00000000e6a00000, 0x00000000e6a00000, 0x00000000e6b00000|  0%| F|  |TAMS 0x00000000e6a00000, 0x00000000e6a00000| Untracked 
| 107|0x00000000e6b00000, 0x00000000e6b00000, 0x00000000e6c00000|  0%| F|  |TAMS 0x00000000e6b00000, 0x00000000e6b00000| Untracked 
| 108|0x00000000e6c00000, 0x00000000e6c00000, 0x00000000e6d00000|  0%| F|  |TAMS 0x00000000e6c00000, 0x00000000e6c00000| Untracked 
| 109|0x00000000e6d00000, 0x00000000e6d00000, 0x00000000e6e00000|  0%| F|  |TAMS 0x00000000e6d00000, 0x00000000e6d00000| Untracked 
| 110|0x00000000e6e00000, 0x00000000e6e00000, 0x00000000e6f00000|  0%| F|  |TAMS 0x00000000e6e00000, 0x00000000e6e00000| Untracked 
| 111|0x00000000e6f00000, 0x00000000e6f00000, 0x00000000e7000000|  0%| F|  |TAMS 0x00000000e6f00000, 0x00000000e6f00000| Untracked 
| 112|0x00000000e7000000, 0x00000000e7000000, 0x00000000e7100000|  0%| F|  |TAMS 0x00000000e7000000, 0x00000000e7000000| Untracked 
| 113|0x00000000e7100000, 0x00000000e7100000, 0x00000000e7200000|  0%| F|  |TAMS 0x00000000e7100000, 0x00000000e7100000| Untracked 
| 114|0x00000000e7200000, 0x00000000e7200000, 0x00000000e7300000|  0%| F|  |TAMS 0x00000000e7200000, 0x00000000e7200000| Untracked 
| 115|0x00000000e7300000, 0x00000000e7300000, 0x00000000e7400000|  0%| F|  |TAMS 0x00000000e7300000, 0x00000000e7300000| Untracked 
| 116|0x00000000e7400000, 0x00000000e7400000, 0x00000000e7500000|  0%| F|  |TAMS 0x00000000e7400000, 0x00000000e7400000| Untracked 
| 117|0x00000000e7500000, 0x00000000e7500000, 0x00000000e7600000|  0%| F|  |TAMS 0x00000000e7500000, 0x00000000e7500000| Untracked 
| 118|0x00000000e7600000, 0x00000000e7600000, 0x00000000e7700000|  0%| F|  |TAMS 0x00000000e7600000, 0x00000000e7600000| Untracked 
| 119|0x00000000e7700000, 0x00000000e7700000, 0x00000000e7800000|  0%| F|  |TAMS 0x00000000e7700000, 0x00000000e7700000| Untracked 
| 120|0x00000000e7800000, 0x00000000e7800000, 0x00000000e7900000|  0%| F|  |TAMS 0x00000000e7800000, 0x00000000e7800000| Untracked 
| 121|0x00000000e7900000, 0x00000000e7900000, 0x00000000e7a00000|  0%| F|  |TAMS 0x00000000e7900000, 0x00000000e7900000| Untracked 
| 122|0x00000000e7a00000, 0x00000000e7a00000, 0x00000000e7b00000|  0%| F|  |TAMS 0x00000000e7a00000, 0x00000000e7a00000| Untracked 
| 123|0x00000000e7b00000, 0x00000000e7b00000, 0x00000000e7c00000|  0%| F|  |TAMS 0x00000000e7b00000, 0x00000000e7b00000| Untracked 
| 124|0x00000000e7c00000, 0x00000000e7c00000, 0x00000000e7d00000|  0%| F|  |TAMS 0x00000000e7c00000, 0x00000000e7c00000| Untracked 
| 125|0x00000000e7d00000, 0x00000000e7d00000, 0x00000000e7e00000|  0%| F|  |TAMS 0x00000000e7d00000, 0x00000000e7d00000| Untracked 
| 126|0x00000000e7e00000, 0x00000000e7e00000, 0x00000000e7f00000|  0%| F|  |TAMS 0x00000000e7e00000, 0x00000000e7e00000| Untracked 
| 127|0x00000000e7f00000, 0x00000000e7f00000, 0x00000000e8000000|  0%| F|  |TAMS 0x00000000e7f00000, 0x00000000e7f00000| Untracked 
| 128|0x00000000e8000000, 0x00000000e8000000, 0x00000000e8100000|  0%| F|  |TAMS 0x00000000e8000000, 0x00000000e8000000| Untracked 
| 129|0x00000000e8100000, 0x00000000e8100000, 0x00000000e8200000|  0%| F|  |TAMS 0x00000000e8100000, 0x00000000e8100000| Untracked 
| 130|0x00000000e8200000, 0x00000000e8200000, 0x00000000e8300000|  0%| F|  |TAMS 0x00000000e8200000, 0x00000000e8200000| Untracked 
| 131|0x00000000e8300000, 0x00000000e8300000, 0x00000000e8400000|  0%| F|  |TAMS 0x00000000e8300000, 0x00000000e8300000| Untracked 
| 132|0x00000000e8400000, 0x00000000e8400000, 0x00000000e8500000|  0%| F|  |TAMS 0x00000000e8400000, 0x00000000e8400000| Untracked 
| 133|0x00000000e8500000, 0x00000000e8500000, 0x00000000e8600000|  0%| F|  |TAMS 0x00000000e8500000, 0x00000000e8500000| Untracked 
| 134|0x00000000e8600000, 0x00000000e8600000, 0x00000000e8700000|  0%| F|  |TAMS 0x00000000e8600000, 0x00000000e8600000| Untracked 
| 135|0x00000000e8700000, 0x00000000e8700000, 0x00000000e8800000|  0%| F|  |TAMS 0x00000000e8700000, 0x00000000e8700000| Untracked 
| 136|0x00000000e8800000, 0x00000000e8800000, 0x00000000e8900000|  0%| F|  |TAMS 0x00000000e8800000, 0x00000000e8800000| Untracked 
| 137|0x00000000e8900000, 0x00000000e8900000, 0x00000000e8a00000|  0%| F|  |TAMS 0x00000000e8900000, 0x00000000e8900000| Untracked 
| 138|0x00000000e8a00000, 0x00000000e8a00000, 0x00000000e8b00000|  0%| F|  |TAMS 0x00000000e8a00000, 0x00000000e8a00000| Untracked 
| 139|0x00000000e8b00000, 0x00000000e8b00000, 0x00000000e8c00000|  0%| F|  |TAMS 0x00000000e8b00000, 0x00000000e8b00000| Untracked 
| 140|0x00000000e8c00000, 0x00000000e8c00000, 0x00000000e8d00000|  0%| F|  |TAMS 0x00000000e8c00000, 0x00000000e8c00000| Untracked 
| 141|0x00000000e8d00000, 0x00000000e8d00000, 0x00000000e8e00000|  0%| F|  |TAMS 0x00000000e8d00000, 0x00000000e8d00000| Untracked 
| 142|0x00000000e8e00000, 0x00000000e8e00000, 0x00000000e8f00000|  0%| F|  |TAMS 0x00000000e8e00000, 0x00000000e8e00000| Untracked 
| 143|0x00000000e8f00000, 0x00000000e8f00000, 0x00000000e9000000|  0%| F|  |TAMS 0x00000000e8f00000, 0x00000000e8f00000| Untracked 
| 144|0x00000000e9000000, 0x00000000e9000000, 0x00000000e9100000|  0%| F|  |TAMS 0x00000000e9000000, 0x00000000e9000000| Untracked 
| 145|0x00000000e9100000, 0x00000000e9100000, 0x00000000e9200000|  0%| F|  |TAMS 0x00000000e9100000, 0x00000000e9100000| Untracked 
| 146|0x00000000e9200000, 0x00000000e9200000, 0x00000000e9300000|  0%| F|  |TAMS 0x00000000e9200000, 0x00000000e9200000| Untracked 
| 147|0x00000000e9300000, 0x00000000e9300000, 0x00000000e9400000|  0%| F|  |TAMS 0x00000000e9300000, 0x00000000e9300000| Untracked 
| 148|0x00000000e9400000, 0x00000000e9400000, 0x00000000e9500000|  0%| F|  |TAMS 0x00000000e9400000, 0x00000000e9400000| Untracked 
| 149|0x00000000e9500000, 0x00000000e9500000, 0x00000000e9600000|  0%| F|  |TAMS 0x00000000e9500000, 0x00000000e9500000| Untracked 
| 150|0x00000000e9600000, 0x00000000e9600000, 0x00000000e9700000|  0%| F|  |TAMS 0x00000000e9600000, 0x00000000e9600000| Untracked 
| 151|0x00000000e9700000, 0x00000000e9700000, 0x00000000e9800000|  0%| F|  |TAMS 0x00000000e9700000, 0x00000000e9700000| Untracked 
| 152|0x00000000e9800000, 0x00000000e9800000, 0x00000000e9900000|  0%| F|  |TAMS 0x00000000e9800000, 0x00000000e9800000| Untracked 
| 153|0x00000000e9900000, 0x00000000e9900000, 0x00000000e9a00000|  0%| F|  |TAMS 0x00000000e9900000, 0x00000000e9900000| Untracked 
| 154|0x00000000e9a00000, 0x00000000e9a00000, 0x00000000e9b00000|  0%| F|  |TAMS 0x00000000e9a00000, 0x00000000e9a00000| Untracked 
| 155|0x00000000e9b00000, 0x00000000e9b00000, 0x00000000e9c00000|  0%| F|  |TAMS 0x00000000e9b00000, 0x00000000e9b00000| Untracked 
| 156|0x00000000e9c00000, 0x00000000e9c00000, 0x00000000e9d00000|  0%| F|  |TAMS 0x00000000e9c00000, 0x00000000e9c00000| Untracked 
| 157|0x00000000e9d00000, 0x00000000e9d00000, 0x00000000e9e00000|  0%| F|  |TAMS 0x00000000e9d00000, 0x00000000e9d00000| Untracked 
| 158|0x00000000e9e00000, 0x00000000e9e00000, 0x00000000e9f00000|  0%| F|  |TAMS 0x00000000e9e00000, 0x00000000e9e00000| Untracked 
| 159|0x00000000e9f00000, 0x00000000e9f00000, 0x00000000ea000000|  0%| F|  |TAMS 0x00000000e9f00000, 0x00000000e9f00000| Untracked 
| 160|0x00000000ea000000, 0x00000000ea000000, 0x00000000ea100000|  0%| F|  |TAMS 0x00000000ea000000, 0x00000000ea000000| Untracked 
| 161|0x00000000ea100000, 0x00000000ea100000, 0x00000000ea200000|  0%| F|  |TAMS 0x00000000ea100000, 0x00000000ea100000| Untracked 
| 162|0x00000000ea200000, 0x00000000ea200000, 0x00000000ea300000|  0%| F|  |TAMS 0x00000000ea200000, 0x00000000ea200000| Untracked 
| 163|0x00000000ea300000, 0x00000000ea300000, 0x00000000ea400000|  0%| F|  |TAMS 0x00000000ea300000, 0x00000000ea300000| Untracked 
| 164|0x00000000ea400000, 0x00000000ea400000, 0x00000000ea500000|  0%| F|  |TAMS 0x00000000ea400000, 0x00000000ea400000| Untracked 
| 165|0x00000000ea500000, 0x00000000ea500000, 0x00000000ea600000|  0%| F|  |TAMS 0x00000000ea500000, 0x00000000ea500000| Untracked 
| 166|0x00000000ea600000, 0x00000000ea600000, 0x00000000ea700000|  0%| F|  |TAMS 0x00000000ea600000, 0x00000000ea600000| Untracked 
| 167|0x00000000ea700000, 0x00000000ea700000, 0x00000000ea800000|  0%| F|  |TAMS 0x00000000ea700000, 0x00000000ea700000| Untracked 
| 168|0x00000000ea800000, 0x00000000ea800000, 0x00000000ea900000|  0%| F|  |TAMS 0x00000000ea800000, 0x00000000ea800000| Untracked 
| 169|0x00000000ea900000, 0x00000000ea900000, 0x00000000eaa00000|  0%| F|  |TAMS 0x00000000ea900000, 0x00000000ea900000| Untracked 
| 170|0x00000000eaa00000, 0x00000000eaa00000, 0x00000000eab00000|  0%| F|  |TAMS 0x00000000eaa00000, 0x00000000eaa00000| Untracked 
| 171|0x00000000eab00000, 0x00000000eab00000, 0x00000000eac00000|  0%| F|  |TAMS 0x00000000eab00000, 0x00000000eab00000| Untracked 
| 172|0x00000000eac00000, 0x00000000eac00000, 0x00000000ead00000|  0%| F|  |TAMS 0x00000000eac00000, 0x00000000eac00000| Untracked 
| 173|0x00000000ead00000, 0x00000000ead00000, 0x00000000eae00000|  0%| F|  |TAMS 0x00000000ead00000, 0x00000000ead00000| Untracked 
| 174|0x00000000eae00000, 0x00000000eae00000, 0x00000000eaf00000|  0%| F|  |TAMS 0x00000000eae00000, 0x00000000eae00000| Untracked 
| 175|0x00000000eaf00000, 0x00000000eaf00000, 0x00000000eb000000|  0%| F|  |TAMS 0x00000000eaf00000, 0x00000000eaf00000| Untracked 
| 176|0x00000000eb000000, 0x00000000eb000000, 0x00000000eb100000|  0%| F|  |TAMS 0x00000000eb000000, 0x00000000eb000000| Untracked 
| 177|0x00000000eb100000, 0x00000000eb100000, 0x00000000eb200000|  0%| F|  |TAMS 0x00000000eb100000, 0x00000000eb100000| Untracked 
| 178|0x00000000eb200000, 0x00000000eb200000, 0x00000000eb300000|  0%| F|  |TAMS 0x00000000eb200000, 0x00000000eb200000| Untracked 
| 179|0x00000000eb300000, 0x00000000eb300000, 0x00000000eb400000|  0%| F|  |TAMS 0x00000000eb300000, 0x00000000eb300000| Untracked 
| 180|0x00000000eb400000, 0x00000000eb400000, 0x00000000eb500000|  0%| F|  |TAMS 0x00000000eb400000, 0x00000000eb400000| Untracked 
| 181|0x00000000eb500000, 0x00000000eb580800, 0x00000000eb600000| 50%| E|  |TAMS 0x00000000eb500000, 0x00000000eb500000| Complete 
| 182|0x00000000eb600000, 0x00000000eb700000, 0x00000000eb700000|100%| E|CS|TAMS 0x00000000eb600000, 0x00000000eb600000| Complete 
| 183|0x00000000eb700000, 0x00000000eb800000, 0x00000000eb800000|100%| E|CS|TAMS 0x00000000eb700000, 0x00000000eb700000| Complete 
| 184|0x00000000eb800000, 0x00000000eb900000, 0x00000000eb900000|100%| E|CS|TAMS 0x00000000eb800000, 0x00000000eb800000| Complete 
| 185|0x00000000eb900000, 0x00000000eba00000, 0x00000000eba00000|100%| E|CS|TAMS 0x00000000eb900000, 0x00000000eb900000| Complete 
| 186|0x00000000eba00000, 0x00000000ebb00000, 0x00000000ebb00000|100%| E|CS|TAMS 0x00000000eba00000, 0x00000000eba00000| Complete 
| 187|0x00000000ebb00000, 0x00000000ebc00000, 0x00000000ebc00000|100%| E|CS|TAMS 0x00000000ebb00000, 0x00000000ebb00000| Complete 
| 188|0x00000000ebc00000, 0x00000000ebd00000, 0x00000000ebd00000|100%| E|CS|TAMS 0x00000000ebc00000, 0x00000000ebc00000| Complete 
| 189|0x00000000ebd00000, 0x00000000ebe00000, 0x00000000ebe00000|100%| E|CS|TAMS 0x00000000ebd00000, 0x00000000ebd00000| Complete 
| 190|0x00000000ebe00000, 0x00000000ebf00000, 0x00000000ebf00000|100%| E|CS|TAMS 0x00000000ebe00000, 0x00000000ebe00000| Complete 
| 191|0x00000000ebf00000, 0x00000000ec000000, 0x00000000ec000000|100%| E|CS|TAMS 0x00000000ebf00000, 0x00000000ebf00000| Complete 
| 192|0x00000000ec000000, 0x00000000ec100000, 0x00000000ec100000|100%| E|CS|TAMS 0x00000000ec000000, 0x00000000ec000000| Complete 
| 193|0x00000000ec100000, 0x00000000ec200000, 0x00000000ec200000|100%| E|CS|TAMS 0x00000000ec100000, 0x00000000ec100000| Complete 
| 194|0x00000000ec200000, 0x00000000ec300000, 0x00000000ec300000|100%| E|CS|TAMS 0x00000000ec200000, 0x00000000ec200000| Complete 
| 195|0x00000000ec300000, 0x00000000ec400000, 0x00000000ec400000|100%| E|CS|TAMS 0x00000000ec300000, 0x00000000ec300000| Complete 
| 196|0x00000000ec400000, 0x00000000ec500000, 0x00000000ec500000|100%| E|CS|TAMS 0x00000000ec400000, 0x00000000ec400000| Complete 
| 197|0x00000000ec500000, 0x00000000ec600000, 0x00000000ec600000|100%| E|CS|TAMS 0x00000000ec500000, 0x00000000ec500000| Complete 
| 198|0x00000000ec600000, 0x00000000ec700000, 0x00000000ec700000|100%| E|CS|TAMS 0x00000000ec600000, 0x00000000ec600000| Complete 
| 199|0x00000000ec700000, 0x00000000ec800000, 0x00000000ec800000|100%| E|CS|TAMS 0x00000000ec700000, 0x00000000ec700000| Complete 
| 200|0x00000000ec800000, 0x00000000ec900000, 0x00000000ec900000|100%| E|CS|TAMS 0x00000000ec800000, 0x00000000ec800000| Complete 
| 201|0x00000000ec900000, 0x00000000eca00000, 0x00000000eca00000|100%| E|CS|TAMS 0x00000000ec900000, 0x00000000ec900000| Complete 
| 202|0x00000000eca00000, 0x00000000ecb00000, 0x00000000ecb00000|100%| E|CS|TAMS 0x00000000eca00000, 0x00000000eca00000| Complete 
| 203|0x00000000ecb00000, 0x00000000ecc00000, 0x00000000ecc00000|100%| E|CS|TAMS 0x00000000ecb00000, 0x00000000ecb00000| Complete 
| 204|0x00000000ecc00000, 0x00000000ecd00000, 0x00000000ecd00000|100%| E|CS|TAMS 0x00000000ecc00000, 0x00000000ecc00000| Complete 
| 205|0x00000000ecd00000, 0x00000000ece00000, 0x00000000ece00000|100%| E|CS|TAMS 0x00000000ecd00000, 0x00000000ecd00000| Complete 
| 206|0x00000000ece00000, 0x00000000ecf00000, 0x00000000ecf00000|100%| E|CS|TAMS 0x00000000ece00000, 0x00000000ece00000| Complete 
| 207|0x00000000ecf00000, 0x00000000ed000000, 0x00000000ed000000|100%| E|CS|TAMS 0x00000000ecf00000, 0x00000000ecf00000| Complete 
| 208|0x00000000ed000000, 0x00000000ed100000, 0x00000000ed100000|100%| E|CS|TAMS 0x00000000ed000000, 0x00000000ed000000| Complete 
| 209|0x00000000ed100000, 0x00000000ed200000, 0x00000000ed200000|100%| E|CS|TAMS 0x00000000ed100000, 0x00000000ed100000| Complete 
| 210|0x00000000ed200000, 0x00000000ed300000, 0x00000000ed300000|100%| E|CS|TAMS 0x00000000ed200000, 0x00000000ed200000| Complete 
| 211|0x00000000ed300000, 0x00000000ed400000, 0x00000000ed400000|100%| E|CS|TAMS 0x00000000ed300000, 0x00000000ed300000| Complete 
| 212|0x00000000ed400000, 0x00000000ed500000, 0x00000000ed500000|100%| E|CS|TAMS 0x00000000ed400000, 0x00000000ed400000| Complete 
| 213|0x00000000ed500000, 0x00000000ed600000, 0x00000000ed600000|100%| E|CS|TAMS 0x00000000ed500000, 0x00000000ed500000| Complete 
| 214|0x00000000ed600000, 0x00000000ed700000, 0x00000000ed700000|100%| E|CS|TAMS 0x00000000ed600000, 0x00000000ed600000| Complete 
| 215|0x00000000ed700000, 0x00000000ed800000, 0x00000000ed800000|100%| E|CS|TAMS 0x00000000ed700000, 0x00000000ed700000| Complete 
| 216|0x00000000ed800000, 0x00000000ed900000, 0x00000000ed900000|100%| E|CS|TAMS 0x00000000ed800000, 0x00000000ed800000| Complete 
| 217|0x00000000ed900000, 0x00000000eda00000, 0x00000000eda00000|100%| E|CS|TAMS 0x00000000ed900000, 0x00000000ed900000| Complete 
| 218|0x00000000eda00000, 0x00000000edb00000, 0x00000000edb00000|100%| E|CS|TAMS 0x00000000eda00000, 0x00000000eda00000| Complete 
| 219|0x00000000edb00000, 0x00000000edc00000, 0x00000000edc00000|100%| E|CS|TAMS 0x00000000edb00000, 0x00000000edb00000| Complete 
| 220|0x00000000edc00000, 0x00000000edd00000, 0x00000000edd00000|100%| E|CS|TAMS 0x00000000edc00000, 0x00000000edc00000| Complete 
| 221|0x00000000edd00000, 0x00000000ede00000, 0x00000000ede00000|100%| E|CS|TAMS 0x00000000edd00000, 0x00000000edd00000| Complete 
| 222|0x00000000ede00000, 0x00000000edf00000, 0x00000000edf00000|100%| E|CS|TAMS 0x00000000ede00000, 0x00000000ede00000| Complete 
| 223|0x00000000edf00000, 0x00000000ee000000, 0x00000000ee000000|100%| E|CS|TAMS 0x00000000edf00000, 0x00000000edf00000| Complete 
| 224|0x00000000ee000000, 0x00000000ee100000, 0x00000000ee100000|100%| E|CS|TAMS 0x00000000ee000000, 0x00000000ee000000| Complete 
| 225|0x00000000ee100000, 0x00000000ee200000, 0x00000000ee200000|100%| E|CS|TAMS 0x00000000ee100000, 0x00000000ee100000| Complete 
| 226|0x00000000ee200000, 0x00000000ee300000, 0x00000000ee300000|100%| E|CS|TAMS 0x00000000ee200000, 0x00000000ee200000| Complete 
| 227|0x00000000ee300000, 0x00000000ee400000, 0x00000000ee400000|100%| E|CS|TAMS 0x00000000ee300000, 0x00000000ee300000| Complete 
| 228|0x00000000ee400000, 0x00000000ee500000, 0x00000000ee500000|100%| E|CS|TAMS 0x00000000ee400000, 0x00000000ee400000| Complete 
| 229|0x00000000ee500000, 0x00000000ee600000, 0x00000000ee600000|100%| E|CS|TAMS 0x00000000ee500000, 0x00000000ee500000| Complete 
| 230|0x00000000ee600000, 0x00000000ee700000, 0x00000000ee700000|100%| E|CS|TAMS 0x00000000ee600000, 0x00000000ee600000| Complete 
| 231|0x00000000ee700000, 0x00000000ee800000, 0x00000000ee800000|100%| E|CS|TAMS 0x00000000ee700000, 0x00000000ee700000| Complete 
| 232|0x00000000ee800000, 0x00000000ee900000, 0x00000000ee900000|100%| E|CS|TAMS 0x00000000ee800000, 0x00000000ee800000| Complete 
| 233|0x00000000ee900000, 0x00000000eea00000, 0x00000000eea00000|100%| E|CS|TAMS 0x00000000ee900000, 0x00000000ee900000| Complete 
| 234|0x00000000eea00000, 0x00000000eeb00000, 0x00000000eeb00000|100%| E|CS|TAMS 0x00000000eea00000, 0x00000000eea00000| Complete 
| 235|0x00000000eeb00000, 0x00000000eec00000, 0x00000000eec00000|100%| E|CS|TAMS 0x00000000eeb00000, 0x00000000eeb00000| Complete 
| 236|0x00000000eec00000, 0x00000000eed00000, 0x00000000eed00000|100%| E|CS|TAMS 0x00000000eec00000, 0x00000000eec00000| Complete 
| 237|0x00000000eed00000, 0x00000000eee00000, 0x00000000eee00000|100%| E|CS|TAMS 0x00000000eed00000, 0x00000000eed00000| Complete 
| 238|0x00000000eee00000, 0x00000000eef00000, 0x00000000eef00000|100%| E|CS|TAMS 0x00000000eee00000, 0x00000000eee00000| Complete 
| 239|0x00000000eef00000, 0x00000000ef000000, 0x00000000ef000000|100%| E|CS|TAMS 0x00000000eef00000, 0x00000000eef00000| Complete 
| 240|0x00000000ef000000, 0x00000000ef100000, 0x00000000ef100000|100%| E|CS|TAMS 0x00000000ef000000, 0x00000000ef000000| Complete 
| 241|0x00000000ef100000, 0x00000000ef200000, 0x00000000ef200000|100%| E|CS|TAMS 0x00000000ef100000, 0x00000000ef100000| Complete 
| 242|0x00000000ef200000, 0x00000000ef300000, 0x00000000ef300000|100%| E|CS|TAMS 0x00000000ef200000, 0x00000000ef200000| Complete 
| 243|0x00000000ef300000, 0x00000000ef400000, 0x00000000ef400000|100%| E|CS|TAMS 0x00000000ef300000, 0x00000000ef300000| Complete 
| 244|0x00000000ef400000, 0x00000000ef500000, 0x00000000ef500000|100%| E|CS|TAMS 0x00000000ef400000, 0x00000000ef400000| Complete 
| 245|0x00000000ef500000, 0x00000000ef600000, 0x00000000ef600000|100%| E|CS|TAMS 0x00000000ef500000, 0x00000000ef500000| Complete 
| 246|0x00000000ef600000, 0x00000000ef700000, 0x00000000ef700000|100%| E|CS|TAMS 0x00000000ef600000, 0x00000000ef600000| Complete 
| 247|0x00000000ef700000, 0x00000000ef800000, 0x00000000ef800000|100%| E|CS|TAMS 0x00000000ef700000, 0x00000000ef700000| Complete 
| 248|0x00000000ef800000, 0x00000000ef8e7860, 0x00000000ef900000| 90%| S|CS|TAMS 0x00000000ef800000, 0x00000000ef800000| Complete 
| 249|0x00000000ef900000, 0x00000000efa00000, 0x00000000efa00000|100%| S|CS|TAMS 0x00000000ef900000, 0x00000000ef900000| Complete 
| 250|0x00000000efa00000, 0x00000000efb00000, 0x00000000efb00000|100%| S|CS|TAMS 0x00000000efa00000, 0x00000000efa00000| Complete 
| 251|0x00000000efb00000, 0x00000000efc00000, 0x00000000efc00000|100%| S|CS|TAMS 0x00000000efb00000, 0x00000000efb00000| Complete 
| 252|0x00000000efc00000, 0x00000000efd00000, 0x00000000efd00000|100%| S|CS|TAMS 0x00000000efc00000, 0x00000000efc00000| Complete 
| 253|0x00000000efd00000, 0x00000000efe00000, 0x00000000efe00000|100%| E|CS|TAMS 0x00000000efd00000, 0x00000000efd00000| Complete 
| 254|0x00000000efe00000, 0x00000000eff00000, 0x00000000eff00000|100%| E|CS|TAMS 0x00000000efe00000, 0x00000000efe00000| Complete 
| 255|0x00000000eff00000, 0x00000000f0000000, 0x00000000f0000000|100%| E|CS|TAMS 0x00000000eff00000, 0x00000000eff00000| Complete 

Card table byte_map: [0x0000011973760000,0x0000011973860000] _byte_map_base: 0x0000011973060000

Marking Bits (Prev, Next): (CMBitMap*) 0x000001195a6d8bd0, (CMBitMap*) 0x000001195a6d8b98
 Prev Bits: [0x0000011974160000, 0x0000011974960000)
 Next Bits: [0x0000011973960000, 0x0000011974160000)

Polling page: 0x000001195a790000

Metaspace:

Usage:
  Non-class:     55.30 MB capacity,    54.25 MB ( 98%) used,   932.74 KB (  2%) free+waste,   135.50 KB ( <1%) overhead. 
      Class:      8.65 MB capacity,     7.98 MB ( 92%) used,   622.09 KB (  7%) free+waste,    65.00 KB ( <1%) overhead. 
       Both:     63.95 MB capacity,    62.23 MB ( 97%) used,     1.52 MB (  2%) free+waste,   200.50 KB ( <1%) overhead. 

Virtual space:
  Non-class space:       56.00 MB reserved,      55.50 MB (>99%) committed 
      Class space:      248.00 MB reserved,       8.75 MB (  4%) committed 
             Both:      304.00 MB reserved,      64.25 MB ( 21%) committed 

Chunk freelists:
   Non-Class:  2.00 KB
       Class:  1.00 KB
        Both:  3.00 KB

CodeHeap 'non-profiled nmethods': size=120064Kb used=3700Kb max_used=3700Kb free=116363Kb
 bounds [0x000001196bd20000, 0x000001196c0c0000, 0x0000011973260000]
CodeHeap 'profiled nmethods': size=120000Kb used=13140Kb max_used=13140Kb free=106859Kb
 bounds [0x00000119647f0000, 0x00000119654d0000, 0x000001196bd20000]
CodeHeap 'non-nmethods': size=5696Kb used=2256Kb max_used=2306Kb free=3439Kb
 bounds [0x0000011964260000, 0x00000119644d0000, 0x00000119647f0000]
 total_blobs=8331 nmethods=5806 adapters=754
 compilation: enabled
              stopped_count=0, restarted_count=0
 full_count=0

Compilation events (10 events):
Event: 136.073 Thread 0x0000011977709000 nmethod 6019 0x00000119654c0390 code [0x00000119654c0600, 0x00000119654c15e0]
Event: 136.078 Thread 0x0000011977709000 6020   !   3       org.gradle.internal.event.AbstractBroadcastDispatch::dispatch (191 bytes)
Event: 136.080 Thread 0x0000011977709000 nmethod 6020 0x00000119654c1c90 code [0x00000119654c2020, 0x00000119654c3c80]
Event: 136.086 Thread 0x0000011976d62800 6021       4       org.codehaus.groovy.util.FastArray::add (71 bytes)
Event: 136.093 Thread 0x0000011977709000 6023       3       com.sun.beans.WeakCache::get (42 bytes)
Event: 136.093 Thread 0x0000011977709000 nmethod 6023 0x00000119654c4390 code [0x00000119654c4580, 0x00000119654c4ab0]
Event: 136.094 Thread 0x0000011977709000 6024       3       sun.reflect.generics.reflectiveObjects.TypeVariableImpl::equals (67 bytes)
Event: 136.095 Thread 0x0000011977709000 nmethod 6024 0x00000119654c4c10 code [0x00000119654c4e40, 0x00000119654c5800]
Event: 136.095 Thread 0x0000011976d62800 nmethod 6021 0x000001196c0bca90 code [0x000001196c0bcc40, 0x000001196c0bd158]
Event: 136.095 Thread 0x0000011976d62800 6022       4       groovy.lang.MetaClassImpl::inheritInterfaceNewMetaMethods (199 bytes)

GC Heap History (10 events):
Event: 94.748 GC heap before
{Heap before GC invocations=10 (full 0):
 garbage-first heap   total 262144K, used 66885K [0x00000000e0000000, 0x0000000100000000)
  region size 1024K, 45 young (46080K), 2 survivors (2048K)
 Metaspace       used 38520K, capacity 39271K, committed 39552K, reserved 288768K
  class space    used 4887K, capacity 5187K, committed 5248K, reserved 253952K
}
Event: 94.784 GC heap after
{Heap after GC invocations=11 (full 0):
 garbage-first heap   total 262144K, used 26242K [0x00000000e0000000, 0x0000000100000000)
  region size 1024K, 5 young (5120K), 5 survivors (5120K)
 Metaspace       used 38520K, capacity 39271K, committed 39552K, reserved 288768K
  class space    used 4887K, capacity 5187K, committed 5248K, reserved 253952K
}
Event: 101.106 GC heap before
{Heap before GC invocations=11 (full 0):
 garbage-first heap   total 262144K, used 79490K [0x00000000e0000000, 0x0000000100000000)
  region size 1024K, 56 young (57344K), 5 survivors (5120K)
 Metaspace       used 42093K, capacity 43038K, committed 43136K, reserved 292864K
  class space    used 5358K, capacity 5717K, committed 5760K, reserved 253952K
}
Event: 101.144 GC heap after
{Heap after GC invocations=12 (full 0):
 garbage-first heap   total 262144K, used 34102K [0x00000000e0000000, 0x0000000100000000)
  region size 1024K, 7 young (7168K), 7 survivors (7168K)
 Metaspace       used 42093K, capacity 43038K, committed 43136K, reserved 292864K
  class space    used 5358K, capacity 5717K, committed 5760K, reserved 253952K
}
Event: 108.082 GC heap before
{Heap before GC invocations=12 (full 0):
 garbage-first heap   total 262144K, used 90422K [0x00000000e0000000, 0x0000000100000000)
  region size 1024K, 63 young (64512K), 7 survivors (7168K)
 Metaspace       used 51298K, capacity 52525K, committed 52864K, reserved 301056K
  class space    used 6445K, capacity 6915K, committed 7040K, reserved 253952K
}
Event: 108.126 GC heap after
{Heap after GC invocations=13 (full 0):
 garbage-first heap   total 262144K, used 41653K [0x00000000e0000000, 0x0000000100000000)
  region size 1024K, 7 young (7168K), 7 survivors (7168K)
 Metaspace       used 51298K, capacity 52525K, committed 52864K, reserved 301056K
  class space    used 6445K, capacity 6915K, committed 7040K, reserved 253952K
}
Event: 113.674 GC heap before
{Heap before GC invocations=13 (full 0):
 garbage-first heap   total 262144K, used 108213K [0x00000000e0000000, 0x0000000100000000)
  region size 1024K, 72 young (73728K), 7 survivors (7168K)
 Metaspace       used 58260K, capacity 59755K, committed 60032K, reserved 307200K
  class space    used 7378K, capacity 7960K, committed 8064K, reserved 253952K
}
Event: 113.707 GC heap after
{Heap after GC invocations=14 (full 0):
 garbage-first heap   total 262144K, used 43995K [0x00000000e0000000, 0x0000000100000000)
  region size 1024K, 5 young (5120K), 5 survivors (5120K)
 Metaspace       used 58260K, capacity 59755K, committed 60032K, reserved 307200K
  class space    used 7378K, capacity 7960K, committed 8064K, reserved 253952K
}
Event: 113.819 GC heap before
{Heap before GC invocations=14 (full 0):
 garbage-first heap   total 262144K, used 46043K [0x00000000e0000000, 0x0000000100000000)
  region size 1024K, 8 young (8192K), 5 survivors (5120K)
 Metaspace       used 58554K, capacity 60043K, committed 60160K, reserved 307200K
  class space    used 7416K, capacity 7992K, committed 8064K, reserved 253952K
}
Event: 113.834 GC heap after
{Heap after GC invocations=15 (full 0):
 garbage-first heap   total 262144K, used 43934K [0x00000000e0000000, 0x0000000100000000)
  region size 1024K, 5 young (5120K), 5 survivors (5120K)
 Metaspace       used 58554K, capacity 60043K, committed 60160K, reserved 307200K
  class space    used 7416K, capacity 7992K, committed 8064K, reserved 253952K
}

Deoptimization events (10 events):
Event: 121.479 Thread 0x000001197893b800 Uncommon trap: reason=unstable_if action=reinterpret pc=0x000001196bec3630 method=groovy.lang.MetaClassImpl.checkIfStdMethod(Lgroovy/lang/MetaMethod;)V @ 55 c2
Event: 121.479 Thread 0x000001197893b800 Uncommon trap: reason=unstable_if action=reinterpret pc=0x000001196bf6b15c method=org.codehaus.groovy.runtime.metaclass.MetaMethodIndex.copyNonPrivateNonNewMetaMethods(Lorg/codehaus/groovy/runtime/metaclass/MetaMethodIndex$Entry;Lorg/codehaus/groovy/runti
Event: 121.481 Thread 0x000001197893b800 Uncommon trap: reason=unstable_if action=reinterpret pc=0x000001196be795b0 method=groovy.lang.MetaClassImpl$1MOPIter.methodNameAction(Ljava/lang/Class;Lorg/codehaus/groovy/runtime/metaclass/MetaMethodIndex$Entry;)V @ 182 c2
Event: 123.342 Thread 0x000001197893b800 Uncommon trap: reason=bimorphic_or_optimized_type_check action=maybe_recompile pc=0x000001196c05f60c method=org.codehaus.groovy.util.SingleKeyHashMap.get(Ljava/lang/Object;)Ljava/lang/Object; @ 43 c2
Event: 123.348 Thread 0x000001197893b800 Uncommon trap: reason=bimorphic_or_optimized_type_check action=maybe_recompile pc=0x000001196c05f60c method=org.codehaus.groovy.util.SingleKeyHashMap.get(Ljava/lang/Object;)Ljava/lang/Object; @ 43 c2
Event: 123.847 Thread 0x000001197893b800 Uncommon trap: reason=unstable_if action=reinterpret pc=0x000001196be70400 method=org.codehaus.groovy.runtime.metaclass.MetaMethodIndex.addMethodToList(Ljava/lang/Object;Lgroovy/lang/MetaMethod;)Ljava/lang/Object; @ 256 c2
Event: 125.177 Thread 0x000001197893b800 Uncommon trap: reason=unstable_if action=reinterpret pc=0x000001196bf9a9b0 method=java.util.HashMap.putVal(ILjava/lang/Object;Ljava/lang/Object;ZZ)Ljava/lang/Object; @ 109 c2
Event: 125.177 Thread 0x000001197893b800 Uncommon trap: reason=unstable_if action=reinterpret pc=0x000001196beb7064 method=java.util.HashMap.putVal(ILjava/lang/Object;Ljava/lang/Object;ZZ)Ljava/lang/Object; @ 109 c2
Event: 125.177 Thread 0x000001197893b800 Uncommon trap: reason=unstable_if action=reinterpret pc=0x000001196bd7cdb8 method=java.util.HashMap.resize()[Ljava/util/HashMap$Node; @ 203 c2
Event: 136.068 Thread 0x000001197893b800 Uncommon trap: reason=unstable_if action=reinterpret pc=0x000001196be69654 method=java.io.BufferedReader.readLine(Z)Ljava/lang/String; @ 160 c2

Classes redefined (0 events):
No events

Internal exceptions (10 events):
Event: 125.875 Thread 0x000001197893b800 Exception <a 'java/lang/ClassNotFoundException'{0x00000000eb9a9380}: org/gradle/api/internal/artifacts/configurations/DefaultConfigurationContainer_DecoratedCustomizer> (0x00000000eb9a9380) thrown at [t:/workspace/open/src/hotspot/share/classfile/systemDi
Event: 136.071 Thread 0x000001197893b800 Exception <a 'java/lang/ClassNotFoundException'{0x00000000eb8582b0}: java/lang/ExceptionBeanInfo> (0x00000000eb8582b0) thrown at [t:/workspace/open/src/hotspot/share/classfile/systemDictionary.cpp, line 231]
Event: 136.071 Thread 0x000001197893b800 Exception <a 'java/lang/ClassNotFoundException'{0x00000000eb85d200}: java/lang/ThrowableBeanInfo> (0x00000000eb85d200) thrown at [t:/workspace/open/src/hotspot/share/classfile/systemDictionary.cpp, line 231]
Event: 136.072 Thread 0x000001197893b800 Exception <a 'java/lang/ClassNotFoundException'{0x00000000eb862120}: java/lang/ThrowableCustomizer> (0x00000000eb862120) thrown at [t:/workspace/open/src/hotspot/share/classfile/systemDictionary.cpp, line 231]
Event: 136.073 Thread 0x000001197893b800 Exception <a 'java/lang/ClassNotFoundException'{0x00000000eb86f338}: java/lang/ExceptionCustomizer> (0x00000000eb86f338) thrown at [t:/workspace/open/src/hotspot/share/classfile/systemDictionary.cpp, line 231]
Event: 136.074 Thread 0x000001197893b800 Exception <a 'java/lang/reflect/InvocationTargetException'{0x00000000eb8776b8}> (0x00000000eb8776b8) thrown at [t:/workspace/open/src/hotspot/share/runtime/reflection.cpp, line 1242]
Event: 136.090 Thread 0x000001197893b800 Exception <a 'java/lang/ClassNotFoundException'{0x00000000eb604ba0}: org/gradle/api/internal/plugins/DefaultPluginContainerBeanInfo> (0x00000000eb604ba0) thrown at [t:/workspace/open/src/hotspot/share/classfile/systemDictionary.cpp, line 231]
Event: 136.090 Thread 0x000001197893b800 Exception <a 'java/lang/ClassNotFoundException'{0x00000000eb615b90}: org/gradle/api/internal/plugins/DefaultPluginCollectionBeanInfo> (0x00000000eb615b90) thrown at [t:/workspace/open/src/hotspot/share/classfile/systemDictionary.cpp, line 231]
Event: 136.092 Thread 0x000001197893b800 Exception <a 'java/lang/ClassNotFoundException'{0x00000000eb626680}: org/gradle/api/internal/plugins/DefaultPluginCollectionCustomizer> (0x00000000eb626680) thrown at [t:/workspace/open/src/hotspot/share/classfile/systemDictionary.cpp, line 231]
Event: 136.096 Thread 0x000001197893b800 Exception <a 'java/lang/ClassNotFoundException'{0x00000000eb65f048}: org/gradle/api/internal/plugins/DefaultPluginContainerCustomizer> (0x00000000eb65f048) thrown at [t:/workspace/open/src/hotspot/share/classfile/systemDictionary.cpp, line 231]

Events (10 events):
Event: 136.092 loading class org/gradle/api/internal/plugins/DefaultPluginCollectionCustomizer
Event: 136.092 loading class org/gradle/api/internal/plugins/DefaultPluginCollectionCustomizer done
Event: 136.095 loading class org/gradle/api/internal/plugins/DefaultPluginContainerCustomizer
Event: 136.095 loading class org/gradle/api/internal/plugins/DefaultPluginContainerCustomizer done
Event: 136.095 loading class org/gradle/api/internal/plugins/DefaultPluginContainerCustomizer
Event: 136.095 loading class org/gradle/api/internal/plugins/DefaultPluginContainerCustomizer done
Event: 136.096 loading class org/gradle/api/internal/plugins/DefaultPluginContainerCustomizer
Event: 136.096 loading class org/gradle/api/internal/plugins/DefaultPluginContainerCustomizer done
Event: 136.105 loading class groovy/runtime/metaclass/react_7f12kncau0o6cnxywp7c52jrt$_run_closure4$_closure6MetaClass
Event: 136.105 loading class groovy/runtime/metaclass/react_7f12kncau0o6cnxywp7c52jrt$_run_closure4$_closure6MetaClass done


Dynamic libraries:
0x00007ff677420000 - 0x00007ff677467000 	C:\Program Files\Java\jdk-11.0.6\bin\java.exe
0x00007ffe24c00000 - 0x00007ffe24df0000 	C:\Windows\SYSTEM32\ntdll.dll
0x00007ffe23b90000 - 0x00007ffe23c42000 	C:\Windows\System32\KERNEL32.DLL
0x00007ffe22930000 - 0x00007ffe22bd5000 	C:\Windows\System32\KERNELBASE.dll
0x00007ffe22fd0000 - 0x00007ffe23073000 	C:\Windows\System32\ADVAPI32.dll
0x00007ffe237c0000 - 0x00007ffe2385e000 	C:\Windows\System32\msvcrt.dll
0x00007ffe23720000 - 0x00007ffe237b7000 	C:\Windows\System32\sechost.dll
0x00007ffe23a70000 - 0x00007ffe23b90000 	C:\Windows\System32\RPCRT4.dll
0x00007ffe23570000 - 0x00007ffe23704000 	C:\Windows\System32\USER32.dll
0x00007ffe22690000 - 0x00007ffe226b1000 	C:\Windows\System32\win32u.dll
0x00007ffe243b0000 - 0x00007ffe243d6000 	C:\Windows\System32\GDI32.dll
0x00007ffe226c0000 - 0x00007ffe22856000 	C:\Windows\System32\gdi32full.dll
0x00007ffe22890000 - 0x00007ffe2292e000 	C:\Windows\System32\msvcp_win.dll
0x00007ffe21b70000 - 0x00007ffe21c6a000 	C:\Windows\System32\ucrtbase.dll
0x00007ffe14130000 - 0x00007ffe143b4000 	C:\Windows\WinSxS\amd64_microsoft.windows.common-controls_6595b64144ccf1df_6.0.18362.1256_none_9e7e379be45e40e2\COMCTL32.dll
0x00007ffe23d80000 - 0x00007ffe240b6000 	C:\Windows\System32\combase.dll
0x00007ffe21d20000 - 0x00007ffe21da1000 	C:\Windows\System32\bcryptPrimitives.dll
0x00007ffe1a1e0000 - 0x00007ffe1a1ea000 	C:\Windows\SYSTEM32\VERSION.dll
0x00007ffe23860000 - 0x00007ffe2388e000 	C:\Windows\System32\IMM32.DLL
0x00007ffe1c010000 - 0x00007ffe1c026000 	C:\Program Files\Java\jdk-11.0.6\bin\vcruntime140.dll
0x00007ffe0c080000 - 0x00007ffe0c12a000 	C:\Program Files\Java\jdk-11.0.6\bin\msvcp140.dll
0x00007ffdde020000 - 0x00007ffddeb49000 	C:\Program Files\Java\jdk-11.0.6\bin\server\jvm.dll
0x00007ffe22fc0000 - 0x00007ffe22fc8000 	C:\Windows\System32\PSAPI.DLL
0x00007ffe1b7d0000 - 0x00007ffe1b7d9000 	C:\Windows\SYSTEM32\WSOCK32.dll
0x00007ffe23890000 - 0x00007ffe238ff000 	C:\Windows\System32\WS2_32.dll
0x00007ffe1fbc0000 - 0x00007ffe1fbe4000 	C:\Windows\SYSTEM32\WINMM.dll
0x00007ffe1fb90000 - 0x00007ffe1fbbd000 	C:\Windows\SYSTEM32\WINMMBASE.dll
0x00007ffe22c40000 - 0x00007ffe22c8a000 	C:\Windows\System32\cfgmgr32.dll
0x00007ffe21ab0000 - 0x00007ffe21ac1000 	C:\Windows\System32\kernel.appcore.dll
0x00007ffe1b740000 - 0x00007ffe1b751000 	C:\Program Files\Java\jdk-11.0.6\bin\verify.dll
0x00007ffe0dca0000 - 0x00007ffe0de94000 	C:\Windows\SYSTEM32\DBGHELP.DLL
0x00007ffe0dc70000 - 0x00007ffe0dc9a000 	C:\Windows\SYSTEM32\dbgcore.DLL
0x00007ffe12ce0000 - 0x00007ffe12d09000 	C:\Program Files\Java\jdk-11.0.6\bin\java.dll
0x00007ffe14c40000 - 0x00007ffe14c56000 	C:\Program Files\Java\jdk-11.0.6\bin\zip.dll
0x00007ffe1ac00000 - 0x00007ffe1ac0a000 	C:\Program Files\Java\jdk-11.0.6\bin\jimage.dll
0x00007ffe24450000 - 0x00007ffe24b37000 	C:\Windows\System32\SHELL32.dll
0x00007ffe22cb0000 - 0x00007ffe22d59000 	C:\Windows\System32\shcore.dll
0x00007ffe21f00000 - 0x00007ffe22681000 	C:\Windows\System32\windows.storage.dll
0x00007ffe21b20000 - 0x00007ffe21b43000 	C:\Windows\System32\profapi.dll
0x00007ffe21ad0000 - 0x00007ffe21b1a000 	C:\Windows\System32\powrprof.dll
0x00007ffe21aa0000 - 0x00007ffe21ab0000 	C:\Windows\System32\UMPDC.dll
0x00007ffe23080000 - 0x00007ffe230d2000 	C:\Windows\System32\shlwapi.dll
0x00007ffe22c90000 - 0x00007ffe22ca7000 	C:\Windows\System32\cryptsp.dll
0x00007ffe14080000 - 0x00007ffe14099000 	C:\Program Files\Java\jdk-11.0.6\bin\net.dll
0x00007ffe15f70000 - 0x00007ffe16060000 	C:\Windows\SYSTEM32\WINHTTP.dll
0x00007ffe21290000 - 0x00007ffe212f7000 	C:\Windows\system32\mswsock.dll
0x00007ffe13a80000 - 0x00007ffe13a93000 	C:\Program Files\Java\jdk-11.0.6\bin\nio.dll
0x00007ffe0bb40000 - 0x00007ffe0bb66000 	C:\Users\Lenovo\.gradle\native\30\windows-amd64\native-platform.dll
0x00007ffe14de0000 - 0x00007ffe14de9000 	C:\Program Files\Java\jdk-11.0.6\bin\management.dll
0x00007ffe14c60000 - 0x00007ffe14c6c000 	C:\Program Files\Java\jdk-11.0.6\bin\management_ext.dll
0x00007ffe20e00000 - 0x00007ffe20e33000 	C:\Windows\system32\rsaenh.dll
0x00007ffe22860000 - 0x00007ffe22886000 	C:\Windows\System32\bcrypt.dll
0x00007ffe219c0000 - 0x00007ffe219e5000 	C:\Windows\SYSTEM32\USERENV.dll
0x00007ffe21460000 - 0x00007ffe2146c000 	C:\Windows\SYSTEM32\CRYPTBASE.dll
0x00007ffe20fa0000 - 0x00007ffe20fda000 	C:\Windows\SYSTEM32\IPHLPAPI.DLL
0x00007ffe23710000 - 0x00007ffe23718000 	C:\Windows\System32\NSI.dll
0x00007ffe160c0000 - 0x00007ffe160d6000 	C:\Windows\SYSTEM32\dhcpcsvc6.DLL
0x00007ffe16450000 - 0x00007ffe1646c000 	C:\Windows\SYSTEM32\dhcpcsvc.DLL
0x00007ffe20fe0000 - 0x00007ffe210ab000 	C:\Windows\SYSTEM32\DNSAPI.dll

dbghelp: loaded successfully - version: 4.0.5 - missing functions: none
symbol engine: initialized successfully - sym options: 0x614 - pdb path: .;C:\Program Files\Java\jdk-11.0.6\bin;C:\Windows\SYSTEM32;C:\Windows\WinSxS\amd64_microsoft.windows.common-controls_6595b64144ccf1df_6.0.18362.1256_none_9e7e379be45e40e2;C:\Program Files\Java\jdk-11.0.6\bin\server;C:\Users\Lenovo\.gradle\native\30\windows-amd64

VM Arguments:
jvm_args: --add-opens=java.base/java.util=ALL-UNNAMED --add-opens=java.base/java.lang=ALL-UNNAMED --add-opens=java.base/java.lang.invoke=ALL-UNNAMED --add-opens=java.prefs/java.util.prefs=ALL-UNNAMED -XX:MaxMetaspaceSize=256m -XX:+HeapDumpOnOutOfMemoryError -Xms256m -Xmx512m -Dfile.encoding=windows-1252 -Duser.country=US -Duser.language=en -Duser.variant 
java_command: org.gradle.launcher.daemon.bootstrap.GradleDaemon 6.0.1
java_class_path (initial): C:\Users\Lenovo\.gradle\wrapper\dists\gradle-6.0.1-all\99d3u8wxs16ndehh90lbbir67\gradle-6.0.1\lib\gradle-launcher-6.0.1.jar
Launcher Type: SUN_STANDARD

[Global flags]
     intx CICompilerCount                          = 2                                         {product} {ergonomic}
   size_t CompressedClassSpaceSize                 = 260046848                                 {product} {ergonomic}
     uint ConcGCThreads                            = 1                                         {product} {ergonomic}
     uint G1ConcRefinementThreads                  = 2                                         {product} {ergonomic}
   size_t G1HeapRegionSize                         = 1048576                                   {product} {ergonomic}
    uintx GCDrainStackTargetSize                   = 64                                        {product} {ergonomic}
     bool HeapDumpOnOutOfMemoryError               = true                                   {manageable} {command line}
   size_t InitialHeapSize                          = 268435456                                 {product} {command line}
   size_t MarkStackSize                            = 4194304                                   {product} {ergonomic}
   size_t MaxHeapSize                              = 536870912                                 {product} {command line}
   size_t MaxMetaspaceSize                         = 268435456                                 {product} {command line}
   size_t MaxNewSize                               = 321912832                                 {product} {ergonomic}
   size_t MinHeapDeltaBytes                        = 1048576                                   {product} {ergonomic}
    uintx NonNMethodCodeHeapSize                   = 5825164                                {pd product} {ergonomic}
    uintx NonProfiledCodeHeapSize                  = 122916538                              {pd product} {ergonomic}
    uintx ProfiledCodeHeapSize                     = 122916538                              {pd product} {ergonomic}
    uintx ReservedCodeCacheSize                    = 251658240                              {pd product} {ergonomic}
     bool SegmentedCodeCache                       = true                                      {product} {ergonomic}
     bool UseCompressedClassPointers               = true                                 {lp64_product} {ergonomic}
     bool UseCompressedOops                        = true                                 {lp64_product} {ergonomic}
     bool UseG1GC                                  = true                                      {product} {ergonomic}
     bool UseLargePagesIndividualAllocation        = false                                  {pd product} {ergonomic}

Logging:
Log output configuration:
 #0: stdout all=warning uptime,level,tags
 #1: stderr all=off uptime,level,tags

Environment Variables:
JAVA_HOME=C:\Program Files\Java\jdk-11.0.6
CLASSPATH=F:\react native\app__copy\app_redux\android\\gradle\wrapper\gradle-wrapper.jar
PATH=F:\react native\app__copy\app_redux\android\node_modules\.bin;F:\react native\app__copy\app_redux\node_modules\.bin;F:\react native\app__copy\node_modules\.bin;F:\react native\node_modules\.bin;F:\node_modules\.bin;C:\Program Files\nodejs;F:\react native\app__copy\app_redux\node_modules\.bin;C:\Windows\system32;C:\Windows;C:\Windows\System32\Wbem;C:\Windows\System32\WindowsPowerShell\v1.0\;C:\Windows\System32\OpenSSH\;C:\Program Files\nodejs\;C:\Program Files (x86)\Microsoft VS Code\bin;C:\Users\Lenovo\AppData\Roaming\npm;C:\Program Files\Java\jdk-11.0.6\bin;C:\Users\Lenovo\AppData\Local\Android\Sdk\tools;C:\Program Files (x86)\Microsoft VS Code\bin;C:\Users\Lenovo\AppData\Local\Android\Sdk\platform-tools;
USERNAME=Lenovo
OS=Windows_NT
PROCESSOR_IDENTIFIER=AMD64 Family 21 Model 112 Stepping 0, AuthenticAMD



---------------  S Y S T E M  ---------------

OS: Windows 10 , 64 bit Build 18362 (10.0.18362.1110)

CPU:total 2 (initial active 2) (2 cores per cpu, 1 threads per core) family 21 model 112 stepping 0, cmov, cx8, fxsr, mmx, sse, sse2, sse3, ssse3, sse4.1, sse4.2, popcnt, avx, avx2, aes, clmul, mmxext, 3dnowpref, lzcnt, sse4a, tsc, tscinvbit, tscinv, bmi1, bmi2, fma

Memory: 4k page, system-wide physical 3471M (202M free)
TotalPageFile size 14223M (AvailPageFile size 11M)
current process WorkingSet (physical memory assigned to process): 245M, peak: 268M
current process commit charge ("private bytes"): 444M, peak: 468M

vm_info: Java HotSpot(TM) 64-Bit Server VM (11.0.6+8-LTS) for windows-amd64 JRE (11.0.6+8-LTS), built on Dec 11 2019 09:17:57 by "mach5one" with MS VC++ 15.5 (VS2017)

END.
